Added Component: Designator=C1(cap(0603))
Add component. Clean all parameters for all variants
Add component (AddParameter): Name = "Model"; Value = ""; VariantName = "[No Variations]"
Added Component: Designator=C2(cap(0603))
Add component. Clean all parameters for all variants
Add component (AddParameter): Name = "Model"; Value = ""; VariantName = "[No Variations]"
Added Component: Designator=C3(cap(0603))
Add component. Clean all parameters for all variants
Add component (AddParameter): Name = "Model"; Value = ""; VariantName = "[No Variations]"
Added Component: Designator=C4(cap(0603))
Add component. Clean all parameters for all variants
Add component (AddParameter): Name = "Model"; Value = ""; VariantName = "[No Variations]"
Added Component: Designator=C5(Capacitor 0805)
Add component. Clean all parameters for all variants
Add component (AddParameter): Name = "Model"; Value = ""; VariantName = "[No Variations]"
Added Component: Designator=C6(cap(0603))
Add component. Clean all parameters for all variants
Add component (AddParameter): Name = "Model"; Value = ""; VariantName = "[No Variations]"
Added Component: Designator=C7(Capacitor 0805)
Add component. Clean all parameters for all variants
Add component (AddParameter): Name = "Model"; Value = ""; VariantName = "[No Variations]"
Added Component: Designator=C8(cap(0603))
Add component. Clean all parameters for all variants
Add component (AddParameter): Name = "Model"; Value = ""; VariantName = "[No Variations]"
Added Component: Designator=C9(cap(0603))
Add component. Clean all parameters for all variants
Add component (AddParameter): Name = "Model"; Value = ""; VariantName = "[No Variations]"
Added Component: Designator=C10(cap(0603))
Add component. Clean all parameters for all variants
Add component (AddParameter): Name = "Model"; Value = ""; VariantName = "[No Variations]"
Added Component: Designator=C11(cap(0603))
Add component. Clean all parameters for all variants
Add component (AddParameter): Name = "Model"; Value = ""; VariantName = "[No Variations]"
Added Component: Designator=C12(cap(0603))
Add component. Clean all parameters for all variants
Add component (AddParameter): Name = "Model"; Value = ""; VariantName = "[No Variations]"
Added Component: Designator=C13(cap(0603))
Add component. Clean all parameters for all variants
Add component (AddParameter): Name = "Model"; Value = ""; VariantName = "[No Variations]"
Added Component: Designator=C14(cap(0603))
Add component. Clean all parameters for all variants
Add component (AddParameter): Name = "Model"; Value = ""; VariantName = "[No Variations]"
Added Component: Designator=C15(cap(0603))
Add component. Clean all parameters for all variants
Add component (AddParameter): Name = "Model"; Value = ""; VariantName = "[No Variations]"
Added Component: Designator=C16(cap(0603))
Add component. Clean all parameters for all variants
Add component (AddParameter): Name = "Model"; Value = ""; VariantName = "[No Variations]"
Added Component: Designator=C17(cap(0603))
Add component. Clean all parameters for all variants
Add component (AddParameter): Name = "Model"; Value = ""; VariantName = "[No Variations]"
Added Component: Designator=C18(cap(0603))
Add component. Clean all parameters for all variants
Add component (AddParameter): Name = "Model"; Value = ""; VariantName = "[No Variations]"
Added Component: Designator=C19(cap(0603))
Add component. Clean all parameters for all variants
Add component (AddParameter): Name = "Model"; Value = ""; VariantName = "[No Variations]"
Added Component: Designator=C20(cap(0603))
Add component. Clean all parameters for all variants
Add component (AddParameter): Name = "Model"; Value = ""; VariantName = "[No Variations]"
Added Component: Designator=C21(cap(0603))
Add component. Clean all parameters for all variants
Add component (AddParameter): Name = "Model"; Value = ""; VariantName = "[No Variations]"
Added Component: Designator=C22(cap(0603))
Add component. Clean all parameters for all variants
Add component (AddParameter): Name = "Model"; Value = ""; VariantName = "[No Variations]"
Added Component: Designator=C23(cap(0603))
Add component. Clean all parameters for all variants
Add component (AddParameter): Name = "Model"; Value = ""; VariantName = "[No Variations]"
Added Component: Designator=C24(Capacitor 0805)
Add component. Clean all parameters for all variants
Add component (AddParameter): Name = "Model"; Value = ""; VariantName = "[No Variations]"
Added Component: Designator=C25(cap(0603))
Add component. Clean all parameters for all variants
Add component (AddParameter): Name = "Model"; Value = ""; VariantName = "[No Variations]"
Added Component: Designator=C26(Capacitor 0805)
Add component. Clean all parameters for all variants
Add component (AddParameter): Name = "Model"; Value = ""; VariantName = "[No Variations]"
Added Component: Designator=C27(Capacitor 0805)
Add component. Clean all parameters for all variants
Add component (AddParameter): Name = "Model"; Value = ""; VariantName = "[No Variations]"
Added Component: Designator=C28(cap(0603))
Add component. Clean all parameters for all variants
Add component (AddParameter): Name = "Model"; Value = ""; VariantName = "[No Variations]"
Added Component: Designator=C29(Capacitor 0805)
Add component. Clean all parameters for all variants
Add component (AddParameter): Name = "Model"; Value = ""; VariantName = "[No Variations]"
Added Component: Designator=C30(Capacitor 0805)
Add component. Clean all parameters for all variants
Add component (AddParameter): Name = "Model"; Value = ""; VariantName = "[No Variations]"
Added Component: Designator=C31(cap(0603))
Add component. Clean all parameters for all variants
Add component (AddParameter): Name = "Model"; Value = ""; VariantName = "[No Variations]"
Added Component: Designator=C32(cap(0603))
Add component. Clean all parameters for all variants
Add component (AddParameter): Name = "Model"; Value = ""; VariantName = "[No Variations]"
Added Component: Designator=C33(cap(0603))
Add component. Clean all parameters for all variants
Add component (AddParameter): Name = "Model"; Value = ""; VariantName = "[No Variations]"
Added Component: Designator=C34(cap(0603))
Add component. Clean all parameters for all variants
Add component (AddParameter): Name = "Model"; Value = ""; VariantName = "[No Variations]"
Added Component: Designator=C35(cap(0603))
Add component. Clean all parameters for all variants
Add component (AddParameter): Name = "Model"; Value = ""; VariantName = "[No Variations]"
Added Component: Designator=C36(cap(0603))
Add component. Clean all parameters for all variants
Add component (AddParameter): Name = "Model"; Value = ""; VariantName = "[No Variations]"
Added Component: Designator=C37(cap(0603))
Add component. Clean all parameters for all variants
Add component (AddParameter): Name = "Model"; Value = ""; VariantName = "[No Variations]"
Added Component: Designator=C38(cap(0603))
Add component. Clean all parameters for all variants
Add component (AddParameter): Name = "Model"; Value = ""; VariantName = "[No Variations]"
Added Component: Designator=C39(cap(0603))
Add component. Clean all parameters for all variants
Add component (AddParameter): Name = "Model"; Value = ""; VariantName = "[No Variations]"
Added Component: Designator=C40(cap(0603))
Add component. Clean all parameters for all variants
Add component (AddParameter): Name = "Model"; Value = ""; VariantName = "[No Variations]"
Added Component: Designator=C41(cap(0603))
Add component. Clean all parameters for all variants
Add component (AddParameter): Name = "Model"; Value = ""; VariantName = "[No Variations]"
Added Component: Designator=C42(cap(0603))
Add component. Clean all parameters for all variants
Add component (AddParameter): Name = "Model"; Value = ""; VariantName = "[No Variations]"
Added Component: Designator=C43(cap(0603))
Add component. Clean all parameters for all variants
Add component (AddParameter): Name = "Model"; Value = ""; VariantName = "[No Variations]"
Added Component: Designator=C44(cap(0603))
Add component. Clean all parameters for all variants
Add component (AddParameter): Name = "Model"; Value = ""; VariantName = "[No Variations]"
Added Component: Designator=C45(cap(0603))
Add component. Clean all parameters for all variants
Add component (AddParameter): Name = "Model"; Value = ""; VariantName = "[No Variations]"
Added Component: Designator=C46(cap(0603))
Add component. Clean all parameters for all variants
Add component (AddParameter): Name = "Model"; Value = ""; VariantName = "[No Variations]"
Added Component: Designator=C47(cap(0603))
Add component. Clean all parameters for all variants
Add component (AddParameter): Name = "Model"; Value = ""; VariantName = "[No Variations]"
Added Component: Designator=C48(Capacitor 0805)
Add component. Clean all parameters for all variants
Add component (AddParameter): Name = "Model"; Value = ""; VariantName = "[No Variations]"
Added Component: Designator=C49(cap(0603))
Add component. Clean all parameters for all variants
Add component (AddParameter): Name = "Model"; Value = ""; VariantName = "[No Variations]"
Added Component: Designator=C50(cap(0603))
Add component. Clean all parameters for all variants
Add component (AddParameter): Name = "Model"; Value = ""; VariantName = "[No Variations]"
Added Component: Designator=C51(cap(0603))
Add component. Clean all parameters for all variants
Add component (AddParameter): Name = "Model"; Value = ""; VariantName = "[No Variations]"
Added Component: Designator=C52(cap(0603))
Add component. Clean all parameters for all variants
Add component (AddParameter): Name = "Model"; Value = ""; VariantName = "[No Variations]"
Added Component: Designator=C53(cap(0603))
Add component. Clean all parameters for all variants
Add component (AddParameter): Name = "Model"; Value = ""; VariantName = "[No Variations]"
Added Component: Designator=C54(cap(0603))
Add component. Clean all parameters for all variants
Add component (AddParameter): Name = "Model"; Value = ""; VariantName = "[No Variations]"
Added Component: Designator=C55(Capacitor 0805)
Add component. Clean all parameters for all variants
Add component (AddParameter): Name = "Model"; Value = ""; VariantName = "[No Variations]"
Added Component: Designator=C56(cap(0603))
Add component. Clean all parameters for all variants
Add component (AddParameter): Name = "Model"; Value = ""; VariantName = "[No Variations]"
Added Component: Designator=C57(cap(0603))
Add component. Clean all parameters for all variants
Add component (AddParameter): Name = "Model"; Value = ""; VariantName = "[No Variations]"
Added Component: Designator=C58(cap(0603))
Add component. Clean all parameters for all variants
Add component (AddParameter): Name = "Model"; Value = ""; VariantName = "[No Variations]"
Added Component: Designator=C59(cap(0603))
Add component. Clean all parameters for all variants
Add component (AddParameter): Name = "Model"; Value = ""; VariantName = "[No Variations]"
Added Component: Designator=C60(cap(0603))
Add component. Clean all parameters for all variants
Add component (AddParameter): Name = "Model"; Value = ""; VariantName = "[No Variations]"
Added Component: Designator=C61(cap(0603))
Add component. Clean all parameters for all variants
Add component (AddParameter): Name = "Model"; Value = ""; VariantName = "[No Variations]"
Added Component: Designator=C62(cap(0603))
Add component. Clean all parameters for all variants
Add component (AddParameter): Name = "Model"; Value = ""; VariantName = "[No Variations]"
Added Component: Designator=C63(cap(0603))
Add component. Clean all parameters for all variants
Add component (AddParameter): Name = "Model"; Value = ""; VariantName = "[No Variations]"
Added Component: Designator=D1(RN)
Add component. Clean all parameters for all variants
Added Component: Designator=D2(RN)
Add component. Clean all parameters for all variants
Added Component: Designator=D3(RN)
Add component. Clean all parameters for all variants
Added Component: Designator=D4(RN)
Add component. Clean all parameters for all variants
Added Component: Designator=D5(RN)
Add component. Clean all parameters for all variants
Added Component: Designator=D6(RN)
Add component. Clean all parameters for all variants
Added Component: Designator=D7(RN)
Add component. Clean all parameters for all variants
Added Component: Designator=D8(RN)
Add component. Clean all parameters for all variants
Added Component: Designator=D9(RN)
Add component. Clean all parameters for all variants
Added Component: Designator=D10(RN)
Add component. Clean all parameters for all variants
Added Component: Designator=D11(RN)
Add component. Clean all parameters for all variants
Added Component: Designator=D12(RN)
Add component. Clean all parameters for all variants
Added Component: Designator=D13(33pFX4)
Add component. Clean all parameters for all variants
Add component (AddParameter): Name = "Model"; Value = ""; VariantName = "[No Variations]"
Added Component: Designator=D14(33pFX4)
Add component. Clean all parameters for all variants
Add component (AddParameter): Name = "Model"; Value = ""; VariantName = "[No Variations]"
Added Component: Designator=D15(33pFX4)
Add component. Clean all parameters for all variants
Add component (AddParameter): Name = "Model"; Value = ""; VariantName = "[No Variations]"
Added Component: Designator=D16(33pFX4)
Add component. Clean all parameters for all variants
Add component (AddParameter): Name = "Model"; Value = ""; VariantName = "[No Variations]"
Added Component: Designator=D17(33pFX4)
Add component. Clean all parameters for all variants
Add component (AddParameter): Name = "Model"; Value = ""; VariantName = "[No Variations]"
Added Component: Designator=D18(33pFX4)
Add component. Clean all parameters for all variants
Add component (AddParameter): Name = "Model"; Value = ""; VariantName = "[No Variations]"
Added Component: Designator=D19(33pFX4)
Add component. Clean all parameters for all variants
Add component (AddParameter): Name = "Model"; Value = ""; VariantName = "[No Variations]"
Added Component: Designator=D20(33pFX4)
Add component. Clean all parameters for all variants
Add component (AddParameter): Name = "Model"; Value = ""; VariantName = "[No Variations]"
Added Component: Designator=D21(33pFX4)
Add component. Clean all parameters for all variants
Add component (AddParameter): Name = "Model"; Value = ""; VariantName = "[No Variations]"
Added Component: Designator=D22(33pFX4)
Add component. Clean all parameters for all variants
Add component (AddParameter): Name = "Model"; Value = ""; VariantName = "[No Variations]"
Added Component: Designator=D23(33pFX4)
Add component. Clean all parameters for all variants
Add component (AddParameter): Name = "Model"; Value = ""; VariantName = "[No Variations]"
Added Component: Designator=D24(33pFX4)
Add component. Clean all parameters for all variants
Add component (AddParameter): Name = "Model"; Value = ""; VariantName = "[No Variations]"
Added Component: Designator=D25(M51953A)
Add component. Clean all parameters for all variants
Added Component: Designator=D26(24LC32)
Add component. Clean all parameters for all variants
Added Component: Designator=D27(Inverter)
Add component. Clean all parameters for all variants
Added Component: Designator=D28(Conjuncture)
Add component. Clean all parameters for all variants
Added Component: Designator=D29(RN)
Add component. Clean all parameters for all variants
Added Component: Designator=D30(MTV312M64)
Add component. Clean all parameters for all variants
Added Component: Designator=D31(RN)
Add component. Clean all parameters for all variants
Added Component: Designator=D32(RN)
Add component. Clean all parameters for all variants
Added Component: Designator=D33(RN)
Add component. Clean all parameters for all variants
Added Component: Designator=D34(24LC32)
Add component. Clean all parameters for all variants
Added Component: Designator=DD1(GMZAN1)
Add component. Clean all parameters for all variants
Added Component: Designator=LL1(dros)
Add component. Clean all parameters for all variants
Added Component: Designator=LL2(dros)
Add component. Clean all parameters for all variants
Added Component: Designator=LL3(dros)
Add component. Clean all parameters for all variants
Added Component: Designator=LL4(dros)
Add component. Clean all parameters for all variants
Added Component: Designator=LL5(dros)
Add component. Clean all parameters for all variants
Added Component: Designator=LL6(dros)
Add component. Clean all parameters for all variants
Added Component: Designator=LL7(dros)
Add component. Clean all parameters for all variants
Added Component: Designator=LL8(dros)
Add component. Clean all parameters for all variants
Added Component: Designator=LL9(dros)
Add component. Clean all parameters for all variants
Added Component: Designator=LL10(dros)
Add component. Clean all parameters for all variants
Added Component: Designator=LL11(dros)
Add component. Clean all parameters for all variants
Added Component: Designator=LL12(dros)
Add component. Clean all parameters for all variants
Added Component: Designator=LL13(dros)
Add component. Clean all parameters for all variants
Added Component: Designator=LL14(dros)
Add component. Clean all parameters for all variants
Added Component: Designator=LL15(dros)
Add component. Clean all parameters for all variants
Added Component: Designator=LL16(dros)
Add component. Clean all parameters for all variants
Added Component: Designator=LL17(dros)
Add component. Clean all parameters for all variants
Added Component: Designator=LL18(dros)
Add component. Clean all parameters for all variants
Added Component: Designator=R1(Resistor 1206)
Add component. Clean all parameters for all variants
Add component (AddParameter): Name = "Model"; Value = ""; VariantName = "[No Variations]"
Added Component: Designator=R2(Resistor 1206)
Add component. Clean all parameters for all variants
Add component (AddParameter): Name = "Model"; Value = ""; VariantName = "[No Variations]"
Added Component: Designator=R3(Resistor 1206)
Add component. Clean all parameters for all variants
Add component (AddParameter): Name = "Model"; Value = ""; VariantName = "[No Variations]"
Added Component: Designator=R4(Resistor 1206)
Add component. Clean all parameters for all variants
Add component (AddParameter): Name = "Model"; Value = ""; VariantName = "[No Variations]"
Added Component: Designator=R5(Resistor 1206)
Add component. Clean all parameters for all variants
Add component (AddParameter): Name = "Model"; Value = ""; VariantName = "[No Variations]"
Added Component: Designator=R6(Resistor 1206)
Add component. Clean all parameters for all variants
Add component (AddParameter): Name = "Model"; Value = ""; VariantName = "[No Variations]"
Added Component: Designator=R7(Resistor 1206)
Add component. Clean all parameters for all variants
Add component (AddParameter): Name = "Model"; Value = ""; VariantName = "[No Variations]"
Added Component: Designator=R8(Resistor 1206)
Add component. Clean all parameters for all variants
Add component (AddParameter): Name = "Model"; Value = ""; VariantName = "[No Variations]"
Added Component: Designator=R9(Resistor 1206)
Add component. Clean all parameters for all variants
Add component (AddParameter): Name = "Model"; Value = ""; VariantName = "[No Variations]"
Added Component: Designator=R10(Resistor 1206)
Add component. Clean all parameters for all variants
Add component (AddParameter): Name = "Model"; Value = ""; VariantName = "[No Variations]"
Added Component: Designator=R11(Resistor 1206)
Add component. Clean all parameters for all variants
Add component (AddParameter): Name = "Model"; Value = ""; VariantName = "[No Variations]"
Added Component: Designator=R12(Resistor 1206)
Add component. Clean all parameters for all variants
Add component (AddParameter): Name = "Model"; Value = ""; VariantName = "[No Variations]"
Added Component: Designator=R13(Resistor 1206)
Add component. Clean all parameters for all variants
Add component (AddParameter): Name = "Model"; Value = ""; VariantName = "[No Variations]"
Added Component: Designator=R14(Resistor 1206)
Add component. Clean all parameters for all variants
Add component (AddParameter): Name = "Model"; Value = ""; VariantName = "[No Variations]"
Added Component: Designator=R15(Resistor 1206)
Add component. Clean all parameters for all variants
Add component (AddParameter): Name = "Model"; Value = ""; VariantName = "[No Variations]"
Added Component: Designator=R16(Resistor 1206)
Add component. Clean all parameters for all variants
Add component (AddParameter): Name = "Model"; Value = ""; VariantName = "[No Variations]"
Added Component: Designator=R17(Resistor 1206)
Add component. Clean all parameters for all variants
Add component (AddParameter): Name = "Model"; Value = ""; VariantName = "[No Variations]"
Added Component: Designator=R18(Resistor 1206)
Add component. Clean all parameters for all variants
Add component (AddParameter): Name = "Model"; Value = ""; VariantName = "[No Variations]"
Added Component: Designator=R19(Resistor 1206)
Add component. Clean all parameters for all variants
Add component (AddParameter): Name = "Model"; Value = ""; VariantName = "[No Variations]"
Added Component: Designator=R20(Resistor 1206)
Add component. Clean all parameters for all variants
Add component (AddParameter): Name = "Model"; Value = ""; VariantName = "[No Variations]"
Added Component: Designator=R21(Resistor 1206)
Add component. Clean all parameters for all variants
Add component (AddParameter): Name = "Model"; Value = ""; VariantName = "[No Variations]"
Added Component: Designator=R22(Resistor 1206)
Add component. Clean all parameters for all variants
Add component (AddParameter): Name = "Model"; Value = ""; VariantName = "[No Variations]"
Added Component: Designator=R23(Resistor 1206)
Add component. Clean all parameters for all variants
Add component (AddParameter): Name = "Model"; Value = ""; VariantName = "[No Variations]"
Added Component: Designator=R24(Resistor 1206)
Add component. Clean all parameters for all variants
Add component (AddParameter): Name = "Model"; Value = ""; VariantName = "[No Variations]"
Added Component: Designator=R25(Resistor 1206)
Add component. Clean all parameters for all variants
Add component (AddParameter): Name = "Model"; Value = ""; VariantName = "[No Variations]"
Added Component: Designator=R26(Resistor 1206)
Add component. Clean all parameters for all variants
Add component (AddParameter): Name = "Model"; Value = ""; VariantName = "[No Variations]"
Added Component: Designator=R27(Resistor 1206)
Add component. Clean all parameters for all variants
Add component (AddParameter): Name = "Model"; Value = ""; VariantName = "[No Variations]"
Added Component: Designator=R28(Resistor 1206)
Add component. Clean all parameters for all variants
Add component (AddParameter): Name = "Model"; Value = ""; VariantName = "[No Variations]"
Added Component: Designator=R29(Resistor 1206)
Add component. Clean all parameters for all variants
Add component (AddParameter): Name = "Model"; Value = ""; VariantName = "[No Variations]"
Added Component: Designator=R30(Resistor 1206)
Add component. Clean all parameters for all variants
Add component (AddParameter): Name = "Model"; Value = ""; VariantName = "[No Variations]"
Added Component: Designator=R31(Resistor 1206)
Add component. Clean all parameters for all variants
Add component (AddParameter): Name = "Model"; Value = ""; VariantName = "[No Variations]"
Added Component: Designator=R32(Resistor 1206)
Add component. Clean all parameters for all variants
Add component (AddParameter): Name = "Model"; Value = ""; VariantName = "[No Variations]"
Added Component: Designator=R33(Resistor 1206)
Add component. Clean all parameters for all variants
Add component (AddParameter): Name = "Model"; Value = ""; VariantName = "[No Variations]"
Added Component: Designator=R34(Resistor 1206)
Add component. Clean all parameters for all variants
Add component (AddParameter): Name = "Model"; Value = ""; VariantName = "[No Variations]"
Added Component: Designator=R35(Resistor 1206)
Add component. Clean all parameters for all variants
Add component (AddParameter): Name = "Model"; Value = ""; VariantName = "[No Variations]"
Added Component: Designator=R36(Resistor 1206)
Add component. Clean all parameters for all variants
Add component (AddParameter): Name = "Model"; Value = ""; VariantName = "[No Variations]"
Added Component: Designator=R37(Resistor 1206)
Add component. Clean all parameters for all variants
Add component (AddParameter): Name = "Model"; Value = ""; VariantName = "[No Variations]"
Added Component: Designator=R38(Resistor 1206)
Add component. Clean all parameters for all variants
Add component (AddParameter): Name = "Model"; Value = ""; VariantName = "[No Variations]"
Added Component: Designator=R39(Resistor 1206)
Add component. Clean all parameters for all variants
Add component (AddParameter): Name = "Model"; Value = ""; VariantName = "[No Variations]"
Added Component: Designator=R40(Resistor 1206)
Add component. Clean all parameters for all variants
Add component (AddParameter): Name = "Model"; Value = ""; VariantName = "[No Variations]"
Added Component: Designator=R41(Resistor 1206)
Add component. Clean all parameters for all variants
Add component (AddParameter): Name = "Model"; Value = ""; VariantName = "[No Variations]"
Added Component: Designator=R42(Resistor 1206)
Add component. Clean all parameters for all variants
Add component (AddParameter): Name = "Model"; Value = ""; VariantName = "[No Variations]"
Added Component: Designator=R43(Resistor 1206)
Add component. Clean all parameters for all variants
Add component (AddParameter): Name = "Model"; Value = ""; VariantName = "[No Variations]"
Added Component: Designator=R44(Resistor 1206)
Add component. Clean all parameters for all variants
Add component (AddParameter): Name = "Model"; Value = ""; VariantName = "[No Variations]"
Added Component: Designator=R45(Resistor 1206)
Add component. Clean all parameters for all variants
Add component (AddParameter): Name = "Model"; Value = ""; VariantName = "[No Variations]"
Added Component: Designator=R46(Resistor 1206)
Add component. Clean all parameters for all variants
Add component (AddParameter): Name = "Model"; Value = ""; VariantName = "[No Variations]"
Added Component: Designator=R47(Resistor 1206)
Add component. Clean all parameters for all variants
Add component (AddParameter): Name = "Model"; Value = ""; VariantName = "[No Variations]"
Added Component: Designator=R48(Resistor 1206)
Add component. Clean all parameters for all variants
Add component (AddParameter): Name = "Model"; Value = ""; VariantName = "[No Variations]"
Added Component: Designator=R49(Resistor 1206)
Add component. Clean all parameters for all variants
Add component (AddParameter): Name = "Model"; Value = ""; VariantName = "[No Variations]"
Added Component: Designator=R50(Resistor 1206)
Add component. Clean all parameters for all variants
Add component (AddParameter): Name = "Model"; Value = ""; VariantName = "[No Variations]"
Added Component: Designator=R51(Resistor 1206)
Add component. Clean all parameters for all variants
Add component (AddParameter): Name = "Model"; Value = ""; VariantName = "[No Variations]"
Added Component: Designator=R52(Resistor 1206)
Add component. Clean all parameters for all variants
Add component (AddParameter): Name = "Model"; Value = ""; VariantName = "[No Variations]"
Added Component: Designator=R53(Resistor 1206)
Add component. Clean all parameters for all variants
Add component (AddParameter): Name = "Model"; Value = ""; VariantName = "[No Variations]"
Added Component: Designator=R54(Resistor 1206)
Add component. Clean all parameters for all variants
Add component (AddParameter): Name = "Model"; Value = ""; VariantName = "[No Variations]"
Added Component: Designator=R55(Resistor 1206)
Add component. Clean all parameters for all variants
Add component (AddParameter): Name = "Model"; Value = ""; VariantName = "[No Variations]"
Added Component: Designator=R56(Resistor 1206)
Add component. Clean all parameters for all variants
Add component (AddParameter): Name = "Model"; Value = ""; VariantName = "[No Variations]"
Added Component: Designator=R57(Resistor 1206)
Add component. Clean all parameters for all variants
Add component (AddParameter): Name = "Model"; Value = ""; VariantName = "[No Variations]"
Added Component: Designator=R58(res(0603))
Add component. Clean all parameters for all variants
Added Component: Designator=R59(res(0603))
Add component. Clean all parameters for all variants
Added Component: Designator=R60(Resistor 1206)
Add component. Clean all parameters for all variants
Add component (AddParameter): Name = "Model"; Value = ""; VariantName = "[No Variations]"
Added Component: Designator=VD1(DAT17)
Add component. Clean all parameters for all variants
Added Component: Designator=VD2(DIODE)
Add component. Clean all parameters for all variants
Added Component: Designator=VD3(DIODE)
Add component. Clean all parameters for all variants
Added Component: Designator=VD4(Diode(shotki))
Add component. Clean all parameters for all variants
Added Component: Designator=VD5(Diode(shotki))
Add component. Clean all parameters for all variants
Added Component: Designator=VD6(DIODE)
Add component. Clean all parameters for all variants
Added Component: Designator=VD7(DIODE)
Add component. Clean all parameters for all variants
Added Component: Designator=VD8(Diode(shotki))
Add component. Clean all parameters for all variants
Added Component: Designator=VD9(DAT17)
Add component. Clean all parameters for all variants
Added Component: Designator=VD10(DAT17)
Add component. Clean all parameters for all variants
Added Component: Designator=VD11(DAT17)
Add component. Clean all parameters for all variants
Added Component: Designator=VD12(DAT17)
Add component. Clean all parameters for all variants
Added Component: Designator=VD13(DAT17)
Add component. Clean all parameters for all variants
Added Component: Designator=VD14(DAT17)
Add component. Clean all parameters for all variants
Added Component: Designator=VD15(Diode(shotki))
Add component. Clean all parameters for all variants
Added Component: Designator=VD16(DAT17)
Add component. Clean all parameters for all variants
Added Component: Designator=VD17(DAT17)
Add component. Clean all parameters for all variants
Added Component: Designator=VD18(DIODE)
Add component. Clean all parameters for all variants
Added Component: Designator=VD19(Diode(shotki))
Add component. Clean all parameters for all variants
Added Component: Designator=VD20(DIODE)
Add component. Clean all parameters for all variants
Added Component: Designator=VT1(Transistor 1)
Add component. Clean all parameters for all variants
Added Component: Designator=VT2(Transistor 1)
Add component. Clean all parameters for all variants
Added Component: Designator=VT3(Transistor 1)
Add component. Clean all parameters for all variants
Added Component: Designator=VT4(Transistor 1)
Add component. Clean all parameters for all variants
Added Component: Designator=XP1(Header 4)
Add component. Clean all parameters for all variants
Added Component: Designator=XP2(All pins)
Add component. Clean all parameters for all variants
Added Component: Designator=XS1(Header 4)
Add component. Clean all parameters for all variants
Added Component: Designator=XS2(Header 45)
Add component. Clean all parameters for all variants
Added Component: Designator=XS3(Header 30)
Add component. Clean all parameters for all variants
Added Component: Designator=XS4(Header 8)
Add component. Clean all parameters for all variants
Added Component: Designator=XS5(header 13)
Add component. Clean all parameters for all variants
Added Component: Designator=XS6(All pins)
Add component. Clean all parameters for all variants
Added Component: Designator=XS7(All pins)
Add component. Clean all parameters for all variants
Added Component: Designator=XS8(All pins)
Add component. Clean all parameters for all variants
Added Component: Designator=XS9(All pins)
Add component. Clean all parameters for all variants
Added Component: Designator=XS10(Header 4)
Add component. Clean all parameters for all variants
Added Component: Designator=XS11(All pins)
Add component. Clean all parameters for all variants
Added Component: Designator=ZQ1(HC-49/U)
Add component. Clean all parameters for all variants
Added Component: Designator=ZQ2(HC-49/U)
Add component. Clean all parameters for all variants
Added Pin To Net: NetName=AGND Pin=C29-1
Added Pin To Net: NetName=AGND Pin=C30-1
Added Pin To Net: NetName=AGND Pin=C56-1
Added Pin To Net: NetName=AGND Pin=C57-1
Added Pin To Net: NetName=AGND Pin=C58-1
Added Pin To Net: NetName=AGND Pin=R35-2
Added Pin To Net: NetName=AGND Pin=R36-1
Added Pin To Net: NetName=AGND Pin=R55-1
Added Pin To Net: NetName=AGND Pin=R56-1
Added Pin To Net: NetName=AGND Pin=R57-1
Added Pin To Net: NetName=AGND Pin=VD2-1
Added Pin To Net: NetName=AGND Pin=VD3-1
Added Pin To Net: NetName=AGND Pin=VD4-1
Added Pin To Net: NetName=AGND Pin=VD5-1
Added Pin To Net: NetName=AGND Pin=VD9-2
Added Pin To Net: NetName=AGND Pin=VD10-2
Added Pin To Net: NetName=AGND Pin=VD11-2
Added Pin To Net: NetName=AGND Pin=XS11-4
Added Pin To Net: NetName=AGND Pin=XS11-5
Added Pin To Net: NetName=AGND Pin=XS11-6
Added Pin To Net: NetName=AGND Pin=XS11-7
Added Pin To Net: NetName=AGND Pin=XS11-8
Added Pin To Net: NetName=AGND Pin=XS11-11
Added Net: Name=AGND
Added Pin To Net: NetName=CVDD0 Pin=C46-2
Added Pin To Net: NetName=CVDD0 Pin=C56-2
Added Pin To Net: NetName=CVDD0 Pin=C57-2
Added Pin To Net: NetName=CVDD0 Pin=C58-2
Added Pin To Net: NetName=CVDD0 Pin=C63-2
Added Pin To Net: NetName=CVDD0 Pin=D29-5
Added Pin To Net: NetName=CVDD0 Pin=D29-6
Added Pin To Net: NetName=CVDD0 Pin=D29-7
Added Pin To Net: NetName=CVDD0 Pin=D29-8
Added Pin To Net: NetName=CVDD0 Pin=D31-8
Added Pin To Net: NetName=CVDD0 Pin=D33-5
Added Pin To Net: NetName=CVDD0 Pin=D33-6
Added Pin To Net: NetName=CVDD0 Pin=D33-7
Added Pin To Net: NetName=CVDD0 Pin=D33-8
Added Pin To Net: NetName=CVDD0 Pin=LL2-1
Added Pin To Net: NetName=CVDD0 Pin=R32-2
Added Pin To Net: NetName=CVDD0 Pin=R34-2
Added Pin To Net: NetName=CVDD0 Pin=VD9-1
Added Pin To Net: NetName=CVDD0 Pin=VD10-1
Added Pin To Net: NetName=CVDD0 Pin=VD11-1
Added Pin To Net: NetName=CVDD0 Pin=VD14-1
Added Pin To Net: NetName=CVDD0 Pin=XS9-8
Added Net: Name=CVDD0
Added Pin To Net: NetName=DATA0 Pin=DD1-118
Added Pin To Net: NetName=DATA0 Pin=XS7-4
Added Net: Name=DATA0
Added Pin To Net: NetName=DATA1 Pin=DD1-119
Added Pin To Net: NetName=DATA1 Pin=XS7-5
Added Net: Name=DATA1
Added Pin To Net: NetName=DATA2 Pin=DD1-120
Added Pin To Net: NetName=DATA2 Pin=XS7-6
Added Net: Name=DATA2
Added Pin To Net: NetName=DE Pin=C9-1
Added Pin To Net: NetName=DE Pin=R14-1
Added Pin To Net: NetName=DE Pin=XS2-42
Added Net: Name=DE
Added Pin To Net: NetName=FLM Pin=C12-1
Added Pin To Net: NetName=FLM Pin=R19-2
Added Pin To Net: NetName=FLM Pin=XS2-40
Added Net: Name=FLM
Added Pin To Net: NetName=FSW Pin=DD1-122
Added Pin To Net: NetName=FSW Pin=XS8-6
Added Net: Name=FSW
Added Pin To Net: NetName=GND Pin=C1-1
Added Pin To Net: NetName=GND Pin=C3-1
Added Pin To Net: NetName=GND Pin=C4-1
Added Pin To Net: NetName=GND Pin=C5-1
Added Pin To Net: NetName=GND Pin=C6-1
Added Pin To Net: NetName=GND Pin=C7-1
Added Pin To Net: NetName=GND Pin=C7-2
Added Pin To Net: NetName=GND Pin=C8-1
Added Pin To Net: NetName=GND Pin=C8-2
Added Pin To Net: NetName=GND Pin=C9-2
Added Pin To Net: NetName=GND Pin=C10-2
Added Pin To Net: NetName=GND Pin=C11-2
Added Pin To Net: NetName=GND Pin=C12-2
Added Pin To Net: NetName=GND Pin=C13-1
Added Pin To Net: NetName=GND Pin=C14-1
Added Pin To Net: NetName=GND Pin=C14-2
Added Pin To Net: NetName=GND Pin=C15-1
Added Pin To Net: NetName=GND Pin=C16-1
Added Pin To Net: NetName=GND Pin=C17-1
Added Pin To Net: NetName=GND Pin=C18-1
Added Pin To Net: NetName=GND Pin=C19-1
Added Pin To Net: NetName=GND Pin=C20-1
Added Pin To Net: NetName=GND Pin=C22-1
Added Pin To Net: NetName=GND Pin=C25-2
Added Pin To Net: NetName=GND Pin=C26-1
Added Pin To Net: NetName=GND Pin=C27-1
Added Pin To Net: NetName=GND Pin=C28-1
Added Pin To Net: NetName=GND Pin=C31-1
Added Pin To Net: NetName=GND Pin=C32-1
Added Pin To Net: NetName=GND Pin=C33-1
Added Pin To Net: NetName=GND Pin=C34-1
Added Pin To Net: NetName=GND Pin=C35-1
Added Pin To Net: NetName=GND Pin=C42-1
Added Pin To Net: NetName=GND Pin=C43-1
Added Pin To Net: NetName=GND Pin=C44-1
Added Pin To Net: NetName=GND Pin=C45-1
Added Pin To Net: NetName=GND Pin=C46-1
Added Pin To Net: NetName=GND Pin=C47-1
Added Pin To Net: NetName=GND Pin=C48-1
Added Pin To Net: NetName=GND Pin=C49-1
Added Pin To Net: NetName=GND Pin=C50-1
Added Pin To Net: NetName=GND Pin=C51-1
Added Pin To Net: NetName=GND Pin=C55-1
Added Pin To Net: NetName=GND Pin=C59-1
Added Pin To Net: NetName=GND Pin=C60-2
Added Pin To Net: NetName=GND Pin=C61-1
Added Pin To Net: NetName=GND Pin=C62-1
Added Pin To Net: NetName=GND Pin=C63-1
Added Pin To Net: NetName=GND Pin=D13-5
Added Pin To Net: NetName=GND Pin=D13-6
Added Pin To Net: NetName=GND Pin=D13-7
Added Pin To Net: NetName=GND Pin=D13-8
Added Pin To Net: NetName=GND Pin=D14-5
Added Pin To Net: NetName=GND Pin=D14-6
Added Pin To Net: NetName=GND Pin=D14-7
Added Pin To Net: NetName=GND Pin=D14-8
Added Pin To Net: NetName=GND Pin=D15-5
Added Pin To Net: NetName=GND Pin=D15-6
Added Pin To Net: NetName=GND Pin=D15-7
Added Pin To Net: NetName=GND Pin=D15-8
Added Pin To Net: NetName=GND Pin=D16-5
Added Pin To Net: NetName=GND Pin=D16-6
Added Pin To Net: NetName=GND Pin=D16-7
Added Pin To Net: NetName=GND Pin=D16-8
Added Pin To Net: NetName=GND Pin=D17-5
Added Pin To Net: NetName=GND Pin=D17-6
Added Pin To Net: NetName=GND Pin=D17-7
Added Pin To Net: NetName=GND Pin=D17-8
Added Pin To Net: NetName=GND Pin=D18-5
Added Pin To Net: NetName=GND Pin=D18-6
Added Pin To Net: NetName=GND Pin=D18-7
Added Pin To Net: NetName=GND Pin=D18-8
Added Pin To Net: NetName=GND Pin=D19-5
Added Pin To Net: NetName=GND Pin=D19-6
Added Pin To Net: NetName=GND Pin=D19-7
Added Pin To Net: NetName=GND Pin=D19-8
Added Pin To Net: NetName=GND Pin=D20-5
Added Pin To Net: NetName=GND Pin=D20-6
Added Pin To Net: NetName=GND Pin=D20-7
Added Pin To Net: NetName=GND Pin=D20-8
Added Pin To Net: NetName=GND Pin=D21-5
Added Pin To Net: NetName=GND Pin=D21-6
Added Pin To Net: NetName=GND Pin=D21-7
Added Pin To Net: NetName=GND Pin=D21-8
Added Pin To Net: NetName=GND Pin=D22-5
Added Pin To Net: NetName=GND Pin=D22-6
Added Pin To Net: NetName=GND Pin=D22-7
Added Pin To Net: NetName=GND Pin=D22-8
Added Pin To Net: NetName=GND Pin=D23-5
Added Pin To Net: NetName=GND Pin=D23-6
Added Pin To Net: NetName=GND Pin=D23-7
Added Pin To Net: NetName=GND Pin=D23-8
Added Pin To Net: NetName=GND Pin=D24-5
Added Pin To Net: NetName=GND Pin=D24-6
Added Pin To Net: NetName=GND Pin=D24-7
Added Pin To Net: NetName=GND Pin=D24-8
Added Pin To Net: NetName=GND Pin=D25-4
Added Pin To Net: NetName=GND Pin=D25-7
Added Pin To Net: NetName=GND Pin=D26-1
Added Pin To Net: NetName=GND Pin=D26-2
Added Pin To Net: NetName=GND Pin=D26-3
Added Pin To Net: NetName=GND Pin=D26-4
Added Pin To Net: NetName=GND Pin=D26-7
Added Pin To Net: NetName=GND Pin=D26-8
Added Pin To Net: NetName=GND Pin=D27-3
Added Pin To Net: NetName=GND Pin=D27-5
Added Pin To Net: NetName=GND Pin=D28-3
Added Pin To Net: NetName=GND Pin=D28-5
Added Pin To Net: NetName=GND Pin=D30-8
Added Pin To Net: NetName=GND Pin=D34-1
Added Pin To Net: NetName=GND Pin=D34-2
Added Pin To Net: NetName=GND Pin=D34-3
Added Pin To Net: NetName=GND Pin=D34-4
Added Pin To Net: NetName=GND Pin=DD1-1
Added Pin To Net: NetName=GND Pin=DD1-8
Added Pin To Net: NetName=GND Pin=DD1-18
Added Pin To Net: NetName=GND Pin=DD1-30
Added Pin To Net: NetName=GND Pin=DD1-41
Added Pin To Net: NetName=GND Pin=DD1-49
Added Pin To Net: NetName=GND Pin=DD1-61
Added Pin To Net: NetName=GND Pin=DD1-72
Added Pin To Net: NetName=GND Pin=DD1-114
Added Pin To Net: NetName=GND Pin=DD1-117
Added Pin To Net: NetName=GND Pin=DD1-126
Added Pin To Net: NetName=GND Pin=DD1-140
Added Pin To Net: NetName=GND Pin=DD1-151
Added Pin To Net: NetName=GND Pin=DD1-158
Added Pin To Net: NetName=GND Pin=DD1-159
Added Pin To Net: NetName=GND Pin=DD1-160
Added Pin To Net: NetName=GND Pin=LL1-1
Added Pin To Net: NetName=GND Pin=LL9-2
Added Pin To Net: NetName=GND Pin=R1-1
Added Pin To Net: NetName=GND Pin=R6-1
Added Pin To Net: NetName=GND Pin=R7-1
Added Pin To Net: NetName=GND Pin=R8-1
Added Pin To Net: NetName=GND Pin=R9-1
Added Pin To Net: NetName=GND Pin=R10-2
Added Pin To Net: NetName=GND Pin=R13-1
Added Pin To Net: NetName=GND Pin=R17-1
Added Pin To Net: NetName=GND Pin=R22-1
Added Pin To Net: NetName=GND Pin=R27-1
Added Pin To Net: NetName=GND Pin=R30-2
Added Pin To Net: NetName=GND Pin=R31-1
Added Pin To Net: NetName=GND Pin=R32-1
Added Pin To Net: NetName=GND Pin=R38-1
Added Pin To Net: NetName=GND Pin=R47-1
Added Pin To Net: NetName=GND Pin=VD7-1
Added Pin To Net: NetName=GND Pin=VD8-1
Added Pin To Net: NetName=GND Pin=VD14-2
Added Pin To Net: NetName=GND Pin=VD15-1
Added Pin To Net: NetName=GND Pin=VD18-1
Added Pin To Net: NetName=GND Pin=VD19-1
Added Pin To Net: NetName=GND Pin=VD20-1
Added Pin To Net: NetName=GND Pin=VT1-2
Added Pin To Net: NetName=GND Pin=VT1-3
Added Pin To Net: NetName=GND Pin=VT2-1
Added Pin To Net: NetName=GND Pin=VT3-1
Added Pin To Net: NetName=GND Pin=VT4-2
Added Pin To Net: NetName=GND Pin=XS1-1
Added Pin To Net: NetName=GND Pin=XS1-4
Added Pin To Net: NetName=GND Pin=XS2-10
Added Pin To Net: NetName=GND Pin=XS2-15
Added Pin To Net: NetName=GND Pin=XS2-20
Added Pin To Net: NetName=GND Pin=XS2-25
Added Pin To Net: NetName=GND Pin=XS2-30
Added Pin To Net: NetName=GND Pin=XS2-35
Added Pin To Net: NetName=GND Pin=XS2-37
Added Pin To Net: NetName=GND Pin=XS2-39
Added Pin To Net: NetName=GND Pin=XS2-41
Added Pin To Net: NetName=GND Pin=XS2-43
Added Pin To Net: NetName=GND Pin=XS2-45
Added Pin To Net: NetName=GND Pin=XS3-5
Added Pin To Net: NetName=GND Pin=XS3-10
Added Pin To Net: NetName=GND Pin=XS3-15
Added Pin To Net: NetName=GND Pin=XS3-20
Added Pin To Net: NetName=GND Pin=XS3-25
Added Pin To Net: NetName=GND Pin=XS3-30
Added Pin To Net: NetName=GND Pin=XS5-13
Added Pin To Net: NetName=GND Pin=XS8-3
Added Pin To Net: NetName=GND Pin=XS8-4
Added Pin To Net: NetName=GND Pin=XS9-11
Added Pin To Net: NetName=GND Pin=XS9-12
Added Net: Name=GND
Added Pin To Net: NetName=HCLK Pin=D28-2
Added Pin To Net: NetName=HCLK Pin=D30-22
Added Net: Name=HCLK
Added Pin To Net: NetName=HDATA0 Pin=D29-4
Added Pin To Net: NetName=HDATA0 Pin=DD1-99
Added Net: Name=HDATA0
Added Pin To Net: NetName=HDATA1 Pin=D29-3
Added Pin To Net: NetName=HDATA1 Pin=DD1-105
Added Net: Name=HDATA1
Added Pin To Net: NetName=HDATA2 Pin=D29-2
Added Pin To Net: NetName=HDATA2 Pin=DD1-104
Added Net: Name=HDATA2
Added Pin To Net: NetName=HDATA3 Pin=D29-1
Added Pin To Net: NetName=HDATA3 Pin=DD1-102
Added Net: Name=HDATA3
Added Pin To Net: NetName=HFS Pin=D30-23
Added Pin To Net: NetName=HFS Pin=DD1-98
Added Net: Name=HFS
Added Pin To Net: NetName=HREF Pin=DD1-115
Added Pin To Net: NetName=HREF Pin=R24-1
Added Pin To Net: NetName=HREF Pin=XS7-1
Added Net: Name=HREF
Added Pin To Net: NetName=IRQ Pin=D30-19
Added Pin To Net: NetName=IRQ Pin=DD1-101
Added Net: Name=IRQ
Added Pin To Net: NetName=LP Pin=C11-1
Added Pin To Net: NetName=LP Pin=R18-2
Added Pin To Net: NetName=LP Pin=XS2-38
Added Net: Name=LP
Added Pin To Net: NetName=MFB0 Pin=D32-1
Added Pin To Net: NetName=MFB0 Pin=DD1-113
Added Net: Name=MFB0
Added Pin To Net: NetName=MFB1 Pin=D32-2
Added Pin To Net: NetName=MFB1 Pin=DD1-112
Added Net: Name=MFB1
Added Pin To Net: NetName=MFB2 Pin=D32-3
Added Pin To Net: NetName=MFB2 Pin=DD1-111
Added Net: Name=MFB2
Added Pin To Net: NetName=MFB3 Pin=D32-4
Added Pin To Net: NetName=MFB3 Pin=DD1-110
Added Net: Name=MFB3
Added Pin To Net: NetName=MFB4 Pin=DD1-109
Added Pin To Net: NetName=MFB4 Pin=R23-1
Added Net: Name=MFB4
Added Pin To Net: NetName=MFB5 Pin=D31-4
Added Pin To Net: NetName=MFB5 Pin=DD1-107
Added Net: Name=MFB5
Added Pin To Net: NetName=MFB6 Pin=D31-3
Added Pin To Net: NetName=MFB6 Pin=DD1-106
Added Net: Name=MFB6
Added Pin To Net: NetName=MFB10 Pin=D31-1
Added Pin To Net: NetName=MFB10 Pin=DD1-124
Added Net: Name=MFB10
Added Pin To Net: NetName=MFB11 Pin=D31-2
Added Pin To Net: NetName=MFB11 Pin=DD1-123
Added Net: Name=MFB11
Added Pin To Net: NetName=NetC1_2 Pin=C1-2
Added Pin To Net: NetName=NetC1_2 Pin=LL3-1
Added Pin To Net: NetName=NetC1_2 Pin=VD1-1
Added Net: Name=NetC1_2
Added Pin To Net: NetName=NetC2_1 Pin=C2-1
Added Pin To Net: NetName=NetC2_1 Pin=R2-2
Added Pin To Net: NetName=NetC2_1 Pin=R3-1
Added Pin To Net: NetName=NetC2_1 Pin=VD1-2
Added Net: Name=NetC2_1
Added Pin To Net: NetName=NetC2_2 Pin=C2-2
Added Pin To Net: NetName=NetC2_2 Pin=C4-2
Added Pin To Net: NetName=NetC2_2 Pin=C5-2
Added Pin To Net: NetName=NetC2_2 Pin=LL1-2
Added Pin To Net: NetName=NetC2_2 Pin=LL2-2
Added Pin To Net: NetName=NetC2_2 Pin=R3-2
Added Pin To Net: NetName=NetC2_2 Pin=VD1-3
Added Net: Name=NetC2_2
Added Pin To Net: NetName=NetC3_2 Pin=C3-2
Added Pin To Net: NetName=NetC3_2 Pin=LL3-2
Added Pin To Net: NetName=NetC3_2 Pin=LL4-1
Added Net: Name=NetC3_2
Added Pin To Net: NetName=NetC13_2 Pin=C13-2
Added Pin To Net: NetName=NetC13_2 Pin=D30-28
Added Pin To Net: NetName=NetC13_2 Pin=R4-2
Added Pin To Net: NetName=NetC13_2 Pin=R7-2
Added Net: Name=NetC13_2
Added Pin To Net: NetName=NetC15_2 Pin=C15-2
Added Pin To Net: NetName=NetC15_2 Pin=D30-29
Added Pin To Net: NetName=NetC15_2 Pin=R5-2
Added Pin To Net: NetName=NetC15_2 Pin=R6-2
Added Net: Name=NetC15_2
Added Pin To Net: NetName=NetC16_2 Pin=C16-2
Added Pin To Net: NetName=NetC16_2 Pin=D26-5
Added Pin To Net: NetName=NetC16_2 Pin=R12-1
Added Net: Name=NetC16_2
Added Pin To Net: NetName=NetC17_2 Pin=C17-2
Added Pin To Net: NetName=NetC17_2 Pin=D25-5
Added Net: Name=NetC17_2
Added Pin To Net: NetName=NetC18_2 Pin=C18-2
Added Pin To Net: NetName=NetC18_2 Pin=D26-6
Added Pin To Net: NetName=NetC18_2 Pin=R11-1
Added Net: Name=NetC18_2
Added Pin To Net: NetName=NetC20_2 Pin=C20-2
Added Pin To Net: NetName=NetC20_2 Pin=LL5-2
Added Pin To Net: NetName=NetC20_2 Pin=LL6-1
Added Net: Name=NetC20_2
Added Pin To Net: NetName=NetC21_1 Pin=C21-1
Added Pin To Net: NetName=NetC21_1 Pin=C23-2
Added Net: Name=NetC21_1
Added Pin To Net: NetName=NetC21_2 Pin=C21-2
Added Pin To Net: NetName=NetC21_2 Pin=D30-12
Added Pin To Net: NetName=NetC21_2 Pin=ZQ1-1
Added Net: Name=NetC21_2
Added Pin To Net: NetName=NetC22_2 Pin=C22-2
Added Pin To Net: NetName=NetC22_2 Pin=R15-1
Added Net: Name=NetC22_2
Added Pin To Net: NetName=NetC23_1 Pin=C23-1
Added Pin To Net: NetName=NetC23_1 Pin=D30-11
Added Pin To Net: NetName=NetC23_1 Pin=XS6-7
Added Pin To Net: NetName=NetC23_1 Pin=ZQ1-2
Added Net: Name=NetC23_1
Added Pin To Net: NetName=NetC24_1 Pin=C24-1
Added Pin To Net: NetName=NetC24_1 Pin=C25-1
Added Pin To Net: NetName=NetC24_1 Pin=D30-10
Added Net: Name=NetC24_1
Added Pin To Net: NetName=NetC24_2 Pin=C24-2
Added Pin To Net: NetName=NetC24_2 Pin=D30-4
Added Net: Name=NetC24_2
Added Pin To Net: NetName=NetC26_2 Pin=C26-2
Added Pin To Net: NetName=NetC26_2 Pin=DD1-142
Added Pin To Net: NetName=NetC26_2 Pin=ZQ2-1
Added Net: Name=NetC26_2
Added Pin To Net: NetName=NetC27_2 Pin=C27-2
Added Pin To Net: NetName=NetC27_2 Pin=R16-2
Added Pin To Net: NetName=NetC27_2 Pin=XP2-6
Added Pin To Net: NetName=NetC27_2 Pin=ZQ2-2
Added Net: Name=NetC27_2
Added Pin To Net: NetName=NetC29_2 Pin=C29-2
Added Pin To Net: NetName=NetC29_2 Pin=DD1-148
Added Pin To Net: NetName=NetC29_2 Pin=R25-1
Added Net: Name=NetC29_2
Added Pin To Net: NetName=NetC30_2 Pin=C30-2
Added Pin To Net: NetName=NetC30_2 Pin=DD1-150
Added Pin To Net: NetName=NetC30_2 Pin=R26-1
Added Net: Name=NetC30_2
Added Pin To Net: NetName=NetC31_2 Pin=C31-2
Added Pin To Net: NetName=NetC31_2 Pin=C32-2
Added Pin To Net: NetName=NetC31_2 Pin=R21-2
Added Pin To Net: NetName=NetC31_2 Pin=R28-2
Added Pin To Net: NetName=NetC31_2 Pin=XS7-7
Added Pin To Net: NetName=NetC31_2 Pin=XS7-8
Added Net: Name=NetC31_2
Added Pin To Net: NetName=NetC33_2 Pin=C33-2
Added Pin To Net: NetName=NetC33_2 Pin=D32-8
Added Pin To Net: NetName=NetC33_2 Pin=D33-1
Added Pin To Net: NetName=NetC33_2 Pin=XS9-3
Added Net: Name=NetC33_2
Added Pin To Net: NetName=NetC34_2 Pin=C34-2
Added Pin To Net: NetName=NetC34_2 Pin=R37-2
Added Pin To Net: NetName=NetC34_2 Pin=XS9-2
Added Net: Name=NetC34_2
Added Pin To Net: NetName=NetC35_2 Pin=C35-2
Added Pin To Net: NetName=NetC35_2 Pin=D32-7
Added Pin To Net: NetName=NetC35_2 Pin=D33-2
Added Pin To Net: NetName=NetC35_2 Pin=XS9-4
Added Net: Name=NetC35_2
Added Pin To Net: NetName=NetC36_1 Pin=C36-1
Added Pin To Net: NetName=NetC36_1 Pin=R39-1
Added Net: Name=NetC36_1
Added Pin To Net: NetName=NetC36_2 Pin=C36-2
Added Pin To Net: NetName=NetC36_2 Pin=DD1-87
Added Net: Name=NetC36_2
Added Pin To Net: NetName=NetC37_1 Pin=C37-1
Added Pin To Net: NetName=NetC37_1 Pin=R42-1
Added Net: Name=NetC37_1
Added Pin To Net: NetName=NetC37_2 Pin=C37-2
Added Pin To Net: NetName=NetC37_2 Pin=DD1-86
Added Net: Name=NetC37_2
Added Pin To Net: NetName=NetC38_1 Pin=C38-1
Added Pin To Net: NetName=NetC38_1 Pin=R43-1
Added Net: Name=NetC38_1
Added Pin To Net: NetName=NetC38_2 Pin=C38-2
Added Pin To Net: NetName=NetC38_2 Pin=DD1-91
Added Net: Name=NetC38_2
Added Pin To Net: NetName=NetC39_1 Pin=C39-1
Added Pin To Net: NetName=NetC39_1 Pin=R44-1
Added Net: Name=NetC39_1
Added Pin To Net: NetName=NetC39_2 Pin=C39-2
Added Pin To Net: NetName=NetC39_2 Pin=DD1-90
Added Net: Name=NetC39_2
Added Pin To Net: NetName=NetC40_1 Pin=C40-1
Added Pin To Net: NetName=NetC40_1 Pin=R40-1
Added Net: Name=NetC40_1
Added Pin To Net: NetName=NetC40_2 Pin=C40-2
Added Pin To Net: NetName=NetC40_2 Pin=DD1-95
Added Net: Name=NetC40_2
Added Pin To Net: NetName=NetC41_1 Pin=C41-1
Added Pin To Net: NetName=NetC41_1 Pin=R41-1
Added Net: Name=NetC41_1
Added Pin To Net: NetName=NetC41_2 Pin=C41-2
Added Pin To Net: NetName=NetC41_2 Pin=DD1-94
Added Net: Name=NetC41_2
Added Pin To Net: NetName=NetC42_2 Pin=C42-2
Added Pin To Net: NetName=NetC42_2 Pin=D32-6
Added Pin To Net: NetName=NetC42_2 Pin=D33-3
Added Pin To Net: NetName=NetC42_2 Pin=XS9-5
Added Net: Name=NetC42_2
Added Pin To Net: NetName=NetC43_2 Pin=C43-2
Added Pin To Net: NetName=NetC43_2 Pin=D32-5
Added Pin To Net: NetName=NetC43_2 Pin=D33-4
Added Pin To Net: NetName=NetC43_2 Pin=XS9-6
Added Net: Name=NetC43_2
Added Pin To Net: NetName=NetC44_2 Pin=C44-2
Added Pin To Net: NetName=NetC44_2 Pin=R23-2
Added Pin To Net: NetName=NetC44_2 Pin=R34-1
Added Pin To Net: NetName=NetC44_2 Pin=XS9-7
Added Net: Name=NetC44_2
Added Pin To Net: NetName=NetC45_2 Pin=C45-2
Added Pin To Net: NetName=NetC45_2 Pin=C50-2
Added Pin To Net: NetName=NetC45_2 Pin=LL9-1
Added Pin To Net: NetName=NetC45_2 Pin=R24-2
Added Pin To Net: NetName=NetC45_2 Pin=R29-2
Added Pin To Net: NetName=NetC45_2 Pin=R33-2
Added Pin To Net: NetName=NetC45_2 Pin=R48-2
Added Pin To Net: NetName=NetC45_2 Pin=XS8-1
Added Pin To Net: NetName=NetC45_2 Pin=XS8-2
Added Net: Name=NetC45_2
Added Pin To Net: NetName=NetC47_2 Pin=C47-2
Added Pin To Net: NetName=NetC47_2 Pin=R46-2
Added Pin To Net: NetName=NetC47_2 Pin=XS9-1
Added Net: Name=NetC47_2
Added Pin To Net: NetName=NetC48_2 Pin=C48-2
Added Pin To Net: NetName=NetC48_2 Pin=R38-2
Added Pin To Net: NetName=NetC48_2 Pin=R45-2
Added Pin To Net: NetName=NetC48_2 Pin=VT2-3
Added Net: Name=NetC48_2
Added Pin To Net: NetName=NetC49_2 Pin=C49-2
Added Pin To Net: NetName=NetC49_2 Pin=D31-7
Added Pin To Net: NetName=NetC49_2 Pin=R22-2
Added Pin To Net: NetName=NetC49_2 Pin=XS9-9
Added Net: Name=NetC49_2
Added Pin To Net: NetName=NetC51_2 Pin=C51-2
Added Pin To Net: NetName=NetC51_2 Pin=D31-5
Added Pin To Net: NetName=NetC51_2 Pin=R31-2
Added Pin To Net: NetName=NetC51_2 Pin=XS9-10
Added Net: Name=NetC51_2
Added Pin To Net: NetName=NetC52_1 Pin=C52-1
Added Pin To Net: NetName=NetC52_1 Pin=R41-2
Added Net: Name=NetC52_1
Added Pin To Net: NetName=NetC52_2 Pin=C52-2
Added Pin To Net: NetName=NetC52_2 Pin=LL12-1
Added Pin To Net: NetName=NetC52_2 Pin=R40-2
Added Net: Name=NetC52_2
Added Pin To Net: NetName=NetC53_1 Pin=C53-1
Added Pin To Net: NetName=NetC53_1 Pin=R44-2
Added Net: Name=NetC53_1
Added Pin To Net: NetName=NetC53_2 Pin=C53-2
Added Pin To Net: NetName=NetC53_2 Pin=LL11-1
Added Pin To Net: NetName=NetC53_2 Pin=R43-2
Added Net: Name=NetC53_2
Added Pin To Net: NetName=NetC54_1 Pin=C54-1
Added Pin To Net: NetName=NetC54_1 Pin=R42-2
Added Net: Name=NetC54_1
Added Pin To Net: NetName=NetC54_2 Pin=C54-2
Added Pin To Net: NetName=NetC54_2 Pin=LL10-1
Added Pin To Net: NetName=NetC54_2 Pin=R39-2
Added Net: Name=NetC54_2
Added Pin To Net: NetName=NetC55_2 Pin=C55-2
Added Pin To Net: NetName=NetC55_2 Pin=R47-2
Added Pin To Net: NetName=NetC55_2 Pin=R49-2
Added Pin To Net: NetName=NetC55_2 Pin=VT3-3
Added Net: Name=NetC55_2
Added Pin To Net: NetName=NetC59_2 Pin=C59-2
Added Pin To Net: NetName=NetC59_2 Pin=LL17-1
Added Pin To Net: NetName=NetC59_2 Pin=R50-2
Added Pin To Net: NetName=NetC59_2 Pin=R59-2
Added Pin To Net: NetName=NetC59_2 Pin=VD16-1
Added Pin To Net: NetName=NetC59_2 Pin=VD19-2
Added Pin To Net: NetName=NetC59_2 Pin=VD20-2
Added Net: Name=NetC59_2
Added Pin To Net: NetName=NetC60_1 Pin=C60-1
Added Pin To Net: NetName=NetC60_1 Pin=D34-8
Added Pin To Net: NetName=NetC60_1 Pin=R50-1
Added Pin To Net: NetName=NetC60_1 Pin=R53-1
Added Pin To Net: NetName=NetC60_1 Pin=R54-1
Added Pin To Net: NetName=NetC60_1 Pin=VD6-2
Added Pin To Net: NetName=NetC60_1 Pin=VD7-2
Added Pin To Net: NetName=NetC60_1 Pin=VD8-2
Added Net: Name=NetC60_1
Added Pin To Net: NetName=NetC61_2 Pin=C61-2
Added Pin To Net: NetName=NetC61_2 Pin=LL18-1
Added Pin To Net: NetName=NetC61_2 Pin=R53-2
Added Pin To Net: NetName=NetC61_2 Pin=R58-2
Added Pin To Net: NetName=NetC61_2 Pin=VD15-2
Added Pin To Net: NetName=NetC61_2 Pin=VD17-1
Added Pin To Net: NetName=NetC61_2 Pin=VD18-2
Added Net: Name=NetC61_2
Added Pin To Net: NetName=NetC62_2 Pin=C62-2
Added Pin To Net: NetName=NetC62_2 Pin=D34-7
Added Pin To Net: NetName=NetC62_2 Pin=R54-2
Added Pin To Net: NetName=NetC62_2 Pin=VT4-1
Added Net: Name=NetC62_2
Added Pin To Net: NetName=NetD28_1 Pin=D28-1
Added Pin To Net: NetName=NetD28_1 Pin=R15-2
Added Net: Name=NetD28_1
Added Pin To Net: NetName=NetD28_4 Pin=D28-4
Added Pin To Net: NetName=NetD28_4 Pin=DD1-103
Added Net: Name=NetD28_4
Added Pin To Net: NetName=NetD30_1 Pin=D30-1
Added Pin To Net: NetName=NetD30_1 Pin=XS6-3
Added Net: Name=NetD30_1
Added Pin To Net: NetName=NetD30_2 Pin=D30-2
Added Pin To Net: NetName=NetD30_2 Pin=XS6-2
Added Net: Name=NetD30_2
Added Pin To Net: NetName=NetD30_3 Pin=D30-3
Added Pin To Net: NetName=NetD30_3 Pin=XS6-1
Added Net: Name=NetD30_3
Added Pin To Net: NetName=NetD30_9 Pin=D30-9
Added Pin To Net: NetName=NetD30_9 Pin=R17-2
Added Pin To Net: NetName=NetD30_9 Pin=XP1-3
Added Net: Name=NetD30_9
Added Pin To Net: NetName=NetD30_32 Pin=D30-32
Added Pin To Net: NetName=NetD30_32 Pin=R49-1
Added Net: Name=NetD30_32
Added Pin To Net: NetName=NetD30_33 Pin=D30-33
Added Pin To Net: NetName=NetD30_33 Pin=R45-1
Added Net: Name=NetD30_33
Added Pin To Net: NetName=NetD30_40 Pin=D30-40
Added Pin To Net: NetName=NetD30_40 Pin=XS6-6
Added Net: Name=NetD30_40
Added Pin To Net: NetName=NetD30_41 Pin=D30-41
Added Pin To Net: NetName=NetD30_41 Pin=XS6-5
Added Net: Name=NetD30_41
Added Pin To Net: NetName=NetD30_42 Pin=D30-42
Added Pin To Net: NetName=NetD30_42 Pin=XS6-4
Added Net: Name=NetD30_42
Added Pin To Net: NetName=NetD31_6 Pin=D31-6
Added Pin To Net: NetName=NetD31_6 Pin=R27-2
Added Pin To Net: NetName=NetD31_6 Pin=R30-1
Added Net: Name=NetD31_6
Added Pin To Net: NetName=NetD34_5 Pin=D34-5
Added Pin To Net: NetName=NetD34_5 Pin=R59-1
Added Net: Name=NetD34_5
Added Pin To Net: NetName=NetD34_6 Pin=D34-6
Added Pin To Net: NetName=NetD34_6 Pin=R58-1
Added Net: Name=NetD34_6
Added Pin To Net: NetName=NetDD1_11 Pin=DD1-11
Added Pin To Net: NetName=NetDD1_11 Pin=DD1-21
Added Pin To Net: NetName=NetDD1_11 Pin=DD1-58
Added Pin To Net: NetName=NetDD1_11 Pin=DD1-108
Added Pin To Net: NetName=NetDD1_11 Pin=DD1-149
Added Pin To Net: NetName=NetDD1_11 Pin=XS4-8
Added Net: Name=NetDD1_11
Added Pin To Net: NetName=NetDD1_12 Pin=DD1-12
Added Pin To Net: NetName=NetDD1_12 Pin=DD1-33
Added Pin To Net: NetName=NetDD1_12 Pin=DD1-40
Added Pin To Net: NetName=NetDD1_12 Pin=DD1-65
Added Pin To Net: NetName=NetDD1_12 Pin=XP1-4
Added Net: Name=NetDD1_12
Added Pin To Net: NetName=NetDD1_45 Pin=DD1-45
Added Pin To Net: NetName=NetDD1_45 Pin=LL6-2
Added Net: Name=NetDD1_45
Added Pin To Net: NetName=NetDD1_77 Pin=DD1-77
Added Pin To Net: NetName=NetDD1_77 Pin=XS5-1
Added Net: Name=NetDD1_77
Added Pin To Net: NetName=NetDD1_78 Pin=DD1-78
Added Pin To Net: NetName=NetDD1_78 Pin=XS5-12
Added Net: Name=NetDD1_78
Added Pin To Net: NetName=NetDD1_79 Pin=DD1-79
Added Pin To Net: NetName=NetDD1_79 Pin=XS5-2
Added Net: Name=NetDD1_79
Added Pin To Net: NetName=NetDD1_80 Pin=DD1-80
Added Pin To Net: NetName=NetDD1_80 Pin=XS5-11
Added Net: Name=NetDD1_80
Added Pin To Net: NetName=NetDD1_81 Pin=DD1-81
Added Pin To Net: NetName=NetDD1_81 Pin=DD1-82
Added Pin To Net: NetName=NetDD1_81 Pin=XS5-10
Added Net: Name=NetDD1_81
Added Pin To Net: NetName=NetDD1_84 Pin=DD1-84
Added Pin To Net: NetName=NetDD1_84 Pin=XS5-3
Added Net: Name=NetDD1_84
Added Pin To Net: NetName=NetDD1_85 Pin=DD1-85
Added Pin To Net: NetName=NetDD1_85 Pin=XS5-9
Added Net: Name=NetDD1_85
Added Pin To Net: NetName=NetDD1_88 Pin=DD1-88
Added Pin To Net: NetName=NetDD1_88 Pin=XS5-8
Added Net: Name=NetDD1_88
Added Pin To Net: NetName=NetDD1_92 Pin=DD1-92
Added Pin To Net: NetName=NetDD1_92 Pin=XS5-6
Added Net: Name=NetDD1_92
Added Pin To Net: NetName=NetDD1_93 Pin=DD1-93
Added Pin To Net: NetName=NetDD1_93 Pin=XS5-5
Added Net: Name=NetDD1_93
Added Pin To Net: NetName=NetDD1_96 Pin=DD1-96
Added Pin To Net: NetName=NetDD1_96 Pin=XS5-4
Added Net: Name=NetDD1_96
Added Pin To Net: NetName=NetDD1_121 Pin=DD1-121
Added Pin To Net: NetName=NetDD1_121 Pin=R13-2
Added Net: Name=NetDD1_121
Added Pin To Net: NetName=NetDD1_125 Pin=DD1-125
Added Pin To Net: NetName=NetDD1_125 Pin=XS4-1
Added Net: Name=NetDD1_125
Added Pin To Net: NetName=NetDD1_127 Pin=DD1-127
Added Pin To Net: NetName=NetDD1_127 Pin=XS4-2
Added Net: Name=NetDD1_127
Added Pin To Net: NetName=NetDD1_128 Pin=DD1-128
Added Pin To Net: NetName=NetDD1_128 Pin=XS4-3
Added Net: Name=NetDD1_128
Added Pin To Net: NetName=NetDD1_129 Pin=DD1-129
Added Pin To Net: NetName=NetDD1_129 Pin=XS4-4
Added Net: Name=NetDD1_129
Added Pin To Net: NetName=NetDD1_131 Pin=DD1-131
Added Pin To Net: NetName=NetDD1_131 Pin=DD1-132
Added Pin To Net: NetName=NetDD1_131 Pin=XS4-5
Added Net: Name=NetDD1_131
Added Pin To Net: NetName=NetDD1_133 Pin=DD1-133
Added Pin To Net: NetName=NetDD1_133 Pin=DD1-134
Added Pin To Net: NetName=NetDD1_133 Pin=XS4-6
Added Net: Name=NetDD1_133
Added Pin To Net: NetName=NetDD1_136 Pin=DD1-136
Added Pin To Net: NetName=NetDD1_136 Pin=XS4-7
Added Net: Name=NetDD1_136
Added Pin To Net: NetName=NetDD1_137 Pin=DD1-137
Added Pin To Net: NetName=NetDD1_137 Pin=XP2-2
Added Net: Name=NetDD1_137
Added Pin To Net: NetName=NetDD1_138 Pin=DD1-138
Added Pin To Net: NetName=NetDD1_138 Pin=XP2-3
Added Net: Name=NetDD1_138
Added Pin To Net: NetName=NetDD1_139 Pin=DD1-139
Added Pin To Net: NetName=NetDD1_139 Pin=XP2-1
Added Net: Name=NetDD1_139
Added Pin To Net: NetName=NetDD1_141 Pin=DD1-141
Added Pin To Net: NetName=NetDD1_141 Pin=R16-1
Added Net: Name=NetDD1_141
Added Pin To Net: NetName=NetDD1_143 Pin=DD1-143
Added Pin To Net: NetName=NetDD1_143 Pin=XP2-4
Added Net: Name=NetDD1_143
Added Pin To Net: NetName=NetDD1_144 Pin=DD1-144
Added Pin To Net: NetName=NetDD1_144 Pin=DD1-146
Added Pin To Net: NetName=NetDD1_144 Pin=XP2-5
Added Net: Name=NetDD1_144
Added Pin To Net: NetName=NetLL7_1 Pin=LL7-1
Added Pin To Net: NetName=NetLL7_1 Pin=R26-2
Added Pin To Net: NetName=NetLL7_1 Pin=R36-2
Added Pin To Net: NetName=NetLL7_1 Pin=VD3-2
Added Pin To Net: NetName=NetLL7_1 Pin=VD5-2
Added Net: Name=NetLL7_1
Added Pin To Net: NetName=NetLL7_2 Pin=LL7-2
Added Net: Name=NetLL7_2
Added Pin To Net: NetName=NetLL8_1 Pin=LL8-1
Added Pin To Net: NetName=NetLL8_1 Pin=R25-2
Added Pin To Net: NetName=NetLL8_1 Pin=R35-1
Added Pin To Net: NetName=NetLL8_1 Pin=VD2-2
Added Pin To Net: NetName=NetLL8_1 Pin=VD4-2
Added Net: Name=NetLL8_1
Added Pin To Net: NetName=NetLL8_2 Pin=LL8-2
Added Net: Name=NetLL8_2
Added Pin To Net: NetName=NetLL10_2 Pin=LL10-2
Added Pin To Net: NetName=NetLL10_2 Pin=LL15-1
Added Pin To Net: NetName=NetLL10_2 Pin=R55-2
Added Pin To Net: NetName=NetLL10_2 Pin=VD9-3
Added Net: Name=NetLL10_2
Added Pin To Net: NetName=NetLL11_2 Pin=LL11-2
Added Pin To Net: NetName=NetLL11_2 Pin=LL13-1
Added Pin To Net: NetName=NetLL11_2 Pin=R56-2
Added Pin To Net: NetName=NetLL11_2 Pin=VD10-3
Added Net: Name=NetLL11_2
Added Pin To Net: NetName=NetLL12_2 Pin=LL12-2
Added Pin To Net: NetName=NetLL12_2 Pin=LL14-1
Added Pin To Net: NetName=NetLL12_2 Pin=R57-2
Added Pin To Net: NetName=NetLL12_2 Pin=VD11-3
Added Net: Name=NetLL12_2
Added Pin To Net: NetName=NetLL13_2 Pin=LL13-2
Added Pin To Net: NetName=NetLL13_2 Pin=XS11-2
Added Net: Name=NetLL13_2
Added Pin To Net: NetName=NetLL14_2 Pin=LL14-2
Added Pin To Net: NetName=NetLL14_2 Pin=XS11-1
Added Net: Name=NetLL14_2
Added Pin To Net: NetName=NetLL15_2 Pin=LL15-2
Added Pin To Net: NetName=NetLL15_2 Pin=XS11-3
Added Net: Name=NetLL15_2
Added Pin To Net: NetName=NetLL16_1 Pin=LL16-1
Added Pin To Net: NetName=NetLL16_1 Pin=R51-2
Added Pin To Net: NetName=NetLL16_1 Pin=VD14-3
Added Net: Name=NetLL16_1
Added Pin To Net: NetName=NetLL16_2 Pin=LL16-2
Added Net: Name=NetLL16_2
Added Pin To Net: NetName=NetLL17_2 Pin=LL17-2
Added Pin To Net: NetName=NetLL17_2 Pin=XS11-12
Added Net: Name=NetLL17_2
Added Pin To Net: NetName=NetLL18_2 Pin=LL18-2
Added Pin To Net: NetName=NetLL18_2 Pin=XS11-10
Added Net: Name=NetLL18_2
Added Pin To Net: NetName=NetR2_1 Pin=R2-1
Added Pin To Net: NetName=NetR2_1 Pin=VT1-1
Added Net: Name=NetR2_1
Added Pin To Net: NetName=NetR4_1 Pin=R4-1
Added Pin To Net: NetName=NetR4_1 Pin=XS1-3
Added Net: Name=NetR4_1
Added Pin To Net: NetName=NetR5_1 Pin=R5-1
Added Pin To Net: NetName=NetR5_1 Pin=XS1-2
Added Net: Name=NetR5_1
Added Pin To Net: NetName=NetR20_2 Pin=R20-2
Added Pin To Net: NetName=NetR20_2 Pin=XS10-4
Added Net: Name=NetR20_2
Added Pin To Net: NetName=NetR21_1 Pin=R21-1
Added Pin To Net: NetName=NetR21_1 Pin=XP1-2
Added Net: Name=NetR21_1
Added Pin To Net: NetName=NetR28_1 Pin=R28-1
Added Pin To Net: NetName=NetR28_1 Pin=XP1-1
Added Net: Name=NetR28_1
Added Pin To Net: NetName=NetR37_1 Pin=R37-1
Added Pin To Net: NetName=NetR37_1 Pin=VT2-2
Added Net: Name=NetR37_1
Added Pin To Net: NetName=NetR46_1 Pin=R46-1
Added Pin To Net: NetName=NetR46_1 Pin=VT3-2
Added Net: Name=NetR46_1
Added Pin To Net: NetName=NetR48_1 Pin=R48-1
Added Pin To Net: NetName=NetR48_1 Pin=XS8-5
Added Net: Name=NetR48_1
Added Pin To Net: NetName=NetR51_1 Pin=R51-1
Added Pin To Net: NetName=NetR51_1 Pin=XS10-3
Added Net: Name=NetR51_1
Added Pin To Net: NetName=NetR52_1 Pin=R52-1
Added Pin To Net: NetName=NetR52_1 Pin=VD12-2
Added Pin To Net: NetName=NetR52_1 Pin=VD13-2
Added Pin To Net: NetName=NetR52_1 Pin=VD16-2
Added Pin To Net: NetName=NetR52_1 Pin=VD17-2
Added Net: Name=NetR52_1
Added Pin To Net: NetName=NetR52_2 Pin=R52-2
Added Pin To Net: NetName=NetR52_2 Pin=R60-2
Added Net: Name=NetR52_2
Added Pin To Net: NetName=NetR60_1 Pin=R60-1
Added Pin To Net: NetName=NetR60_1 Pin=VT4-3
Added Net: Name=NetR60_1
Added Pin To Net: NetName=NetVD6_1 Pin=VD6-1
Added Pin To Net: NetName=NetVD6_1 Pin=XS11-9
Added Net: Name=NetVD6_1
Added Pin To Net: NetName=NetVD12_1 Pin=VD12-1
Added Pin To Net: NetName=NetVD12_1 Pin=XS10-2
Added Net: Name=NetVD12_1
Added Pin To Net: NetName=NetVD12_3 Pin=VD12-3
Added Pin To Net: NetName=NetVD12_3 Pin=VD16-3
Added Net: Name=NetVD12_3
Added Pin To Net: NetName=NetVD13_1 Pin=VD13-1
Added Pin To Net: NetName=NetVD13_1 Pin=XS10-1
Added Net: Name=NetVD13_1
Added Pin To Net: NetName=NetVD13_3 Pin=VD13-3
Added Pin To Net: NetName=NetVD13_3 Pin=VD17-3
Added Net: Name=NetVD13_3
Added Pin To Net: NetName=OSD-CLK Pin=C28-2
Added Pin To Net: NetName=OSD-CLK Pin=R33-1
Added Pin To Net: NetName=OSD-CLK Pin=XS7-3
Added Net: Name=OSD-CLK
Added Pin To Net: NetName=PD0 Pin=D11-3
Added Pin To Net: NetName=PD0 Pin=DD1-71
Added Net: Name=PD0
Added Pin To Net: NetName=PD1 Pin=D11-4
Added Pin To Net: NetName=PD1 Pin=DD1-70
Added Net: Name=PD1
Added Pin To Net: NetName=PD2 Pin=D6-1
Added Pin To Net: NetName=PD2 Pin=DD1-69
Added Net: Name=PD2
Added Pin To Net: NetName=PD3 Pin=D6-2
Added Pin To Net: NetName=PD3 Pin=DD1-68
Added Net: Name=PD3
Added Pin To Net: NetName=PD4 Pin=D6-3
Added Pin To Net: NetName=PD4 Pin=DD1-67
Added Net: Name=PD4
Added Pin To Net: NetName=PD5 Pin=D6-4
Added Pin To Net: NetName=PD5 Pin=DD1-66
Added Net: Name=PD5
Added Pin To Net: NetName=PD6 Pin=D1-3
Added Pin To Net: NetName=PD6 Pin=DD1-64
Added Net: Name=PD6
Added Pin To Net: NetName=PD7 Pin=D1-4
Added Pin To Net: NetName=PD7 Pin=DD1-63
Added Net: Name=PD7
Added Pin To Net: NetName=PD8 Pin=D2-1
Added Pin To Net: NetName=PD8 Pin=DD1-62
Added Net: Name=PD8
Added Pin To Net: NetName=PD9 Pin=D2-2
Added Pin To Net: NetName=PD9 Pin=DD1-57
Added Net: Name=PD9
Added Pin To Net: NetName=PD10 Pin=D2-3
Added Pin To Net: NetName=PD10 Pin=DD1-56
Added Net: Name=PD10
Added Pin To Net: NetName=PD11 Pin=D2-4
Added Pin To Net: NetName=PD11 Pin=DD1-55
Added Net: Name=PD11
Added Pin To Net: NetName=PD12 Pin=D7-3
Added Pin To Net: NetName=PD12 Pin=DD1-54
Added Net: Name=PD12
Added Pin To Net: NetName=PD13 Pin=D7-4
Added Pin To Net: NetName=PD13 Pin=DD1-53
Added Net: Name=PD13
Added Pin To Net: NetName=PD14 Pin=D3-1
Added Pin To Net: NetName=PD14 Pin=DD1-52
Added Net: Name=PD14
Added Pin To Net: NetName=PD15 Pin=D3-2
Added Pin To Net: NetName=PD15 Pin=DD1-51
Added Net: Name=PD15
Added Pin To Net: NetName=PD16 Pin=D3-3
Added Pin To Net: NetName=PD16 Pin=DD1-50
Added Net: Name=PD16
Added Pin To Net: NetName=PD17 Pin=D3-4
Added Pin To Net: NetName=PD17 Pin=DD1-48
Added Net: Name=PD17
Added Pin To Net: NetName=PD18 Pin=D4-3
Added Pin To Net: NetName=PD18 Pin=DD1-47
Added Net: Name=PD18
Added Pin To Net: NetName=PD19 Pin=D4-4
Added Pin To Net: NetName=PD19 Pin=DD1-46
Added Net: Name=PD19
Added Pin To Net: NetName=PD20 Pin=D5-1
Added Pin To Net: NetName=PD20 Pin=DD1-42
Added Net: Name=PD20
Added Pin To Net: NetName=PD21 Pin=D5-2
Added Pin To Net: NetName=PD21 Pin=DD1-39
Added Net: Name=PD21
Added Pin To Net: NetName=PD22 Pin=D5-3
Added Pin To Net: NetName=PD22 Pin=DD1-38
Added Net: Name=PD22
Added Pin To Net: NetName=PD23 Pin=D5-4
Added Pin To Net: NetName=PD23 Pin=DD1-37
Added Net: Name=PD23
Added Pin To Net: NetName=PD24 Pin=D8-3
Added Pin To Net: NetName=PD24 Pin=DD1-36
Added Net: Name=PD24
Added Pin To Net: NetName=PD25 Pin=D8-4
Added Pin To Net: NetName=PD25 Pin=DD1-35
Added Net: Name=PD25
Added Pin To Net: NetName=PD26 Pin=D9-1
Added Pin To Net: NetName=PD26 Pin=DD1-34
Added Net: Name=PD26
Added Pin To Net: NetName=PD27 Pin=D9-2
Added Pin To Net: NetName=PD27 Pin=DD1-32
Added Net: Name=PD27
Added Pin To Net: NetName=PD28 Pin=D9-3
Added Pin To Net: NetName=PD28 Pin=DD1-31
Added Net: Name=PD28
Added Pin To Net: NetName=PD29 Pin=D9-4
Added Pin To Net: NetName=PD29 Pin=DD1-29
Added Net: Name=PD29
Added Pin To Net: NetName=PD30 Pin=D12-3
Added Pin To Net: NetName=PD30 Pin=DD1-28
Added Net: Name=PD30
Added Pin To Net: NetName=PD31 Pin=D12-4
Added Pin To Net: NetName=PD31 Pin=DD1-27
Added Net: Name=PD31
Added Pin To Net: NetName=PD32 Pin=D10-1
Added Pin To Net: NetName=PD32 Pin=DD1-26
Added Net: Name=PD32
Added Pin To Net: NetName=PD33 Pin=D10-2
Added Pin To Net: NetName=PD33 Pin=DD1-25
Added Net: Name=PD33
Added Pin To Net: NetName=PD34 Pin=D10-3
Added Pin To Net: NetName=PD34 Pin=DD1-24
Added Net: Name=PD34
Added Pin To Net: NetName=PD35 Pin=D10-4
Added Pin To Net: NetName=PD35 Pin=DD1-23
Added Net: Name=PD35
Added Pin To Net: NetName=PD36 Pin=D11-1
Added Pin To Net: NetName=PD36 Pin=DD1-22
Added Net: Name=PD36
Added Pin To Net: NetName=PD37 Pin=D11-2
Added Pin To Net: NetName=PD37 Pin=DD1-20
Added Net: Name=PD37
Added Pin To Net: NetName=PD38 Pin=D1-1
Added Pin To Net: NetName=PD38 Pin=DD1-19
Added Net: Name=PD38
Added Pin To Net: NetName=PD39 Pin=D1-2
Added Pin To Net: NetName=PD39 Pin=DD1-17
Added Net: Name=PD39
Added Pin To Net: NetName=PD40 Pin=D7-1
Added Pin To Net: NetName=PD40 Pin=DD1-16
Added Net: Name=PD40
Added Pin To Net: NetName=PD41 Pin=D7-2
Added Pin To Net: NetName=PD41 Pin=DD1-15
Added Net: Name=PD41
Added Pin To Net: NetName=PD42 Pin=D4-1
Added Pin To Net: NetName=PD42 Pin=DD1-14
Added Net: Name=PD42
Added Pin To Net: NetName=PD43 Pin=D4-2
Added Pin To Net: NetName=PD43 Pin=DD1-13
Added Net: Name=PD43
Added Pin To Net: NetName=PD44 Pin=D8-1
Added Pin To Net: NetName=PD44 Pin=DD1-10
Added Net: Name=PD44
Added Pin To Net: NetName=PD45 Pin=D8-2
Added Pin To Net: NetName=PD45 Pin=DD1-9
Added Net: Name=PD45
Added Pin To Net: NetName=PD46 Pin=D12-1
Added Pin To Net: NetName=PD46 Pin=DD1-7
Added Net: Name=PD46
Added Pin To Net: NetName=PD47 Pin=D12-2
Added Pin To Net: NetName=PD47 Pin=DD1-6
Added Net: Name=PD47
Added Pin To Net: NetName=PDE Pin=DD1-43
Added Pin To Net: NetName=PDE Pin=R14-2
Added Net: Name=PDE
Added Pin To Net: NetName=PHS Pin=DD1-74
Added Pin To Net: NetName=PHS Pin=R18-1
Added Net: Name=PHS
Added Pin To Net: NetName=PNL0 Pin=D11-6
Added Pin To Net: NetName=PNL0 Pin=D15-3
Added Pin To Net: NetName=PNL0 Pin=XS2-8
Added Net: Name=PNL0
Added Pin To Net: NetName=PNL1 Pin=D11-5
Added Pin To Net: NetName=PNL1 Pin=D15-4
Added Pin To Net: NetName=PNL1 Pin=XS2-9
Added Net: Name=PNL1
Added Pin To Net: NetName=PNL2 Pin=D6-8
Added Pin To Net: NetName=PNL2 Pin=D23-1
Added Pin To Net: NetName=PNL2 Pin=XS2-11
Added Net: Name=PNL2
Added Pin To Net: NetName=PNL3 Pin=D6-7
Added Pin To Net: NetName=PNL3 Pin=D23-2
Added Pin To Net: NetName=PNL3 Pin=XS2-12
Added Net: Name=PNL3
Added Pin To Net: NetName=PNL4 Pin=D6-6
Added Pin To Net: NetName=PNL4 Pin=D23-3
Added Pin To Net: NetName=PNL4 Pin=XS2-13
Added Net: Name=PNL4
Added Pin To Net: NetName=PNL5 Pin=D6-5
Added Pin To Net: NetName=PNL5 Pin=D23-4
Added Pin To Net: NetName=PNL5 Pin=XS2-14
Added Net: Name=PNL5
Added Pin To Net: NetName=PNL6 Pin=D1-6
Added Pin To Net: NetName=PNL6 Pin=D16-3
Added Pin To Net: NetName=PNL6 Pin=XS2-18
Added Net: Name=PNL6
Added Pin To Net: NetName=PNL7 Pin=D1-5
Added Pin To Net: NetName=PNL7 Pin=D16-4
Added Pin To Net: NetName=PNL7 Pin=XS2-19
Added Net: Name=PNL7
Added Pin To Net: NetName=PNL8 Pin=D2-8
Added Pin To Net: NetName=PNL8 Pin=D24-1
Added Pin To Net: NetName=PNL8 Pin=XS2-21
Added Net: Name=PNL8
Added Pin To Net: NetName=PNL9 Pin=D2-7
Added Pin To Net: NetName=PNL9 Pin=D24-2
Added Pin To Net: NetName=PNL9 Pin=XS2-22
Added Net: Name=PNL9
Added Pin To Net: NetName=PNL10 Pin=D2-6
Added Pin To Net: NetName=PNL10 Pin=D24-3
Added Pin To Net: NetName=PNL10 Pin=XS2-23
Added Net: Name=PNL10
Added Pin To Net: NetName=PNL11 Pin=D2-5
Added Pin To Net: NetName=PNL11 Pin=D24-4
Added Pin To Net: NetName=PNL11 Pin=XS2-24
Added Net: Name=PNL11
Added Pin To Net: NetName=PNL12 Pin=D7-6
Added Pin To Net: NetName=PNL12 Pin=D17-3
Added Pin To Net: NetName=PNL12 Pin=XS2-28
Added Net: Name=PNL12
Added Pin To Net: NetName=PNL13 Pin=D7-5
Added Pin To Net: NetName=PNL13 Pin=D17-4
Added Pin To Net: NetName=PNL13 Pin=XS2-29
Added Net: Name=PNL13
Added Pin To Net: NetName=PNL14 Pin=D3-8
Added Pin To Net: NetName=PNL14 Pin=D20-1
Added Pin To Net: NetName=PNL14 Pin=XS2-31
Added Net: Name=PNL14
Added Pin To Net: NetName=PNL15 Pin=D3-7
Added Pin To Net: NetName=PNL15 Pin=D20-2
Added Pin To Net: NetName=PNL15 Pin=XS2-32
Added Net: Name=PNL15
Added Pin To Net: NetName=PNL16 Pin=D3-6
Added Pin To Net: NetName=PNL16 Pin=D20-3
Added Pin To Net: NetName=PNL16 Pin=XS2-33
Added Net: Name=PNL16
Added Pin To Net: NetName=PNL17 Pin=D3-5
Added Pin To Net: NetName=PNL17 Pin=D20-4
Added Pin To Net: NetName=PNL17 Pin=XS2-34
Added Net: Name=PNL17
Added Pin To Net: NetName=PNL18 Pin=D4-6
Added Pin To Net: NetName=PNL18 Pin=D18-3
Added Pin To Net: NetName=PNL18 Pin=XS3-3
Added Net: Name=PNL18
Added Pin To Net: NetName=PNL19 Pin=D4-5
Added Pin To Net: NetName=PNL19 Pin=D18-4
Added Pin To Net: NetName=PNL19 Pin=XS3-4
Added Net: Name=PNL19
Added Pin To Net: NetName=PNL20 Pin=D5-8
Added Pin To Net: NetName=PNL20 Pin=D21-1
Added Pin To Net: NetName=PNL20 Pin=XS3-6
Added Net: Name=PNL20
Added Pin To Net: NetName=PNL21 Pin=D5-7
Added Pin To Net: NetName=PNL21 Pin=D21-2
Added Pin To Net: NetName=PNL21 Pin=XS3-7
Added Net: Name=PNL21
Added Pin To Net: NetName=PNL22 Pin=D5-6
Added Pin To Net: NetName=PNL22 Pin=D21-3
Added Pin To Net: NetName=PNL22 Pin=XS3-8
Added Net: Name=PNL22
Added Pin To Net: NetName=PNL23 Pin=D5-5
Added Pin To Net: NetName=PNL23 Pin=D21-4
Added Pin To Net: NetName=PNL23 Pin=XS3-9
Added Net: Name=PNL23
Added Pin To Net: NetName=PNL24 Pin=D8-6
Added Pin To Net: NetName=PNL24 Pin=D13-3
Added Pin To Net: NetName=PNL24 Pin=XS3-13
Added Net: Name=PNL24
Added Pin To Net: NetName=PNL25 Pin=D8-5
Added Pin To Net: NetName=PNL25 Pin=D13-4
Added Pin To Net: NetName=PNL25 Pin=XS3-14
Added Net: Name=PNL25
Added Pin To Net: NetName=PNL26 Pin=D9-8
Added Pin To Net: NetName=PNL26 Pin=D22-1
Added Pin To Net: NetName=PNL26 Pin=XS3-16
Added Net: Name=PNL26
Added Pin To Net: NetName=PNL27 Pin=D9-7
Added Pin To Net: NetName=PNL27 Pin=D22-2
Added Pin To Net: NetName=PNL27 Pin=XS3-17
Added Net: Name=PNL27
Added Pin To Net: NetName=PNL28 Pin=D9-6
Added Pin To Net: NetName=PNL28 Pin=D22-3
Added Pin To Net: NetName=PNL28 Pin=XS3-18
Added Net: Name=PNL28
Added Pin To Net: NetName=PNL29 Pin=D9-5
Added Pin To Net: NetName=PNL29 Pin=D22-4
Added Pin To Net: NetName=PNL29 Pin=XS3-19
Added Net: Name=PNL29
Added Pin To Net: NetName=PNL30 Pin=D12-6
Added Pin To Net: NetName=PNL30 Pin=D14-3
Added Pin To Net: NetName=PNL30 Pin=XS3-23
Added Net: Name=PNL30
Added Pin To Net: NetName=PNL31 Pin=D12-5
Added Pin To Net: NetName=PNL31 Pin=D14-4
Added Pin To Net: NetName=PNL31 Pin=XS3-24
Added Net: Name=PNL31
Added Pin To Net: NetName=PNL32 Pin=D10-8
Added Pin To Net: NetName=PNL32 Pin=D19-1
Added Pin To Net: NetName=PNL32 Pin=XS3-26
Added Net: Name=PNL32
Added Pin To Net: NetName=PNL33 Pin=D10-7
Added Pin To Net: NetName=PNL33 Pin=D19-2
Added Pin To Net: NetName=PNL33 Pin=XS3-27
Added Net: Name=PNL33
Added Pin To Net: NetName=PNL34 Pin=D10-6
Added Pin To Net: NetName=PNL34 Pin=D19-3
Added Pin To Net: NetName=PNL34 Pin=XS3-28
Added Net: Name=PNL34
Added Pin To Net: NetName=PNL35 Pin=D10-5
Added Pin To Net: NetName=PNL35 Pin=D19-4
Added Pin To Net: NetName=PNL35 Pin=XS3-29
Added Net: Name=PNL35
Added Pin To Net: NetName=PNL36 Pin=D11-8
Added Pin To Net: NetName=PNL36 Pin=D15-1
Added Pin To Net: NetName=PNL36 Pin=XS2-6
Added Net: Name=PNL36
Added Pin To Net: NetName=PNL37 Pin=D11-7
Added Pin To Net: NetName=PNL37 Pin=D15-2
Added Pin To Net: NetName=PNL37 Pin=XS2-7
Added Net: Name=PNL37
Added Pin To Net: NetName=PNL38 Pin=D1-8
Added Pin To Net: NetName=PNL38 Pin=D16-1
Added Pin To Net: NetName=PNL38 Pin=XS2-16
Added Net: Name=PNL38
Added Pin To Net: NetName=PNL39 Pin=D1-7
Added Pin To Net: NetName=PNL39 Pin=D16-2
Added Pin To Net: NetName=PNL39 Pin=XS2-17
Added Net: Name=PNL39
Added Pin To Net: NetName=PNL40 Pin=D7-8
Added Pin To Net: NetName=PNL40 Pin=D17-1
Added Pin To Net: NetName=PNL40 Pin=XS2-26
Added Net: Name=PNL40
Added Pin To Net: NetName=PNL41 Pin=D7-7
Added Pin To Net: NetName=PNL41 Pin=D17-2
Added Pin To Net: NetName=PNL41 Pin=XS2-27
Added Net: Name=PNL41
Added Pin To Net: NetName=PNL42 Pin=D4-8
Added Pin To Net: NetName=PNL42 Pin=D18-1
Added Pin To Net: NetName=PNL42 Pin=XS3-1
Added Net: Name=PNL42
Added Pin To Net: NetName=PNL43 Pin=D4-7
Added Pin To Net: NetName=PNL43 Pin=D18-2
Added Pin To Net: NetName=PNL43 Pin=XS3-2
Added Net: Name=PNL43
Added Pin To Net: NetName=PNL44 Pin=D8-8
Added Pin To Net: NetName=PNL44 Pin=D13-1
Added Pin To Net: NetName=PNL44 Pin=XS3-11
Added Net: Name=PNL44
Added Pin To Net: NetName=PNL45 Pin=D8-7
Added Pin To Net: NetName=PNL45 Pin=D13-2
Added Pin To Net: NetName=PNL45 Pin=XS3-12
Added Net: Name=PNL45
Added Pin To Net: NetName=PNL46 Pin=D12-8
Added Pin To Net: NetName=PNL46 Pin=D14-1
Added Pin To Net: NetName=PNL46 Pin=XS3-21
Added Net: Name=PNL46
Added Pin To Net: NetName=PNL47 Pin=D12-7
Added Pin To Net: NetName=PNL47 Pin=XS3-22
Added Net: Name=PNL47
Added Pin To Net: NetName=PNLVCC Pin=C6-2
Added Pin To Net: NetName=PNLVCC Pin=LL4-2
Added Pin To Net: NetName=PNLVCC Pin=XS2-4
Added Pin To Net: NetName=PNLVCC Pin=XS2-5
Added Net: Name=PNLVCC
Added Pin To Net: NetName=PPWR Pin=DD1-76
Added Pin To Net: NetName=PPWR Pin=R1-2
Added Net: Name=PPWR
Added Pin To Net: NetName=PVS Pin=DD1-73
Added Pin To Net: NetName=PVS Pin=R19-1
Added Pin To Net: NetName=PVS Pin=R20-1
Added Net: Name=PVS
Added Pin To Net: NetName=RESETn Pin=D25-6
Added Pin To Net: NetName=RESETn Pin=D27-2
Added Pin To Net: NetName=RESETn Pin=DD1-100
Added Pin To Net: NetName=RESETn Pin=R10-1
Added Net: Name=RESETn
Added Pin To Net: NetName=RST Pin=D27-4
Added Pin To Net: NetName=RST Pin=D30-7
Added Net: Name=RST
Added Pin To Net: NetName=SCL Pin=D30-14
Added Pin To Net: NetName=SCL Pin=R8-2
Added Pin To Net: NetName=SCL Pin=R11-2
Added Net: Name=SCL
Added Pin To Net: NetName=SDA Pin=D30-13
Added Pin To Net: NetName=SDA Pin=R9-2
Added Pin To Net: NetName=SDA Pin=R12-2
Added Net: Name=SDA
Added Pin To Net: NetName=SHFCLK Pin=C10-1
Added Pin To Net: NetName=SHFCLK Pin=C19-2
Added Pin To Net: NetName=SHFCLK Pin=LL5-1
Added Pin To Net: NetName=SHFCLK Pin=XS2-44
Added Net: Name=SHFCLK
Added Pin To Net: NetName=VREF Pin=DD1-116
Added Pin To Net: NetName=VREF Pin=R29-1
Added Pin To Net: NetName=VREF Pin=XS6-8
Added Pin To Net: NetName=VREF Pin=XS7-2
Added Net: Name=VREF
Added Class: Name=Sheet_NEW
Added Class: Name=DATA[0..2]
Added Class: Name=HDATA[0..3]
Added Class: Name=MFB[0..11]
Added Class: Name=PD[0..47]
Added Class: Name=PNL[0..47]
Added Room: Name=Sheet_NEW
