Added Component: Designator=C1(cap(0603))
Add component. Clean all parameters for all variants
Add component (AddParameter): Name = "Model"; Value = ""; VariantName = "[No Variations]"
Added Component: Designator=C2(cap(0603))
Add component. Clean all parameters for all variants
Add component (AddParameter): Name = "Model"; Value = ""; VariantName = "[No Variations]"
Added Component: Designator=C3(cap(0603))
Add component. Clean all parameters for all variants
Add component (AddParameter): Name = "Model"; Value = ""; VariantName = "[No Variations]"
Added Component: Designator=C4(cap(0603))
Add component. Clean all parameters for all variants
Add component (AddParameter): Name = "Model"; Value = ""; VariantName = "[No Variations]"
Added Component: Designator=C5(Capacitor 0805)
Add component. Clean all parameters for all variants
Add component (AddParameter): Name = "Model"; Value = ""; VariantName = "[No Variations]"
Added Component: Designator=C6(cap(0603))
Add component. Clean all parameters for all variants
Add component (AddParameter): Name = "Model"; Value = ""; VariantName = "[No Variations]"
Added Component: Designator=C7(Capacitor 0805)
Add component. Clean all parameters for all variants
Add component (AddParameter): Name = "Model"; Value = ""; VariantName = "[No Variations]"
Added Component: Designator=C8(cap(0603))
Add component. Clean all parameters for all variants
Add component (AddParameter): Name = "Model"; Value = ""; VariantName = "[No Variations]"
Added Component: Designator=C9(cap(0603))
Add component. Clean all parameters for all variants
Add component (AddParameter): Name = "Model"; Value = ""; VariantName = "[No Variations]"
Added Component: Designator=C10(cap(0603))
Add component. Clean all parameters for all variants
Add component (AddParameter): Name = "Model"; Value = ""; VariantName = "[No Variations]"
Added Component: Designator=C11(cap(0603))
Add component. Clean all parameters for all variants
Add component (AddParameter): Name = "Model"; Value = ""; VariantName = "[No Variations]"
Added Component: Designator=C12(cap(0603))
Add component. Clean all parameters for all variants
Add component (AddParameter): Name = "Model"; Value = ""; VariantName = "[No Variations]"
Added Component: Designator=C13(cap(0603))
Add component. Clean all parameters for all variants
Add component (AddParameter): Name = "Model"; Value = ""; VariantName = "[No Variations]"
Added Component: Designator=C14(cap(0603))
Add component. Clean all parameters for all variants
Add component (AddParameter): Name = "Model"; Value = ""; VariantName = "[No Variations]"
Added Component: Designator=C15(cap(0603))
Add component. Clean all parameters for all variants
Add component (AddParameter): Name = "Model"; Value = ""; VariantName = "[No Variations]"
Added Component: Designator=C16(cap(0603))
Add component. Clean all parameters for all variants
Add component (AddParameter): Name = "Model"; Value = ""; VariantName = "[No Variations]"
Added Component: Designator=C17(cap(0603))
Add component. Clean all parameters for all variants
Add component (AddParameter): Name = "Model"; Value = ""; VariantName = "[No Variations]"
Added Component: Designator=C18(cap(0603))
Add component. Clean all parameters for all variants
Add component (AddParameter): Name = "Model"; Value = ""; VariantName = "[No Variations]"
Added Component: Designator=C19(cap(0603))
Add component. Clean all parameters for all variants
Add component (AddParameter): Name = "Model"; Value = ""; VariantName = "[No Variations]"
Added Component: Designator=C20(cap(0603))
Add component. Clean all parameters for all variants
Add component (AddParameter): Name = "Model"; Value = ""; VariantName = "[No Variations]"
Added Component: Designator=C21(cap(0603))
Add component. Clean all parameters for all variants
Add component (AddParameter): Name = "Model"; Value = ""; VariantName = "[No Variations]"
Added Component: Designator=C22(cap(0603))
Add component. Clean all parameters for all variants
Add component (AddParameter): Name = "Model"; Value = ""; VariantName = "[No Variations]"
Added Component: Designator=C23(cap(0603))
Add component. Clean all parameters for all variants
Add component (AddParameter): Name = "Model"; Value = ""; VariantName = "[No Variations]"
Added Component: Designator=C24(Capacitor 0805)
Add component. Clean all parameters for all variants
Add component (AddParameter): Name = "Model"; Value = ""; VariantName = "[No Variations]"
Added Component: Designator=C25(cap(0603))
Add component. Clean all parameters for all variants
Add component (AddParameter): Name = "Model"; Value = ""; VariantName = "[No Variations]"
Added Component: Designator=C26(Capacitor 0805)
Add component. Clean all parameters for all variants
Add component (AddParameter): Name = "Model"; Value = ""; VariantName = "[No Variations]"
Added Component: Designator=C27(Capacitor 0805)
Add component. Clean all parameters for all variants
Add component (AddParameter): Name = "Model"; Value = ""; VariantName = "[No Variations]"
Added Component: Designator=C28(cap(0603))
Add component. Clean all parameters for all variants
Add component (AddParameter): Name = "Model"; Value = ""; VariantName = "[No Variations]"
Added Component: Designator=C29(Capacitor 0805)
Add component. Clean all parameters for all variants
Add component (AddParameter): Name = "Model"; Value = ""; VariantName = "[No Variations]"
Added Component: Designator=C30(Capacitor 0805)
Add component. Clean all parameters for all variants
Add component (AddParameter): Name = "Model"; Value = ""; VariantName = "[No Variations]"
Added Component: Designator=C31(cap(0603))
Add component. Clean all parameters for all variants
Add component (AddParameter): Name = "Model"; Value = ""; VariantName = "[No Variations]"
Added Component: Designator=C32(cap(0603))
Add component. Clean all parameters for all variants
Add component (AddParameter): Name = "Model"; Value = ""; VariantName = "[No Variations]"
Added Component: Designator=C33(cap(0603))
Add component. Clean all parameters for all variants
Add component (AddParameter): Name = "Model"; Value = ""; VariantName = "[No Variations]"
Added Component: Designator=C34(cap(0603))
Add component. Clean all parameters for all variants
Add component (AddParameter): Name = "Model"; Value = ""; VariantName = "[No Variations]"
Added Component: Designator=C35(cap(0603))
Add component. Clean all parameters for all variants
Add component (AddParameter): Name = "Model"; Value = ""; VariantName = "[No Variations]"
Added Component: Designator=C36(cap(0603))
Add component. Clean all parameters for all variants
Add component (AddParameter): Name = "Model"; Value = ""; VariantName = "[No Variations]"
Added Component: Designator=C37(cap(0603))
Add component. Clean all parameters for all variants
Add component (AddParameter): Name = "Model"; Value = ""; VariantName = "[No Variations]"
Added Component: Designator=C38(cap(0603))
Add component. Clean all parameters for all variants
Add component (AddParameter): Name = "Model"; Value = ""; VariantName = "[No Variations]"
Added Component: Designator=C39(cap(0603))
Add component. Clean all parameters for all variants
Add component (AddParameter): Name = "Model"; Value = ""; VariantName = "[No Variations]"
Added Component: Designator=C40(cap(0603))
Add component. Clean all parameters for all variants
Add component (AddParameter): Name = "Model"; Value = ""; VariantName = "[No Variations]"
Added Component: Designator=C41(cap(0603))
Add component. Clean all parameters for all variants
Add component (AddParameter): Name = "Model"; Value = ""; VariantName = "[No Variations]"
Added Component: Designator=C42(cap(0603))
Add component. Clean all parameters for all variants
Add component (AddParameter): Name = "Model"; Value = ""; VariantName = "[No Variations]"
Added Component: Designator=C43(cap(0603))
Add component. Clean all parameters for all variants
Add component (AddParameter): Name = "Model"; Value = ""; VariantName = "[No Variations]"
Added Component: Designator=C44(cap(0603))
Add component. Clean all parameters for all variants
Add component (AddParameter): Name = "Model"; Value = ""; VariantName = "[No Variations]"
Added Component: Designator=C45(cap(0603))
Add component. Clean all parameters for all variants
Add component (AddParameter): Name = "Model"; Value = ""; VariantName = "[No Variations]"
Added Component: Designator=C46(cap(0603))
Add component. Clean all parameters for all variants
Add component (AddParameter): Name = "Model"; Value = ""; VariantName = "[No Variations]"
Added Component: Designator=C47(cap(0603))
Add component. Clean all parameters for all variants
Add component (AddParameter): Name = "Model"; Value = ""; VariantName = "[No Variations]"
Added Component: Designator=C48(Capacitor 0805)
Add component. Clean all parameters for all variants
Add component (AddParameter): Name = "Model"; Value = ""; VariantName = "[No Variations]"
Added Component: Designator=C49(cap(0603))
Add component. Clean all parameters for all variants
Add component (AddParameter): Name = "Model"; Value = ""; VariantName = "[No Variations]"
Added Component: Designator=C50(cap(0603))
Add component. Clean all parameters for all variants
Add component (AddParameter): Name = "Model"; Value = ""; VariantName = "[No Variations]"
Added Component: Designator=C51(cap(0603))
Add component. Clean all parameters for all variants
Add component (AddParameter): Name = "Model"; Value = ""; VariantName = "[No Variations]"
Added Component: Designator=C52(cap(0603))
Add component. Clean all parameters for all variants
Add component (AddParameter): Name = "Model"; Value = ""; VariantName = "[No Variations]"
Added Component: Designator=C53(cap(0603))
Add component. Clean all parameters for all variants
Add component (AddParameter): Name = "Model"; Value = ""; VariantName = "[No Variations]"
Added Component: Designator=C54(cap(0603))
Add component. Clean all parameters for all variants
Add component (AddParameter): Name = "Model"; Value = ""; VariantName = "[No Variations]"
Added Component: Designator=C55(Capacitor 0805)
Add component. Clean all parameters for all variants
Add component (AddParameter): Name = "Model"; Value = ""; VariantName = "[No Variations]"
Added Component: Designator=C56(cap(0603))
Add component. Clean all parameters for all variants
Add component (AddParameter): Name = "Model"; Value = ""; VariantName = "[No Variations]"
Added Component: Designator=C57(cap(0603))
Add component. Clean all parameters for all variants
Add component (AddParameter): Name = "Model"; Value = ""; VariantName = "[No Variations]"
Added Component: Designator=C58(cap(0603))
Add component. Clean all parameters for all variants
Add component (AddParameter): Name = "Model"; Value = ""; VariantName = "[No Variations]"
Added Component: Designator=C59(cap(0603))
Add component. Clean all parameters for all variants
Add component (AddParameter): Name = "Model"; Value = ""; VariantName = "[No Variations]"
Added Component: Designator=C60(cap(0603))
Add component. Clean all parameters for all variants
Add component (AddParameter): Name = "Model"; Value = ""; VariantName = "[No Variations]"
Added Component: Designator=C61(cap(0603))
Add component. Clean all parameters for all variants
Add component (AddParameter): Name = "Model"; Value = ""; VariantName = "[No Variations]"
Added Component: Designator=C62(cap(0603))
Add component. Clean all parameters for all variants
Add component (AddParameter): Name = "Model"; Value = ""; VariantName = "[No Variations]"
Added Component: Designator=C63(cap(0603))
Add component. Clean all parameters for all variants
Add component (AddParameter): Name = "Model"; Value = ""; VariantName = "[No Variations]"
Added Component: Designator=D1(RN)
Add component. Clean all parameters for all variants
Added Component: Designator=D2(RN)
Add component. Clean all parameters for all variants
Added Component: Designator=D3(RN)
Add component. Clean all parameters for all variants
Added Component: Designator=D4(RN)
Add component. Clean all parameters for all variants
Added Component: Designator=D5(RN)
Add component. Clean all parameters for all variants
Added Component: Designator=D6(RN)
Add component. Clean all parameters for all variants
Added Component: Designator=D7(RN)
Add component. Clean all parameters for all variants
Added Component: Designator=D8(RN)
Add component. Clean all parameters for all variants
Added Component: Designator=D9(RN)
Add component. Clean all parameters for all variants
Added Component: Designator=D10(RN)
Add component. Clean all parameters for all variants
Added Component: Designator=D11(RN)
Add component. Clean all parameters for all variants
Added Component: Designator=D12(RN)
Add component. Clean all parameters for all variants
Added Component: Designator=D13(33pFX4)
Add component. Clean all parameters for all variants
Add component (AddParameter): Name = "Model"; Value = ""; VariantName = "[No Variations]"
Added Component: Designator=D14(33pFX4)
Add component. Clean all parameters for all variants
Add component (AddParameter): Name = "Model"; Value = ""; VariantName = "[No Variations]"
Added Component: Designator=D15(33pFX4)
Add component. Clean all parameters for all variants
Add component (AddParameter): Name = "Model"; Value = ""; VariantName = "[No Variations]"
Added Component: Designator=D16(33pFX4)
Add component. Clean all parameters for all variants
Add component (AddParameter): Name = "Model"; Value = ""; VariantName = "[No Variations]"
Added Component: Designator=D17(33pFX4)
Add component. Clean all parameters for all variants
Add component (AddParameter): Name = "Model"; Value = ""; VariantName = "[No Variations]"
Added Component: Designator=D18(33pFX4)
Add component. Clean all parameters for all variants
Add component (AddParameter): Name = "Model"; Value = ""; VariantName = "[No Variations]"
Added Component: Designator=D19(33pFX4)
Add component. Clean all parameters for all variants
Add component (AddParameter): Name = "Model"; Value = ""; VariantName = "[No Variations]"
Added Component: Designator=D20(33pFX4)
Add component. Clean all parameters for all variants
Add component (AddParameter): Name = "Model"; Value = ""; VariantName = "[No Variations]"
Added Component: Designator=D21(33pFX4)
Add component. Clean all parameters for all variants
Add component (AddParameter): Name = "Model"; Value = ""; VariantName = "[No Variations]"
Added Component: Designator=D22(33pFX4)
Add component. Clean all parameters for all variants
Add component (AddParameter): Name = "Model"; Value = ""; VariantName = "[No Variations]"
Added Component: Designator=D23(33pFX4)
Add component. Clean all parameters for all variants
Add component (AddParameter): Name = "Model"; Value = ""; VariantName = "[No Variations]"
Added Component: Designator=D24(33pFX4)
Add component. Clean all parameters for all variants
Add component (AddParameter): Name = "Model"; Value = ""; VariantName = "[No Variations]"
Added Component: Designator=D25(M51953A)
Add component. Clean all parameters for all variants
Added Component: Designator=D26(24LC32)
Add component. Clean all parameters for all variants
Added Component: Designator=D27(Inverter)
Add component. Clean all parameters for all variants
Added Component: Designator=D28(Conjuncture)
Add component. Clean all parameters for all variants
Added Component: Designator=D29(RN)
Add component. Clean all parameters for all variants
Added Component: Designator=D30(MTV312M64)
Add component. Clean all parameters for all variants
Added Component: Designator=D31(RN)
Add component. Clean all parameters for all variants
Added Component: Designator=D32(RN)
Add component. Clean all parameters for all variants
Added Component: Designator=D33(RN)
Add component. Clean all parameters for all variants
Added Component: Designator=D34(24LC32)
Add component. Clean all parameters for all variants
Added Component: Designator=DD1(GMZAN1)
Add component. Clean all parameters for all variants
Added Component: Designator=LL1(dros)
Add component. Clean all parameters for all variants
Added Component: Designator=LL2(dros)
Add component. Clean all parameters for all variants
Added Component: Designator=LL3(dros)
Add component. Clean all parameters for all variants
Added Component: Designator=LL4(dros)
Add component. Clean all parameters for all variants
Added Component: Designator=LL5(dros)
Add component. Clean all parameters for all variants
Added Component: Designator=LL6(dros)
Add component. Clean all parameters for all variants
Added Component: Designator=LL7(dros)
Add component. Clean all parameters for all variants
Added Component: Designator=LL8(dros)
Add component. Clean all parameters for all variants
Added Component: Designator=LL9(dros)
Add component. Clean all parameters for all variants
Added Component: Designator=LL10(dros)
Add component. Clean all parameters for all variants
Added Component: Designator=LL11(dros)
Add component. Clean all parameters for all variants
Added Component: Designator=LL12(dros)
Add component. Clean all parameters for all variants
Added Component: Designator=LL13(dros)
Add component. Clean all parameters for all variants
Added Component: Designator=LL14(dros)
Add component. Clean all parameters for all variants
Added Component: Designator=LL15(dros)
Add component. Clean all parameters for all variants
Added Component: Designator=LL16(dros)
Add component. Clean all parameters for all variants
Added Component: Designator=LL17(dros)
Add component. Clean all parameters for all variants
Added Component: Designator=LL18(dros)
Add component. Clean all parameters for all variants
Added Component: Designator=R1(Resistor 1206)
Add component. Clean all parameters for all variants
Add component (AddParameter): Name = "Model"; Value = ""; VariantName = "[No Variations]"
Added Component: Designator=R2(Resistor 1206)
Add component. Clean all parameters for all variants
Add component (AddParameter): Name = "Model"; Value = ""; VariantName = "[No Variations]"
Added Component: Designator=R3(Resistor 1206)
Add component. Clean all parameters for all variants
Add component (AddParameter): Name = "Model"; Value = ""; VariantName = "[No Variations]"
Added Component: Designator=R4(Resistor 1206)
Add component. Clean all parameters for all variants
Add component (AddParameter): Name = "Model"; Value = ""; VariantName = "[No Variations]"
Added Component: Designator=R5(Resistor 1206)
Add component. Clean all parameters for all variants
Add component (AddParameter): Name = "Model"; Value = ""; VariantName = "[No Variations]"
Added Component: Designator=R6(Resistor 1206)
Add component. Clean all parameters for all variants
Add component (AddParameter): Name = "Model"; Value = ""; VariantName = "[No Variations]"
Added Component: Designator=R7(Resistor 1206)
Add component. Clean all parameters for all variants
Add component (AddParameter): Name = "Model"; Value = ""; VariantName = "[No Variations]"
Added Component: Designator=R8(Resistor 1206)
Add component. Clean all parameters for all variants
Add component (AddParameter): Name = "Model"; Value = ""; VariantName = "[No Variations]"
Added Component: Designator=R9(Resistor 1206)
Add component. Clean all parameters for all variants
Add component (AddParameter): Name = "Model"; Value = ""; VariantName = "[No Variations]"
Added Component: Designator=R10(Resistor 1206)
Add component. Clean all parameters for all variants
Add component (AddParameter): Name = "Model"; Value = ""; VariantName = "[No Variations]"
Added Component: Designator=R11(Resistor 1206)
Add component. Clean all parameters for all variants
Add component (AddParameter): Name = "Model"; Value = ""; VariantName = "[No Variations]"
Added Component: Designator=R12(Resistor 1206)
Add component. Clean all parameters for all variants
Add component (AddParameter): Name = "Model"; Value = ""; VariantName = "[No Variations]"
Added Component: Designator=R13(Resistor 1206)
Add component. Clean all parameters for all variants
Add component (AddParameter): Name = "Model"; Value = ""; VariantName = "[No Variations]"
Added Component: Designator=R14(Resistor 1206)
Add component. Clean all parameters for all variants
Add component (AddParameter): Name = "Model"; Value = ""; VariantName = "[No Variations]"
Added Component: Designator=R15(Resistor 1206)
Add component. Clean all parameters for all variants
Add component (AddParameter): Name = "Model"; Value = ""; VariantName = "[No Variations]"
Added Component: Designator=R16(Resistor 1206)
Add component. Clean all parameters for all variants
Add component (AddParameter): Name = "Model"; Value = ""; VariantName = "[No Variations]"
Added Component: Designator=R17(Resistor 1206)
Add component. Clean all parameters for all variants
Add component (AddParameter): Name = "Model"; Value = ""; VariantName = "[No Variations]"
Added Component: Designator=R18(Resistor 1206)
Add component. Clean all parameters for all variants
Add component (AddParameter): Name = "Model"; Value = ""; VariantName = "[No Variations]"
Added Component: Designator=R19(Resistor 1206)
Add component. Clean all parameters for all variants
Add component (AddParameter): Name = "Model"; Value = ""; VariantName = "[No Variations]"
Added Component: Designator=R20(Resistor 1206)
Add component. Clean all parameters for all variants
Add component (AddParameter): Name = "Model"; Value = ""; VariantName = "[No Variations]"
Added Component: Designator=R21(Resistor 1206)
Add component. Clean all parameters for all variants
Add component (AddParameter): Name = "Model"; Value = ""; VariantName = "[No Variations]"
Added Component: Designator=R22(Resistor 1206)
Add component. Clean all parameters for all variants
Add component (AddParameter): Name = "Model"; Value = ""; VariantName = "[No Variations]"
Added Component: Designator=R23(Resistor 1206)
Add component. Clean all parameters for all variants
Add component (AddParameter): Name = "Model"; Value = ""; VariantName = "[No Variations]"
Added Component: Designator=R24(Resistor 1206)
Add component. Clean all parameters for all variants
Add component (AddParameter): Name = "Model"; Value = ""; VariantName = "[No Variations]"
Added Component: Designator=R25(Resistor 1206)
Add component. Clean all parameters for all variants
Add component (AddParameter): Name = "Model"; Value = ""; VariantName = "[No Variations]"
Added Component: Designator=R26(Resistor 1206)
Add component. Clean all parameters for all variants
Add component (AddParameter): Name = "Model"; Value = ""; VariantName = "[No Variations]"
Added Component: Designator=R27(Resistor 1206)
Add component. Clean all parameters for all variants
Add component (AddParameter): Name = "Model"; Value = ""; VariantName = "[No Variations]"
Added Component: Designator=R28(Resistor 1206)
Add component. Clean all parameters for all variants
Add component (AddParameter): Name = "Model"; Value = ""; VariantName = "[No Variations]"
Added Component: Designator=R29(Resistor 1206)
Add component. Clean all parameters for all variants
Add component (AddParameter): Name = "Model"; Value = ""; VariantName = "[No Variations]"
Added Component: Designator=R30(Resistor 1206)
Add component. Clean all parameters for all variants
Add component (AddParameter): Name = "Model"; Value = ""; VariantName = "[No Variations]"
Added Component: Designator=R31(Resistor 1206)
Add component. Clean all parameters for all variants
Add component (AddParameter): Name = "Model"; Value = ""; VariantName = "[No Variations]"
Added Component: Designator=R32(Resistor 1206)
Add component. Clean all parameters for all variants
Add component (AddParameter): Name = "Model"; Value = ""; VariantName = "[No Variations]"
Added Component: Designator=R33(Resistor 1206)
Add component. Clean all parameters for all variants
Add component (AddParameter): Name = "Model"; Value = ""; VariantName = "[No Variations]"
Added Component: Designator=R34(Resistor 1206)
Add component. Clean all parameters for all variants
Add component (AddParameter): Name = "Model"; Value = ""; VariantName = "[No Variations]"
Added Component: Designator=R35(Resistor 1206)
Add component. Clean all parameters for all variants
Add component (AddParameter): Name = "Model"; Value = ""; VariantName = "[No Variations]"
Added Component: Designator=R36(Resistor 1206)
Add component. Clean all parameters for all variants
Add component (AddParameter): Name = "Model"; Value = ""; VariantName = "[No Variations]"
Added Component: Designator=R37(Resistor 1206)
Add component. Clean all parameters for all variants
Add component (AddParameter): Name = "Model"; Value = ""; VariantName = "[No Variations]"
Added Component: Designator=R38(Resistor 1206)
Add component. Clean all parameters for all variants
Add component (AddParameter): Name = "Model"; Value = ""; VariantName = "[No Variations]"
Added Component: Designator=R39(Resistor 1206)
Add component. Clean all parameters for all variants
Add component (AddParameter): Name = "Model"; Value = ""; VariantName = "[No Variations]"
Added Component: Designator=R40(Resistor 1206)
Add component. Clean all parameters for all variants
Add component (AddParameter): Name = "Model"; Value = ""; VariantName = "[No Variations]"
Added Component: Designator=R41(Resistor 1206)
Add component. Clean all parameters for all variants
Add component (AddParameter): Name = "Model"; Value = ""; VariantName = "[No Variations]"
Added Component: Designator=R42(Resistor 1206)
Add component. Clean all parameters for all variants
Add component (AddParameter): Name = "Model"; Value = ""; VariantName = "[No Variations]"
Added Component: Designator=R43(Resistor 1206)
Add component. Clean all parameters for all variants
Add component (AddParameter): Name = "Model"; Value = ""; VariantName = "[No Variations]"
Added Component: Designator=R44(Resistor 1206)
Add component. Clean all parameters for all variants
Add component (AddParameter): Name = "Model"; Value = ""; VariantName = "[No Variations]"
Added Component: Designator=R45(Resistor 1206)
Add component. Clean all parameters for all variants
Add component (AddParameter): Name = "Model"; Value = ""; VariantName = "[No Variations]"
Added Component: Designator=R46(Resistor 1206)
Add component. Clean all parameters for all variants
Add component (AddParameter): Name = "Model"; Value = ""; VariantName = "[No Variations]"
Added Component: Designator=R47(Resistor 1206)
Add component. Clean all parameters for all variants
Add component (AddParameter): Name = "Model"; Value = ""; VariantName = "[No Variations]"
Added Component: Designator=R48(Resistor 1206)
Add component. Clean all parameters for all variants
Add component (AddParameter): Name = "Model"; Value = ""; VariantName = "[No Variations]"
Added Component: Designator=R49(Resistor 1206)
Add component. Clean all parameters for all variants
Add component (AddParameter): Name = "Model"; Value = ""; VariantName = "[No Variations]"
Added Component: Designator=R50(Resistor 1206)
Add component. Clean all parameters for all variants
Add component (AddParameter): Name = "Model"; Value = ""; VariantName = "[No Variations]"
Added Component: Designator=R51(Resistor 1206)
Add component. Clean all parameters for all variants
Add component (AddParameter): Name = "Model"; Value = ""; VariantName = "[No Variations]"
Added Component: Designator=R52(Resistor 1206)
Add component. Clean all parameters for all variants
Add component (AddParameter): Name = "Model"; Value = ""; VariantName = "[No Variations]"
Added Component: Designator=R53(Resistor 1206)
Add component. Clean all parameters for all variants
Add component (AddParameter): Name = "Model"; Value = ""; VariantName = "[No Variations]"
Added Component: Designator=R54(Resistor 1206)
Add component. Clean all parameters for all variants
Add component (AddParameter): Name = "Model"; Value = ""; VariantName = "[No Variations]"
Added Component: Designator=R55(Resistor 1206)
Add component. Clean all parameters for all variants
Add component (AddParameter): Name = "Model"; Value = ""; VariantName = "[No Variations]"
Added Component: Designator=R56(Resistor 1206)
Add component. Clean all parameters for all variants
Add component (AddParameter): Name = "Model"; Value = ""; VariantName = "[No Variations]"
Added Component: Designator=R57(Resistor 1206)
Add component. Clean all parameters for all variants
Add component (AddParameter): Name = "Model"; Value = ""; VariantName = "[No Variations]"
Added Component: Designator=R58(res(0603))
Add component. Clean all parameters for all variants
Added Component: Designator=R59(res(0603))
Add component. Clean all parameters for all variants
Added Component: Designator=R60(Resistor 1206)
Add component. Clean all parameters for all variants
Add component (AddParameter): Name = "Model"; Value = ""; VariantName = "[No Variations]"
Added Component: Designator=VD1(DAT17)
Add component. Clean all parameters for all variants
Added Component: Designator=VD2(DIODE)
Add component. Clean all parameters for all variants
Added Component: Designator=VD3(DIODE)
Add component. Clean all parameters for all variants
Added Component: Designator=VD4(Diode(shotki))
Add component. Clean all parameters for all variants
Added Component: Designator=VD5(Diode(shotki))
Add component. Clean all parameters for all variants
Added Component: Designator=VD6(DIODE)
Add component. Clean all parameters for all variants
Added Component: Designator=VD7(DIODE)
Add component. Clean all parameters for all variants
Added Component: Designator=VD8(Diode(shotki))
Add component. Clean all parameters for all variants
Added Component: Designator=VD9(DAT17)
Add component. Clean all parameters for all variants
Added Component: Designator=VD10(DAT17)
Add component. Clean all parameters for all variants
Added Component: Designator=VD11(DAT17)
Add component. Clean all parameters for all variants
Added Component: Designator=VD12(DAT17)
Add component. Clean all parameters for all variants
Added Component: Designator=VD13(DAT17)
Add component. Clean all parameters for all variants
Added Component: Designator=VD14(DAT17)
Add component. Clean all parameters for all variants
Added Component: Designator=VD15(Diode(shotki))
Add component. Clean all parameters for all variants
Added Component: Designator=VD16(DAT17)
Add component. Clean all parameters for all variants
Added Component: Designator=VD17(DAT17)
Add component. Clean all parameters for all variants
Added Component: Designator=VD18(DIODE)
Add component. Clean all parameters for all variants
Added Component: Designator=VD19(Diode(shotki))
Add component. Clean all parameters for all variants
Added Component: Designator=VD20(DIODE)
Add component. Clean all parameters for all variants
Added Component: Designator=VT1(Transistor 1)
Add component. Clean all parameters for all variants
Added Component: Designator=VT2(Transistor 1)
Add component. Clean all parameters for all variants
Added Component: Designator=VT3(Transistor 1)
Add component. Clean all parameters for all variants
Added Component: Designator=VT4(Transistor 1)
Add component. Clean all parameters for all variants
Added Component: Designator=XP1(Header 4)
Add component. Clean all parameters for all variants
Added Component: Designator=XP2(All pins)
Add component. Clean all parameters for all variants
Added Component: Designator=XS1(Header 4)
Add component. Clean all parameters for all variants
Added Component: Designator=XS2(Header 45)
Add component. Clean all parameters for all variants
Added Component: Designator=XS3(Header 30)
Add component. Clean all parameters for all variants
Added Component: Designator=XS4(Header 8)
Add component. Clean all parameters for all variants
Added Component: Designator=XS5(header 13)
Add component. Clean all parameters for all variants
Added Component: Designator=XS6(All pins)
Add component. Clean all parameters for all variants
Added Component: Designator=XS7(All pins)
Add component. Clean all parameters for all variants
Added Component: Designator=XS8(All pins)
Add component. Clean all parameters for all variants
Added Component: Designator=XS9(All pins)
Add component. Clean all parameters for all variants
Added Component: Designator=XS10(Header 4)
Add component. Clean all parameters for all variants
Added Component: Designator=XS11(All pins)
Add component. Clean all parameters for all variants
Added Component: Designator=ZQ1(HC-49/U)
Add component. Clean all parameters for all variants
Added Component: Designator=ZQ2(HC-49/U)
Add component. Clean all parameters for all variants
Added Pin To Net: NetName=GND Pin=C1-1
Added Pin To Net: NetName=NetC1_2 Pin=C1-2
Added Pin To Net: NetName=NetC2_1 Pin=C2-1
Added Pin To Net: NetName=NetC2_2 Pin=C2-2
Added Pin To Net: NetName=GND Pin=C3-1
Added Pin To Net: NetName=NetC3_2 Pin=C3-2
Added Pin To Net: NetName=GND Pin=C4-1
Added Pin To Net: NetName=NetC2_2 Pin=C4-2
Added Pin To Net: NetName=GND Pin=C5-1
Added Pin To Net: NetName=NetC2_2 Pin=C5-2
Added Pin To Net: NetName=GND Pin=C6-1
Added Pin To Net: NetName=PNLVCC Pin=C6-2
Added Pin To Net: NetName=GND Pin=C7-1
Added Pin To Net: NetName=GND Pin=C7-2
Added Pin To Net: NetName=GND Pin=C8-1
Added Pin To Net: NetName=GND Pin=C8-2
Added Pin To Net: NetName=DE Pin=C9-1
Added Pin To Net: NetName=GND Pin=C9-2
Added Pin To Net: NetName=SHFCLK Pin=C10-1
Added Pin To Net: NetName=GND Pin=C10-2
Added Pin To Net: NetName=LP Pin=C11-1
Added Pin To Net: NetName=GND Pin=C11-2
Added Pin To Net: NetName=FLM Pin=C12-1
Added Pin To Net: NetName=GND Pin=C12-2
Added Pin To Net: NetName=GND Pin=C13-1
Added Pin To Net: NetName=NetC13_2 Pin=C13-2
Added Pin To Net: NetName=GND Pin=C14-1
Added Pin To Net: NetName=GND Pin=C14-2
Added Pin To Net: NetName=GND Pin=C15-1
Added Pin To Net: NetName=NetC15_2 Pin=C15-2
Added Pin To Net: NetName=GND Pin=C16-1
Added Pin To Net: NetName=NetC16_2 Pin=C16-2
Added Pin To Net: NetName=GND Pin=C17-1
Added Pin To Net: NetName=NetC17_2 Pin=C17-2
Added Pin To Net: NetName=GND Pin=C18-1
Added Pin To Net: NetName=NetC18_2 Pin=C18-2
Added Pin To Net: NetName=GND Pin=C19-1
Added Pin To Net: NetName=SHFCLK Pin=C19-2
Added Pin To Net: NetName=GND Pin=C20-1
Added Pin To Net: NetName=NetC20_2 Pin=C20-2
Added Pin To Net: NetName=NetC21_1 Pin=C21-1
Added Pin To Net: NetName=NetC21_2 Pin=C21-2
Added Pin To Net: NetName=GND Pin=C22-1
Added Pin To Net: NetName=NetC22_2 Pin=C22-2
Added Pin To Net: NetName=NetC23_1 Pin=C23-1
Added Pin To Net: NetName=NetC21_1 Pin=C23-2
Added Pin To Net: NetName=NetC24_1 Pin=C24-1
Added Pin To Net: NetName=NetC24_2 Pin=C24-2
Added Pin To Net: NetName=NetC24_1 Pin=C25-1
Added Pin To Net: NetName=GND Pin=C25-2
Added Pin To Net: NetName=GND Pin=C26-1
Added Pin To Net: NetName=NetC26_2 Pin=C26-2
Added Pin To Net: NetName=GND Pin=C27-1
Added Pin To Net: NetName=NetC27_2 Pin=C27-2
Added Pin To Net: NetName=GND Pin=C28-1
Added Pin To Net: NetName=OSD-CLK Pin=C28-2
Added Pin To Net: NetName=AGND Pin=C29-1
Added Pin To Net: NetName=NetC29_2 Pin=C29-2
Added Pin To Net: NetName=AGND Pin=C30-1
Added Pin To Net: NetName=NetC30_2 Pin=C30-2
Added Pin To Net: NetName=GND Pin=C31-1
Added Pin To Net: NetName=NetC31_2 Pin=C31-2
Added Pin To Net: NetName=GND Pin=C32-1
Added Pin To Net: NetName=NetC31_2 Pin=C32-2
Added Pin To Net: NetName=GND Pin=C33-1
Added Pin To Net: NetName=NetC33_2 Pin=C33-2
Added Pin To Net: NetName=GND Pin=C34-1
Added Pin To Net: NetName=NetC34_2 Pin=C34-2
Added Pin To Net: NetName=GND Pin=C35-1
Added Pin To Net: NetName=NetC35_2 Pin=C35-2
Added Pin To Net: NetName=NetC36_1 Pin=C36-1
Added Pin To Net: NetName=NetC36_2 Pin=C36-2
Added Pin To Net: NetName=NetC37_1 Pin=C37-1
Added Pin To Net: NetName=NetC37_2 Pin=C37-2
Added Pin To Net: NetName=NetC38_1 Pin=C38-1
Added Pin To Net: NetName=NetC38_2 Pin=C38-2
Added Pin To Net: NetName=NetC39_1 Pin=C39-1
Added Pin To Net: NetName=NetC39_2 Pin=C39-2
Added Pin To Net: NetName=NetC40_1 Pin=C40-1
Added Pin To Net: NetName=NetC40_2 Pin=C40-2
Added Pin To Net: NetName=NetC41_1 Pin=C41-1
Added Pin To Net: NetName=NetC41_2 Pin=C41-2
Added Pin To Net: NetName=GND Pin=C42-1
Added Pin To Net: NetName=NetC42_2 Pin=C42-2
Added Pin To Net: NetName=GND Pin=C43-1
Added Pin To Net: NetName=NetC43_2 Pin=C43-2
Added Pin To Net: NetName=GND Pin=C44-1
Added Pin To Net: NetName=NetC44_2 Pin=C44-2
Added Pin To Net: NetName=GND Pin=C45-1
Added Pin To Net: NetName=NetC45_2 Pin=C45-2
Added Pin To Net: NetName=GND Pin=C46-1
Added Pin To Net: NetName=CVDD0 Pin=C46-2
Added Pin To Net: NetName=GND Pin=C47-1
Added Pin To Net: NetName=NetC47_2 Pin=C47-2
Added Pin To Net: NetName=GND Pin=C48-1
Added Pin To Net: NetName=NetC48_2 Pin=C48-2
Added Pin To Net: NetName=GND Pin=C49-1
Added Pin To Net: NetName=NetC49_2 Pin=C49-2
Added Pin To Net: NetName=GND Pin=C50-1
Added Pin To Net: NetName=NetC45_2 Pin=C50-2
Added Pin To Net: NetName=GND Pin=C51-1
Added Pin To Net: NetName=NetC51_2 Pin=C51-2
Added Pin To Net: NetName=NetC52_1 Pin=C52-1
Added Pin To Net: NetName=NetC52_2 Pin=C52-2
Added Pin To Net: NetName=NetC53_1 Pin=C53-1
Added Pin To Net: NetName=NetC53_2 Pin=C53-2
Added Pin To Net: NetName=NetC54_1 Pin=C54-1
Added Pin To Net: NetName=NetC54_2 Pin=C54-2
Added Pin To Net: NetName=GND Pin=C55-1
Added Pin To Net: NetName=NetC55_2 Pin=C55-2
Added Pin To Net: NetName=AGND Pin=C56-1
Added Pin To Net: NetName=CVDD0 Pin=C56-2
Added Pin To Net: NetName=AGND Pin=C57-1
Added Pin To Net: NetName=CVDD0 Pin=C57-2
Added Pin To Net: NetName=AGND Pin=C58-1
Added Pin To Net: NetName=CVDD0 Pin=C58-2
Added Pin To Net: NetName=GND Pin=C59-1
Added Pin To Net: NetName=NetC59_2 Pin=C59-2
Added Pin To Net: NetName=NetC60_1 Pin=C60-1
Added Pin To Net: NetName=GND Pin=C60-2
Added Pin To Net: NetName=GND Pin=C61-1
Added Pin To Net: NetName=NetC61_2 Pin=C61-2
Added Pin To Net: NetName=GND Pin=C62-1
Added Pin To Net: NetName=NetC62_2 Pin=C62-2
Added Pin To Net: NetName=GND Pin=C63-1
Added Pin To Net: NetName=CVDD0 Pin=C63-2
Added Pin To Net: NetName=PD38 Pin=D1-1
Added Pin To Net: NetName=PD39 Pin=D1-2
Added Pin To Net: NetName=PD6 Pin=D1-3
Added Pin To Net: NetName=PD7 Pin=D1-4
Added Pin To Net: NetName=PNL7 Pin=D1-5
Added Pin To Net: NetName=PNL6 Pin=D1-6
Added Pin To Net: NetName=PNL39 Pin=D1-7
Added Pin To Net: NetName=PNL38 Pin=D1-8
Added Pin To Net: NetName=PD8 Pin=D2-1
Added Pin To Net: NetName=PD9 Pin=D2-2
Added Pin To Net: NetName=PD10 Pin=D2-3
Added Pin To Net: NetName=PD11 Pin=D2-4
Added Pin To Net: NetName=PNL11 Pin=D2-5
Added Pin To Net: NetName=PNL10 Pin=D2-6
Added Pin To Net: NetName=PNL9 Pin=D2-7
Added Pin To Net: NetName=PNL8 Pin=D2-8
Added Pin To Net: NetName=PD14 Pin=D3-1
Added Pin To Net: NetName=PD15 Pin=D3-2
Added Pin To Net: NetName=PD16 Pin=D3-3
Added Pin To Net: NetName=PD17 Pin=D3-4
Added Pin To Net: NetName=PNL17 Pin=D3-5
Added Pin To Net: NetName=PNL16 Pin=D3-6
Added Pin To Net: NetName=PNL15 Pin=D3-7
Added Pin To Net: NetName=PNL14 Pin=D3-8
Added Pin To Net: NetName=PD42 Pin=D4-1
Added Pin To Net: NetName=PD43 Pin=D4-2
Added Pin To Net: NetName=PD18 Pin=D4-3
Added Pin To Net: NetName=PD19 Pin=D4-4
Added Pin To Net: NetName=PNL19 Pin=D4-5
Added Pin To Net: NetName=PNL18 Pin=D4-6
Added Pin To Net: NetName=PNL43 Pin=D4-7
Added Pin To Net: NetName=PNL42 Pin=D4-8
Added Pin To Net: NetName=PD20 Pin=D5-1
Added Pin To Net: NetName=PD21 Pin=D5-2
Added Pin To Net: NetName=PD22 Pin=D5-3
Added Pin To Net: NetName=PD23 Pin=D5-4
Added Pin To Net: NetName=PNL23 Pin=D5-5
Added Pin To Net: NetName=PNL22 Pin=D5-6
Added Pin To Net: NetName=PNL21 Pin=D5-7
Added Pin To Net: NetName=PNL20 Pin=D5-8
Added Pin To Net: NetName=PD2 Pin=D6-1
Added Pin To Net: NetName=PD3 Pin=D6-2
Added Pin To Net: NetName=PD4 Pin=D6-3
Added Pin To Net: NetName=PD5 Pin=D6-4
Added Pin To Net: NetName=PNL5 Pin=D6-5
Added Pin To Net: NetName=PNL4 Pin=D6-6
Added Pin To Net: NetName=PNL3 Pin=D6-7
Added Pin To Net: NetName=PNL2 Pin=D6-8
Added Pin To Net: NetName=PD40 Pin=D7-1
Added Pin To Net: NetName=PD41 Pin=D7-2
Added Pin To Net: NetName=PD12 Pin=D7-3
Added Pin To Net: NetName=PD13 Pin=D7-4
Added Pin To Net: NetName=PNL13 Pin=D7-5
Added Pin To Net: NetName=PNL12 Pin=D7-6
Added Pin To Net: NetName=PNL41 Pin=D7-7
Added Pin To Net: NetName=PNL40 Pin=D7-8
Added Pin To Net: NetName=PD44 Pin=D8-1
Added Pin To Net: NetName=PD45 Pin=D8-2
Added Pin To Net: NetName=PD24 Pin=D8-3
Added Pin To Net: NetName=PD25 Pin=D8-4
Added Pin To Net: NetName=PNL25 Pin=D8-5
Added Pin To Net: NetName=PNL24 Pin=D8-6
Added Pin To Net: NetName=PNL45 Pin=D8-7
Added Pin To Net: NetName=PNL44 Pin=D8-8
Added Pin To Net: NetName=PD26 Pin=D9-1
Added Pin To Net: NetName=PD27 Pin=D9-2
Added Pin To Net: NetName=PD28 Pin=D9-3
Added Pin To Net: NetName=PD29 Pin=D9-4
Added Pin To Net: NetName=PNL29 Pin=D9-5
Added Pin To Net: NetName=PNL28 Pin=D9-6
Added Pin To Net: NetName=PNL27 Pin=D9-7
Added Pin To Net: NetName=PNL26 Pin=D9-8
Added Pin To Net: NetName=PD32 Pin=D10-1
Added Pin To Net: NetName=PD33 Pin=D10-2
Added Pin To Net: NetName=PD34 Pin=D10-3
Added Pin To Net: NetName=PD35 Pin=D10-4
Added Pin To Net: NetName=PNL35 Pin=D10-5
Added Pin To Net: NetName=PNL34 Pin=D10-6
Added Pin To Net: NetName=PNL33 Pin=D10-7
Added Pin To Net: NetName=PNL32 Pin=D10-8
Added Pin To Net: NetName=PD36 Pin=D11-1
Added Pin To Net: NetName=PD37 Pin=D11-2
Added Pin To Net: NetName=PD0 Pin=D11-3
Added Pin To Net: NetName=PD1 Pin=D11-4
Added Pin To Net: NetName=PNL1 Pin=D11-5
Added Pin To Net: NetName=PNL0 Pin=D11-6
Added Pin To Net: NetName=PNL37 Pin=D11-7
Added Pin To Net: NetName=PNL36 Pin=D11-8
Added Pin To Net: NetName=PD46 Pin=D12-1
Added Pin To Net: NetName=PD47 Pin=D12-2
Added Pin To Net: NetName=PD30 Pin=D12-3
Added Pin To Net: NetName=PD31 Pin=D12-4
Added Pin To Net: NetName=PNL31 Pin=D12-5
Added Pin To Net: NetName=PNL30 Pin=D12-6
Added Pin To Net: NetName=PNL47 Pin=D12-7
Added Pin To Net: NetName=PNL46 Pin=D12-8
Added Pin To Net: NetName=PNL44 Pin=D13-1
Added Pin To Net: NetName=PNL45 Pin=D13-2
Added Pin To Net: NetName=PNL24 Pin=D13-3
Added Pin To Net: NetName=PNL25 Pin=D13-4
Added Pin To Net: NetName=GND Pin=D13-5
Added Pin To Net: NetName=GND Pin=D13-6
Added Pin To Net: NetName=GND Pin=D13-7
Added Pin To Net: NetName=GND Pin=D13-8
Added Pin To Net: NetName=PNL46 Pin=D14-1
Added Pin To Net: NetName=PNL30 Pin=D14-3
Added Pin To Net: NetName=PNL31 Pin=D14-4
Added Pin To Net: NetName=GND Pin=D14-5
Added Pin To Net: NetName=GND Pin=D14-6
Added Pin To Net: NetName=GND Pin=D14-7
Added Pin To Net: NetName=GND Pin=D14-8
Added Pin To Net: NetName=PNL36 Pin=D15-1
Added Pin To Net: NetName=PNL37 Pin=D15-2
Added Pin To Net: NetName=PNL0 Pin=D15-3
Added Pin To Net: NetName=PNL1 Pin=D15-4
Added Pin To Net: NetName=GND Pin=D15-5
Added Pin To Net: NetName=GND Pin=D15-6
Added Pin To Net: NetName=GND Pin=D15-7
Added Pin To Net: NetName=GND Pin=D15-8
Added Pin To Net: NetName=PNL38 Pin=D16-1
Added Pin To Net: NetName=PNL39 Pin=D16-2
Added Pin To Net: NetName=PNL6 Pin=D16-3
Added Pin To Net: NetName=PNL7 Pin=D16-4
Added Pin To Net: NetName=GND Pin=D16-5
Added Pin To Net: NetName=GND Pin=D16-6
Added Pin To Net: NetName=GND Pin=D16-7
Added Pin To Net: NetName=GND Pin=D16-8
Added Pin To Net: NetName=PNL40 Pin=D17-1
Added Pin To Net: NetName=PNL41 Pin=D17-2
Added Pin To Net: NetName=PNL12 Pin=D17-3
Added Pin To Net: NetName=PNL13 Pin=D17-4
Added Pin To Net: NetName=GND Pin=D17-5
Added Pin To Net: NetName=GND Pin=D17-6
Added Pin To Net: NetName=GND Pin=D17-7
Added Pin To Net: NetName=GND Pin=D17-8
Added Pin To Net: NetName=PNL42 Pin=D18-1
Added Pin To Net: NetName=PNL43 Pin=D18-2
Added Pin To Net: NetName=PNL18 Pin=D18-3
Added Pin To Net: NetName=PNL19 Pin=D18-4
Added Pin To Net: NetName=GND Pin=D18-5
Added Pin To Net: NetName=GND Pin=D18-6
Added Pin To Net: NetName=GND Pin=D18-7
Added Pin To Net: NetName=GND Pin=D18-8
Added Pin To Net: NetName=PNL32 Pin=D19-1
Added Pin To Net: NetName=PNL33 Pin=D19-2
Added Pin To Net: NetName=PNL34 Pin=D19-3
Added Pin To Net: NetName=PNL35 Pin=D19-4
Added Pin To Net: NetName=GND Pin=D19-5
Added Pin To Net: NetName=GND Pin=D19-6
Added Pin To Net: NetName=GND Pin=D19-7
Added Pin To Net: NetName=GND Pin=D19-8
Added Pin To Net: NetName=PNL14 Pin=D20-1
Added Pin To Net: NetName=PNL15 Pin=D20-2
Added Pin To Net: NetName=PNL16 Pin=D20-3
Added Pin To Net: NetName=PNL17 Pin=D20-4
Added Pin To Net: NetName=GND Pin=D20-5
Added Pin To Net: NetName=GND Pin=D20-6
Added Pin To Net: NetName=GND Pin=D20-7
Added Pin To Net: NetName=GND Pin=D20-8
Added Pin To Net: NetName=PNL20 Pin=D21-1
Added Pin To Net: NetName=PNL21 Pin=D21-2
Added Pin To Net: NetName=PNL22 Pin=D21-3
Added Pin To Net: NetName=PNL23 Pin=D21-4
Added Pin To Net: NetName=GND Pin=D21-5
Added Pin To Net: NetName=GND Pin=D21-6
Added Pin To Net: NetName=GND Pin=D21-7
Added Pin To Net: NetName=GND Pin=D21-8
Added Pin To Net: NetName=PNL26 Pin=D22-1
Added Pin To Net: NetName=PNL27 Pin=D22-2
Added Pin To Net: NetName=PNL28 Pin=D22-3
Added Pin To Net: NetName=PNL29 Pin=D22-4
Added Pin To Net: NetName=GND Pin=D22-5
Added Pin To Net: NetName=GND Pin=D22-6
Added Pin To Net: NetName=GND Pin=D22-7
Added Pin To Net: NetName=GND Pin=D22-8
Added Pin To Net: NetName=PNL2 Pin=D23-1
Added Pin To Net: NetName=PNL3 Pin=D23-2
Added Pin To Net: NetName=PNL4 Pin=D23-3
Added Pin To Net: NetName=PNL5 Pin=D23-4
Added Pin To Net: NetName=GND Pin=D23-5
Added Pin To Net: NetName=GND Pin=D23-6
Added Pin To Net: NetName=GND Pin=D23-7
Added Pin To Net: NetName=GND Pin=D23-8
Added Pin To Net: NetName=PNL8 Pin=D24-1
Added Pin To Net: NetName=PNL9 Pin=D24-2
Added Pin To Net: NetName=PNL10 Pin=D24-3
Added Pin To Net: NetName=PNL11 Pin=D24-4
Added Pin To Net: NetName=GND Pin=D24-5
Added Pin To Net: NetName=GND Pin=D24-6
Added Pin To Net: NetName=GND Pin=D24-7
Added Pin To Net: NetName=GND Pin=D24-8
Added Pin To Net: NetName=GND Pin=D25-4
Added Pin To Net: NetName=NetC17_2 Pin=D25-5
Added Pin To Net: NetName=RESETn Pin=D25-6
Added Pin To Net: NetName=GND Pin=D25-7
Added Pin To Net: NetName=GND Pin=D26-1
Added Pin To Net: NetName=GND Pin=D26-2
Added Pin To Net: NetName=GND Pin=D26-3
Added Pin To Net: NetName=GND Pin=D26-4
Added Pin To Net: NetName=NetC16_2 Pin=D26-5
Added Pin To Net: NetName=NetC18_2 Pin=D26-6
Added Pin To Net: NetName=GND Pin=D26-7
Added Pin To Net: NetName=GND Pin=D26-8
Added Pin To Net: NetName=RESETn Pin=D27-2
Added Pin To Net: NetName=GND Pin=D27-3
Added Pin To Net: NetName=RST Pin=D27-4
Added Pin To Net: NetName=GND Pin=D27-5
Added Pin To Net: NetName=NetD28_1 Pin=D28-1
Added Pin To Net: NetName=HCLK Pin=D28-2
Added Pin To Net: NetName=GND Pin=D28-3
Added Pin To Net: NetName=NetD28_4 Pin=D28-4
Added Pin To Net: NetName=GND Pin=D28-5
Added Pin To Net: NetName=HDATA3 Pin=D29-1
Added Pin To Net: NetName=HDATA2 Pin=D29-2
Added Pin To Net: NetName=HDATA1 Pin=D29-3
Added Pin To Net: NetName=HDATA0 Pin=D29-4
Added Pin To Net: NetName=CVDD0 Pin=D29-5
Added Pin To Net: NetName=CVDD0 Pin=D29-6
Added Pin To Net: NetName=CVDD0 Pin=D29-7
Added Pin To Net: NetName=CVDD0 Pin=D29-8
Added Pin To Net: NetName=NetD30_1 Pin=D30-1
Added Pin To Net: NetName=NetD30_2 Pin=D30-2
Added Pin To Net: NetName=NetD30_3 Pin=D30-3
Added Pin To Net: NetName=NetC24_2 Pin=D30-4
Added Pin To Net: NetName=RST Pin=D30-7
Added Pin To Net: NetName=GND Pin=D30-8
Added Pin To Net: NetName=NetD30_9 Pin=D30-9
Added Pin To Net: NetName=NetC24_1 Pin=D30-10
Added Pin To Net: NetName=NetC23_1 Pin=D30-11
Added Pin To Net: NetName=NetC21_2 Pin=D30-12
Added Pin To Net: NetName=SDA Pin=D30-13
Added Pin To Net: NetName=SCL Pin=D30-14
Added Pin To Net: NetName=IRQ Pin=D30-19
Added Pin To Net: NetName=HCLK Pin=D30-22
Added Pin To Net: NetName=HFS Pin=D30-23
Added Pin To Net: NetName=NetC13_2 Pin=D30-28
Added Pin To Net: NetName=NetC15_2 Pin=D30-29
Added Pin To Net: NetName=NetD30_32 Pin=D30-32
Added Pin To Net: NetName=NetD30_33 Pin=D30-33
Added Pin To Net: NetName=NetD30_40 Pin=D30-40
Added Pin To Net: NetName=NetD30_41 Pin=D30-41
Added Pin To Net: NetName=NetD30_42 Pin=D30-42
Added Pin To Net: NetName=MFB10 Pin=D31-1
Added Pin To Net: NetName=MFB11 Pin=D31-2
Added Pin To Net: NetName=MFB6 Pin=D31-3
Added Pin To Net: NetName=MFB5 Pin=D31-4
Added Pin To Net: NetName=NetC51_2 Pin=D31-5
Added Pin To Net: NetName=NetD31_6 Pin=D31-6
Added Pin To Net: NetName=NetC49_2 Pin=D31-7
Added Pin To Net: NetName=CVDD0 Pin=D31-8
Added Pin To Net: NetName=MFB0 Pin=D32-1
Added Pin To Net: NetName=MFB1 Pin=D32-2
Added Pin To Net: NetName=MFB2 Pin=D32-3
Added Pin To Net: NetName=MFB3 Pin=D32-4
Added Pin To Net: NetName=NetC43_2 Pin=D32-5
Added Pin To Net: NetName=NetC42_2 Pin=D32-6
Added Pin To Net: NetName=NetC35_2 Pin=D32-7
Added Pin To Net: NetName=NetC33_2 Pin=D32-8
Added Pin To Net: NetName=NetC33_2 Pin=D33-1
Added Pin To Net: NetName=NetC35_2 Pin=D33-2
Added Pin To Net: NetName=NetC42_2 Pin=D33-3
Added Pin To Net: NetName=NetC43_2 Pin=D33-4
Added Pin To Net: NetName=CVDD0 Pin=D33-5
Added Pin To Net: NetName=CVDD0 Pin=D33-6
Added Pin To Net: NetName=CVDD0 Pin=D33-7
Added Pin To Net: NetName=CVDD0 Pin=D33-8
Added Pin To Net: NetName=GND Pin=D34-1
Added Pin To Net: NetName=GND Pin=D34-2
Added Pin To Net: NetName=GND Pin=D34-3
Added Pin To Net: NetName=GND Pin=D34-4
Added Pin To Net: NetName=NetD34_5 Pin=D34-5
Added Pin To Net: NetName=NetD34_6 Pin=D34-6
Added Pin To Net: NetName=NetC62_2 Pin=D34-7
Added Pin To Net: NetName=NetC60_1 Pin=D34-8
Added Pin To Net: NetName=GND Pin=DD1-1
Added Pin To Net: NetName=PD47 Pin=DD1-6
Added Pin To Net: NetName=PD46 Pin=DD1-7
Added Pin To Net: NetName=GND Pin=DD1-8
Added Pin To Net: NetName=PD45 Pin=DD1-9
Added Pin To Net: NetName=PD44 Pin=DD1-10
Added Pin To Net: NetName=NetDD1_11 Pin=DD1-11
Added Pin To Net: NetName=NetDD1_12 Pin=DD1-12
Added Pin To Net: NetName=PD43 Pin=DD1-13
Added Pin To Net: NetName=PD42 Pin=DD1-14
Added Pin To Net: NetName=PD41 Pin=DD1-15
Added Pin To Net: NetName=PD40 Pin=DD1-16
Added Pin To Net: NetName=PD39 Pin=DD1-17
Added Pin To Net: NetName=GND Pin=DD1-18
Added Pin To Net: NetName=PD38 Pin=DD1-19
Added Pin To Net: NetName=PD37 Pin=DD1-20
Added Pin To Net: NetName=NetDD1_11 Pin=DD1-21
Added Pin To Net: NetName=PD36 Pin=DD1-22
Added Pin To Net: NetName=PD35 Pin=DD1-23
Added Pin To Net: NetName=PD34 Pin=DD1-24
Added Pin To Net: NetName=PD33 Pin=DD1-25
Added Pin To Net: NetName=PD32 Pin=DD1-26
Added Pin To Net: NetName=PD31 Pin=DD1-27
Added Pin To Net: NetName=PD30 Pin=DD1-28
Added Pin To Net: NetName=PD29 Pin=DD1-29
Added Pin To Net: NetName=GND Pin=DD1-30
Added Pin To Net: NetName=PD28 Pin=DD1-31
Added Pin To Net: NetName=PD27 Pin=DD1-32
Added Pin To Net: NetName=NetDD1_12 Pin=DD1-33
Added Pin To Net: NetName=PD26 Pin=DD1-34
Added Pin To Net: NetName=PD25 Pin=DD1-35
Added Pin To Net: NetName=PD24 Pin=DD1-36
Added Pin To Net: NetName=PD23 Pin=DD1-37
Added Pin To Net: NetName=PD22 Pin=DD1-38
Added Pin To Net: NetName=PD21 Pin=DD1-39
Added Pin To Net: NetName=NetDD1_12 Pin=DD1-40
Added Pin To Net: NetName=GND Pin=DD1-41
Added Pin To Net: NetName=PD20 Pin=DD1-42
Added Pin To Net: NetName=PDE Pin=DD1-43
Added Pin To Net: NetName=NetDD1_45 Pin=DD1-45
Added Pin To Net: NetName=PD19 Pin=DD1-46
Added Pin To Net: NetName=PD18 Pin=DD1-47
Added Pin To Net: NetName=PD17 Pin=DD1-48
Added Pin To Net: NetName=GND Pin=DD1-49
Added Pin To Net: NetName=PD16 Pin=DD1-50
Added Pin To Net: NetName=PD15 Pin=DD1-51
Added Pin To Net: NetName=PD14 Pin=DD1-52
Added Pin To Net: NetName=PD13 Pin=DD1-53
Added Pin To Net: NetName=PD12 Pin=DD1-54
Added Pin To Net: NetName=PD11 Pin=DD1-55
Added Pin To Net: NetName=PD10 Pin=DD1-56
Added Pin To Net: NetName=PD9 Pin=DD1-57
Added Pin To Net: NetName=NetDD1_11 Pin=DD1-58
Added Pin To Net: NetName=GND Pin=DD1-61
Added Pin To Net: NetName=PD8 Pin=DD1-62
Added Pin To Net: NetName=PD7 Pin=DD1-63
Added Pin To Net: NetName=PD6 Pin=DD1-64
Added Pin To Net: NetName=NetDD1_12 Pin=DD1-65
Added Pin To Net: NetName=PD5 Pin=DD1-66
Added Pin To Net: NetName=PD4 Pin=DD1-67
Added Pin To Net: NetName=PD3 Pin=DD1-68
Added Pin To Net: NetName=PD2 Pin=DD1-69
Added Pin To Net: NetName=PD1 Pin=DD1-70
Added Pin To Net: NetName=PD0 Pin=DD1-71
Added Pin To Net: NetName=GND Pin=DD1-72
Added Pin To Net: NetName=PVS Pin=DD1-73
Added Pin To Net: NetName=PHS Pin=DD1-74
Added Pin To Net: NetName=PPWR Pin=DD1-76
Added Pin To Net: NetName=NetDD1_77 Pin=DD1-77
Added Pin To Net: NetName=NetDD1_78 Pin=DD1-78
Added Pin To Net: NetName=NetDD1_79 Pin=DD1-79
Added Pin To Net: NetName=NetDD1_80 Pin=DD1-80
Added Pin To Net: NetName=NetDD1_81 Pin=DD1-81
Added Pin To Net: NetName=NetDD1_81 Pin=DD1-82
Added Pin To Net: NetName=NetDD1_84 Pin=DD1-84
Added Pin To Net: NetName=NetDD1_85 Pin=DD1-85
Added Pin To Net: NetName=NetC37_2 Pin=DD1-86
Added Pin To Net: NetName=NetC36_2 Pin=DD1-87
Added Pin To Net: NetName=NetDD1_88 Pin=DD1-88
Added Pin To Net: NetName=NetC39_2 Pin=DD1-90
Added Pin To Net: NetName=NetC38_2 Pin=DD1-91
Added Pin To Net: NetName=NetDD1_92 Pin=DD1-92
Added Pin To Net: NetName=NetDD1_93 Pin=DD1-93
Added Pin To Net: NetName=NetC41_2 Pin=DD1-94
Added Pin To Net: NetName=NetC40_2 Pin=DD1-95
Added Pin To Net: NetName=NetDD1_96 Pin=DD1-96
Added Pin To Net: NetName=HFS Pin=DD1-98
Added Pin To Net: NetName=HDATA0 Pin=DD1-99
Added Pin To Net: NetName=RESETn Pin=DD1-100
Added Pin To Net: NetName=IRQ Pin=DD1-101
Added Pin To Net: NetName=HDATA3 Pin=DD1-102
Added Pin To Net: NetName=NetD28_4 Pin=DD1-103
Added Pin To Net: NetName=HDATA2 Pin=DD1-104
Added Pin To Net: NetName=HDATA1 Pin=DD1-105
Added Pin To Net: NetName=MFB6 Pin=DD1-106
Added Pin To Net: NetName=MFB5 Pin=DD1-107
Added Pin To Net: NetName=NetDD1_11 Pin=DD1-108
Added Pin To Net: NetName=MFB4 Pin=DD1-109
Added Pin To Net: NetName=MFB3 Pin=DD1-110
Added Pin To Net: NetName=MFB2 Pin=DD1-111
Added Pin To Net: NetName=MFB1 Pin=DD1-112
Added Pin To Net: NetName=MFB0 Pin=DD1-113
Added Pin To Net: NetName=GND Pin=DD1-114
Added Pin To Net: NetName=HREF Pin=DD1-115
Added Pin To Net: NetName=VREF Pin=DD1-116
Added Pin To Net: NetName=GND Pin=DD1-117
Added Pin To Net: NetName=DATA0 Pin=DD1-118
Added Pin To Net: NetName=DATA1 Pin=DD1-119
Added Pin To Net: NetName=DATA2 Pin=DD1-120
Added Pin To Net: NetName=NetDD1_121 Pin=DD1-121
Added Pin To Net: NetName=FSW Pin=DD1-122
Added Pin To Net: NetName=MFB11 Pin=DD1-123
Added Pin To Net: NetName=MFB10 Pin=DD1-124
Added Pin To Net: NetName=NetDD1_125 Pin=DD1-125
Added Pin To Net: NetName=GND Pin=DD1-126
Added Pin To Net: NetName=NetDD1_127 Pin=DD1-127
Added Pin To Net: NetName=NetDD1_128 Pin=DD1-128
Added Pin To Net: NetName=NetDD1_129 Pin=DD1-129
Added Pin To Net: NetName=NetDD1_131 Pin=DD1-131
Added Pin To Net: NetName=NetDD1_131 Pin=DD1-132
Added Pin To Net: NetName=NetDD1_133 Pin=DD1-133
Added Pin To Net: NetName=NetDD1_133 Pin=DD1-134
Added Pin To Net: NetName=NetDD1_136 Pin=DD1-136
Added Pin To Net: NetName=NetDD1_137 Pin=DD1-137
Added Pin To Net: NetName=NetDD1_138 Pin=DD1-138
Added Pin To Net: NetName=NetDD1_139 Pin=DD1-139
Added Pin To Net: NetName=GND Pin=DD1-140
Added Pin To Net: NetName=NetDD1_141 Pin=DD1-141
Added Pin To Net: NetName=NetC26_2 Pin=DD1-142
Added Pin To Net: NetName=NetDD1_143 Pin=DD1-143
Added Pin To Net: NetName=NetDD1_144 Pin=DD1-144
Added Pin To Net: NetName=NetDD1_144 Pin=DD1-146
Added Pin To Net: NetName=NetC29_2 Pin=DD1-148
Added Pin To Net: NetName=NetDD1_11 Pin=DD1-149
Added Pin To Net: NetName=NetC30_2 Pin=DD1-150
Added Pin To Net: NetName=GND Pin=DD1-151
Added Pin To Net: NetName=GND Pin=DD1-158
Added Pin To Net: NetName=GND Pin=DD1-159
Added Pin To Net: NetName=GND Pin=DD1-160
Added Pin To Net: NetName=GND Pin=LL1-1
Added Pin To Net: NetName=NetC2_2 Pin=LL1-2
Added Pin To Net: NetName=CVDD0 Pin=LL2-1
Added Pin To Net: NetName=NetC2_2 Pin=LL2-2
Added Pin To Net: NetName=NetC1_2 Pin=LL3-1
Added Pin To Net: NetName=NetC3_2 Pin=LL3-2
Added Pin To Net: NetName=NetC3_2 Pin=LL4-1
Added Pin To Net: NetName=PNLVCC Pin=LL4-2
Added Pin To Net: NetName=SHFCLK Pin=LL5-1
Added Pin To Net: NetName=NetC20_2 Pin=LL5-2
Added Pin To Net: NetName=NetC20_2 Pin=LL6-1
Added Pin To Net: NetName=NetDD1_45 Pin=LL6-2
Added Pin To Net: NetName=NetLL7_1 Pin=LL7-1
Added Pin To Net: NetName=NetLL7_2 Pin=LL7-2
Added Pin To Net: NetName=NetLL8_1 Pin=LL8-1
Added Pin To Net: NetName=NetLL8_2 Pin=LL8-2
Added Pin To Net: NetName=NetC45_2 Pin=LL9-1
Added Pin To Net: NetName=GND Pin=LL9-2
Added Pin To Net: NetName=NetC54_2 Pin=LL10-1
Added Pin To Net: NetName=NetLL10_2 Pin=LL10-2
Added Pin To Net: NetName=NetC53_2 Pin=LL11-1
Added Pin To Net: NetName=NetLL11_2 Pin=LL11-2
Added Pin To Net: NetName=NetC52_2 Pin=LL12-1
Added Pin To Net: NetName=NetLL12_2 Pin=LL12-2
Added Pin To Net: NetName=NetLL11_2 Pin=LL13-1
Added Pin To Net: NetName=NetLL13_2 Pin=LL13-2
Added Pin To Net: NetName=NetLL12_2 Pin=LL14-1
Added Pin To Net: NetName=NetLL14_2 Pin=LL14-2
Added Pin To Net: NetName=NetLL10_2 Pin=LL15-1
Added Pin To Net: NetName=NetLL15_2 Pin=LL15-2
Added Pin To Net: NetName=NetLL16_1 Pin=LL16-1
Added Pin To Net: NetName=NetLL16_2 Pin=LL16-2
Added Pin To Net: NetName=NetC59_2 Pin=LL17-1
Added Pin To Net: NetName=NetLL17_2 Pin=LL17-2
Added Pin To Net: NetName=NetC61_2 Pin=LL18-1
Added Pin To Net: NetName=NetLL18_2 Pin=LL18-2
Added Pin To Net: NetName=GND Pin=R1-1
Added Pin To Net: NetName=PPWR Pin=R1-2
Added Pin To Net: NetName=NetR2_1 Pin=R2-1
Added Pin To Net: NetName=NetC2_1 Pin=R2-2
Added Pin To Net: NetName=NetC2_1 Pin=R3-1
Added Pin To Net: NetName=NetC2_2 Pin=R3-2
Added Pin To Net: NetName=NetR4_1 Pin=R4-1
Added Pin To Net: NetName=NetC13_2 Pin=R4-2
Added Pin To Net: NetName=NetR5_1 Pin=R5-1
Added Pin To Net: NetName=NetC15_2 Pin=R5-2
Added Pin To Net: NetName=GND Pin=R6-1
Added Pin To Net: NetName=NetC15_2 Pin=R6-2
Added Pin To Net: NetName=GND Pin=R7-1
Added Pin To Net: NetName=NetC13_2 Pin=R7-2
Added Pin To Net: NetName=GND Pin=R8-1
Added Pin To Net: NetName=SCL Pin=R8-2
Added Pin To Net: NetName=GND Pin=R9-1
Added Pin To Net: NetName=SDA Pin=R9-2
Added Pin To Net: NetName=RESETn Pin=R10-1
Added Pin To Net: NetName=GND Pin=R10-2
Added Pin To Net: NetName=NetC18_2 Pin=R11-1
Added Pin To Net: NetName=SCL Pin=R11-2
Added Pin To Net: NetName=NetC16_2 Pin=R12-1
Added Pin To Net: NetName=SDA Pin=R12-2
Added Pin To Net: NetName=GND Pin=R13-1
Added Pin To Net: NetName=NetDD1_121 Pin=R13-2
Added Pin To Net: NetName=DE Pin=R14-1
Added Pin To Net: NetName=PDE Pin=R14-2
Added Pin To Net: NetName=NetC22_2 Pin=R15-1
Added Pin To Net: NetName=NetD28_1 Pin=R15-2
Added Pin To Net: NetName=NetDD1_141 Pin=R16-1
Added Pin To Net: NetName=NetC27_2 Pin=R16-2
Added Pin To Net: NetName=GND Pin=R17-1
Added Pin To Net: NetName=NetD30_9 Pin=R17-2
Added Pin To Net: NetName=PHS Pin=R18-1
Added Pin To Net: NetName=LP Pin=R18-2
Added Pin To Net: NetName=PVS Pin=R19-1
Added Pin To Net: NetName=FLM Pin=R19-2
Added Pin To Net: NetName=PVS Pin=R20-1
Added Pin To Net: NetName=NetR20_2 Pin=R20-2
Added Pin To Net: NetName=NetR21_1 Pin=R21-1
Added Pin To Net: NetName=NetC31_2 Pin=R21-2
Added Pin To Net: NetName=GND Pin=R22-1
Added Pin To Net: NetName=NetC49_2 Pin=R22-2
Added Pin To Net: NetName=MFB4 Pin=R23-1
Added Pin To Net: NetName=NetC44_2 Pin=R23-2
Added Pin To Net: NetName=HREF Pin=R24-1
Added Pin To Net: NetName=NetC45_2 Pin=R24-2
Added Pin To Net: NetName=NetC29_2 Pin=R25-1
Added Pin To Net: NetName=NetLL8_1 Pin=R25-2
Added Pin To Net: NetName=NetC30_2 Pin=R26-1
Added Pin To Net: NetName=NetLL7_1 Pin=R26-2
Added Pin To Net: NetName=GND Pin=R27-1
Added Pin To Net: NetName=NetD31_6 Pin=R27-2
Added Pin To Net: NetName=NetR28_1 Pin=R28-1
Added Pin To Net: NetName=NetC31_2 Pin=R28-2
Added Pin To Net: NetName=VREF Pin=R29-1
Added Pin To Net: NetName=NetC45_2 Pin=R29-2
Added Pin To Net: NetName=NetD31_6 Pin=R30-1
Added Pin To Net: NetName=GND Pin=R30-2
Added Pin To Net: NetName=GND Pin=R31-1
Added Pin To Net: NetName=NetC51_2 Pin=R31-2
Added Pin To Net: NetName=GND Pin=R32-1
Added Pin To Net: NetName=CVDD0 Pin=R32-2
Added Pin To Net: NetName=OSD-CLK Pin=R33-1
Added Pin To Net: NetName=NetC45_2 Pin=R33-2
Added Pin To Net: NetName=NetC44_2 Pin=R34-1
Added Pin To Net: NetName=CVDD0 Pin=R34-2
Added Pin To Net: NetName=NetLL8_1 Pin=R35-1
Added Pin To Net: NetName=AGND Pin=R35-2
Added Pin To Net: NetName=AGND Pin=R36-1
Added Pin To Net: NetName=NetLL7_1 Pin=R36-2
Added Pin To Net: NetName=NetR37_1 Pin=R37-1
Added Pin To Net: NetName=NetC34_2 Pin=R37-2
Added Pin To Net: NetName=GND Pin=R38-1
Added Pin To Net: NetName=NetC48_2 Pin=R38-2
Added Pin To Net: NetName=NetC36_1 Pin=R39-1
Added Pin To Net: NetName=NetC54_2 Pin=R39-2
Added Pin To Net: NetName=NetC40_1 Pin=R40-1
Added Pin To Net: NetName=NetC52_2 Pin=R40-2
Added Pin To Net: NetName=NetC41_1 Pin=R41-1
Added Pin To Net: NetName=NetC52_1 Pin=R41-2
Added Pin To Net: NetName=NetC37_1 Pin=R42-1
Added Pin To Net: NetName=NetC54_1 Pin=R42-2
Added Pin To Net: NetName=NetC38_1 Pin=R43-1
Added Pin To Net: NetName=NetC53_2 Pin=R43-2
Added Pin To Net: NetName=NetC39_1 Pin=R44-1
Added Pin To Net: NetName=NetC53_1 Pin=R44-2
Added Pin To Net: NetName=NetD30_33 Pin=R45-1
Added Pin To Net: NetName=NetC48_2 Pin=R45-2
Added Pin To Net: NetName=NetR46_1 Pin=R46-1
Added Pin To Net: NetName=NetC47_2 Pin=R46-2
Added Pin To Net: NetName=GND Pin=R47-1
Added Pin To Net: NetName=NetC55_2 Pin=R47-2
Added Pin To Net: NetName=NetR48_1 Pin=R48-1
Added Pin To Net: NetName=NetC45_2 Pin=R48-2
Added Pin To Net: NetName=NetD30_32 Pin=R49-1
Added Pin To Net: NetName=NetC55_2 Pin=R49-2
Added Pin To Net: NetName=NetC60_1 Pin=R50-1
Added Pin To Net: NetName=NetC59_2 Pin=R50-2
Added Pin To Net: NetName=NetR51_1 Pin=R51-1
Added Pin To Net: NetName=NetLL16_1 Pin=R51-2
Added Pin To Net: NetName=NetR52_1 Pin=R52-1
Added Pin To Net: NetName=NetR52_2 Pin=R52-2
Added Pin To Net: NetName=NetC60_1 Pin=R53-1
Added Pin To Net: NetName=NetC61_2 Pin=R53-2
Added Pin To Net: NetName=NetC60_1 Pin=R54-1
Added Pin To Net: NetName=NetC62_2 Pin=R54-2
Added Pin To Net: NetName=AGND Pin=R55-1
Added Pin To Net: NetName=NetLL10_2 Pin=R55-2
Added Pin To Net: NetName=AGND Pin=R56-1
Added Pin To Net: NetName=NetLL11_2 Pin=R56-2
Added Pin To Net: NetName=AGND Pin=R57-1
Added Pin To Net: NetName=NetLL12_2 Pin=R57-2
Added Pin To Net: NetName=NetD34_6 Pin=R58-1
Added Pin To Net: NetName=NetC61_2 Pin=R58-2
Added Pin To Net: NetName=NetD34_5 Pin=R59-1
Added Pin To Net: NetName=NetC59_2 Pin=R59-2
Added Pin To Net: NetName=NetR60_1 Pin=R60-1
Added Pin To Net: NetName=NetR52_2 Pin=R60-2
Added Pin To Net: NetName=NetC1_2 Pin=VD1-1
Added Pin To Net: NetName=NetC2_1 Pin=VD1-2
Added Pin To Net: NetName=NetC2_2 Pin=VD1-3
Added Pin To Net: NetName=AGND Pin=VD2-1
Added Pin To Net: NetName=NetLL8_1 Pin=VD2-2
Added Pin To Net: NetName=AGND Pin=VD3-1
Added Pin To Net: NetName=NetLL7_1 Pin=VD3-2
Added Pin To Net: NetName=AGND Pin=VD4-1
Added Pin To Net: NetName=NetLL8_1 Pin=VD4-2
Added Pin To Net: NetName=AGND Pin=VD5-1
Added Pin To Net: NetName=NetLL7_1 Pin=VD5-2
Added Pin To Net: NetName=NetVD6_1 Pin=VD6-1
Added Pin To Net: NetName=NetC60_1 Pin=VD6-2
Added Pin To Net: NetName=GND Pin=VD7-1
Added Pin To Net: NetName=NetC60_1 Pin=VD7-2
Added Pin To Net: NetName=GND Pin=VD8-1
Added Pin To Net: NetName=NetC60_1 Pin=VD8-2
Added Pin To Net: NetName=CVDD0 Pin=VD9-1
Added Pin To Net: NetName=AGND Pin=VD9-2
Added Pin To Net: NetName=NetLL10_2 Pin=VD9-3
Added Pin To Net: NetName=CVDD0 Pin=VD10-1
Added Pin To Net: NetName=AGND Pin=VD10-2
Added Pin To Net: NetName=NetLL11_2 Pin=VD10-3
Added Pin To Net: NetName=CVDD0 Pin=VD11-1
Added Pin To Net: NetName=AGND Pin=VD11-2
Added Pin To Net: NetName=NetLL12_2 Pin=VD11-3
Added Pin To Net: NetName=NetVD12_1 Pin=VD12-1
Added Pin To Net: NetName=NetR52_1 Pin=VD12-2
Added Pin To Net: NetName=NetVD12_3 Pin=VD12-3
Added Pin To Net: NetName=NetVD13_1 Pin=VD13-1
Added Pin To Net: NetName=NetR52_1 Pin=VD13-2
Added Pin To Net: NetName=NetVD13_3 Pin=VD13-3
Added Pin To Net: NetName=CVDD0 Pin=VD14-1
Added Pin To Net: NetName=GND Pin=VD14-2
Added Pin To Net: NetName=NetLL16_1 Pin=VD14-3
Added Pin To Net: NetName=GND Pin=VD15-1
Added Pin To Net: NetName=NetC61_2 Pin=VD15-2
Added Pin To Net: NetName=NetC59_2 Pin=VD16-1
Added Pin To Net: NetName=NetR52_1 Pin=VD16-2
Added Pin To Net: NetName=NetVD12_3 Pin=VD16-3
Added Pin To Net: NetName=NetC61_2 Pin=VD17-1
Added Pin To Net: NetName=NetR52_1 Pin=VD17-2
Added Pin To Net: NetName=NetVD13_3 Pin=VD17-3
Added Pin To Net: NetName=GND Pin=VD18-1
Added Pin To Net: NetName=NetC61_2 Pin=VD18-2
Added Pin To Net: NetName=GND Pin=VD19-1
Added Pin To Net: NetName=NetC59_2 Pin=VD19-2
Added Pin To Net: NetName=GND Pin=VD20-1
Added Pin To Net: NetName=NetC59_2 Pin=VD20-2
Added Pin To Net: NetName=NetR2_1 Pin=VT1-1
Added Pin To Net: NetName=GND Pin=VT1-2
Added Pin To Net: NetName=GND Pin=VT1-3
Added Pin To Net: NetName=GND Pin=VT2-1
Added Pin To Net: NetName=NetR37_1 Pin=VT2-2
Added Pin To Net: NetName=NetC48_2 Pin=VT2-3
Added Pin To Net: NetName=GND Pin=VT3-1
Added Pin To Net: NetName=NetR46_1 Pin=VT3-2
Added Pin To Net: NetName=NetC55_2 Pin=VT3-3
Added Pin To Net: NetName=NetC62_2 Pin=VT4-1
Added Pin To Net: NetName=GND Pin=VT4-2
Added Pin To Net: NetName=NetR60_1 Pin=VT4-3
Added Pin To Net: NetName=NetR28_1 Pin=XP1-1
Added Pin To Net: NetName=NetR21_1 Pin=XP1-2
Added Pin To Net: NetName=NetD30_9 Pin=XP1-3
Added Pin To Net: NetName=NetDD1_12 Pin=XP1-4
Added Pin To Net: NetName=NetDD1_139 Pin=XP2-1
Added Pin To Net: NetName=NetDD1_137 Pin=XP2-2
Added Pin To Net: NetName=NetDD1_138 Pin=XP2-3
Added Pin To Net: NetName=NetDD1_143 Pin=XP2-4
Added Pin To Net: NetName=NetDD1_144 Pin=XP2-5
Added Pin To Net: NetName=NetC27_2 Pin=XP2-6
Added Pin To Net: NetName=GND Pin=XS1-1
Added Pin To Net: NetName=NetR5_1 Pin=XS1-2
Added Pin To Net: NetName=NetR4_1 Pin=XS1-3
Added Pin To Net: NetName=GND Pin=XS1-4
Added Pin To Net: NetName=PNLVCC Pin=XS2-4
Added Pin To Net: NetName=PNLVCC Pin=XS2-5
Added Pin To Net: NetName=PNL36 Pin=XS2-6
Added Pin To Net: NetName=PNL37 Pin=XS2-7
Added Pin To Net: NetName=PNL0 Pin=XS2-8
Added Pin To Net: NetName=PNL1 Pin=XS2-9
Added Pin To Net: NetName=GND Pin=XS2-10
Added Pin To Net: NetName=PNL2 Pin=XS2-11
Added Pin To Net: NetName=PNL3 Pin=XS2-12
Added Pin To Net: NetName=PNL4 Pin=XS2-13
Added Pin To Net: NetName=PNL5 Pin=XS2-14
Added Pin To Net: NetName=GND Pin=XS2-15
Added Pin To Net: NetName=PNL38 Pin=XS2-16
Added Pin To Net: NetName=PNL39 Pin=XS2-17
Added Pin To Net: NetName=PNL6 Pin=XS2-18
Added Pin To Net: NetName=PNL7 Pin=XS2-19
Added Pin To Net: NetName=GND Pin=XS2-20
Added Pin To Net: NetName=PNL8 Pin=XS2-21
Added Pin To Net: NetName=PNL9 Pin=XS2-22
Added Pin To Net: NetName=PNL10 Pin=XS2-23
Added Pin To Net: NetName=PNL11 Pin=XS2-24
Added Pin To Net: NetName=GND Pin=XS2-25
Added Pin To Net: NetName=PNL40 Pin=XS2-26
Added Pin To Net: NetName=PNL41 Pin=XS2-27
Added Pin To Net: NetName=PNL12 Pin=XS2-28
Added Pin To Net: NetName=PNL13 Pin=XS2-29
Added Pin To Net: NetName=GND Pin=XS2-30
Added Pin To Net: NetName=PNL14 Pin=XS2-31
Added Pin To Net: NetName=PNL15 Pin=XS2-32
Added Pin To Net: NetName=PNL16 Pin=XS2-33
Added Pin To Net: NetName=PNL17 Pin=XS2-34
Added Pin To Net: NetName=GND Pin=XS2-35
Added Pin To Net: NetName=GND Pin=XS2-37
Added Pin To Net: NetName=LP Pin=XS2-38
Added Pin To Net: NetName=GND Pin=XS2-39
Added Pin To Net: NetName=FLM Pin=XS2-40
Added Pin To Net: NetName=GND Pin=XS2-41
Added Pin To Net: NetName=DE Pin=XS2-42
Added Pin To Net: NetName=GND Pin=XS2-43
Added Pin To Net: NetName=SHFCLK Pin=XS2-44
Added Pin To Net: NetName=GND Pin=XS2-45
Added Pin To Net: NetName=PNL42 Pin=XS3-1
Added Pin To Net: NetName=PNL43 Pin=XS3-2
Added Pin To Net: NetName=PNL18 Pin=XS3-3
Added Pin To Net: NetName=PNL19 Pin=XS3-4
Added Pin To Net: NetName=GND Pin=XS3-5
Added Pin To Net: NetName=PNL20 Pin=XS3-6
Added Pin To Net: NetName=PNL21 Pin=XS3-7
Added Pin To Net: NetName=PNL22 Pin=XS3-8
Added Pin To Net: NetName=PNL23 Pin=XS3-9
Added Pin To Net: NetName=GND Pin=XS3-10
Added Pin To Net: NetName=PNL44 Pin=XS3-11
Added Pin To Net: NetName=PNL45 Pin=XS3-12
Added Pin To Net: NetName=PNL24 Pin=XS3-13
Added Pin To Net: NetName=PNL25 Pin=XS3-14
Added Pin To Net: NetName=GND Pin=XS3-15
Added Pin To Net: NetName=PNL26 Pin=XS3-16
Added Pin To Net: NetName=PNL27 Pin=XS3-17
Added Pin To Net: NetName=PNL28 Pin=XS3-18
Added Pin To Net: NetName=PNL29 Pin=XS3-19
Added Pin To Net: NetName=GND Pin=XS3-20
Added Pin To Net: NetName=PNL46 Pin=XS3-21
Added Pin To Net: NetName=PNL47 Pin=XS3-22
Added Pin To Net: NetName=PNL30 Pin=XS3-23
Added Pin To Net: NetName=PNL31 Pin=XS3-24
Added Pin To Net: NetName=GND Pin=XS3-25
Added Pin To Net: NetName=PNL32 Pin=XS3-26
Added Pin To Net: NetName=PNL33 Pin=XS3-27
Added Pin To Net: NetName=PNL34 Pin=XS3-28
Added Pin To Net: NetName=PNL35 Pin=XS3-29
Added Pin To Net: NetName=GND Pin=XS3-30
Added Pin To Net: NetName=NetDD1_125 Pin=XS4-1
Added Pin To Net: NetName=NetDD1_127 Pin=XS4-2
Added Pin To Net: NetName=NetDD1_128 Pin=XS4-3
Added Pin To Net: NetName=NetDD1_129 Pin=XS4-4
Added Pin To Net: NetName=NetDD1_131 Pin=XS4-5
Added Pin To Net: NetName=NetDD1_133 Pin=XS4-6
Added Pin To Net: NetName=NetDD1_136 Pin=XS4-7
Added Pin To Net: NetName=NetDD1_11 Pin=XS4-8
Added Pin To Net: NetName=NetDD1_77 Pin=XS5-1
Added Pin To Net: NetName=NetDD1_79 Pin=XS5-2
Added Pin To Net: NetName=NetDD1_84 Pin=XS5-3
Added Pin To Net: NetName=NetDD1_96 Pin=XS5-4
Added Pin To Net: NetName=NetDD1_93 Pin=XS5-5
Added Pin To Net: NetName=NetDD1_92 Pin=XS5-6
Added Pin To Net: NetName=NetDD1_88 Pin=XS5-8
Added Pin To Net: NetName=NetDD1_85 Pin=XS5-9
Added Pin To Net: NetName=NetDD1_81 Pin=XS5-10
Added Pin To Net: NetName=NetDD1_80 Pin=XS5-11
Added Pin To Net: NetName=NetDD1_78 Pin=XS5-12
Added Pin To Net: NetName=GND Pin=XS5-13
Added Pin To Net: NetName=NetD30_3 Pin=XS6-1
Added Pin To Net: NetName=NetD30_2 Pin=XS6-2
Added Pin To Net: NetName=NetD30_1 Pin=XS6-3
Added Pin To Net: NetName=NetD30_42 Pin=XS6-4
Added Pin To Net: NetName=NetD30_41 Pin=XS6-5
Added Pin To Net: NetName=NetD30_40 Pin=XS6-6
Added Pin To Net: NetName=NetC23_1 Pin=XS6-7
Added Pin To Net: NetName=VREF Pin=XS6-8
Added Pin To Net: NetName=HREF Pin=XS7-1
Added Pin To Net: NetName=VREF Pin=XS7-2
Added Pin To Net: NetName=OSD-CLK Pin=XS7-3
Added Pin To Net: NetName=DATA0 Pin=XS7-4
Added Pin To Net: NetName=DATA1 Pin=XS7-5
Added Pin To Net: NetName=DATA2 Pin=XS7-6
Added Pin To Net: NetName=NetC31_2 Pin=XS7-7
Added Pin To Net: NetName=NetC31_2 Pin=XS7-8
Added Pin To Net: NetName=NetC45_2 Pin=XS8-1
Added Pin To Net: NetName=NetC45_2 Pin=XS8-2
Added Pin To Net: NetName=GND Pin=XS8-3
Added Pin To Net: NetName=GND Pin=XS8-4
Added Pin To Net: NetName=NetR48_1 Pin=XS8-5
Added Pin To Net: NetName=FSW Pin=XS8-6
Added Pin To Net: NetName=NetC47_2 Pin=XS9-1
Added Pin To Net: NetName=NetC34_2 Pin=XS9-2
Added Pin To Net: NetName=NetC33_2 Pin=XS9-3
Added Pin To Net: NetName=NetC35_2 Pin=XS9-4
Added Pin To Net: NetName=NetC42_2 Pin=XS9-5
Added Pin To Net: NetName=NetC43_2 Pin=XS9-6
Added Pin To Net: NetName=NetC44_2 Pin=XS9-7
Added Pin To Net: NetName=CVDD0 Pin=XS9-8
Added Pin To Net: NetName=NetC49_2 Pin=XS9-9
Added Pin To Net: NetName=NetC51_2 Pin=XS9-10
Added Pin To Net: NetName=GND Pin=XS9-11
Added Pin To Net: NetName=GND Pin=XS9-12
Added Pin To Net: NetName=NetVD13_1 Pin=XS10-1
Added Pin To Net: NetName=NetVD12_1 Pin=XS10-2
Added Pin To Net: NetName=NetR51_1 Pin=XS10-3
Added Pin To Net: NetName=NetR20_2 Pin=XS10-4
Added Pin To Net: NetName=NetLL14_2 Pin=XS11-1
Added Pin To Net: NetName=NetLL13_2 Pin=XS11-2
Added Pin To Net: NetName=NetLL15_2 Pin=XS11-3
Added Pin To Net: NetName=AGND Pin=XS11-4
Added Pin To Net: NetName=AGND Pin=XS11-5
Added Pin To Net: NetName=AGND Pin=XS11-6
Added Pin To Net: NetName=AGND Pin=XS11-7
Added Pin To Net: NetName=AGND Pin=XS11-8
Added Pin To Net: NetName=NetVD6_1 Pin=XS11-9
Added Pin To Net: NetName=NetLL18_2 Pin=XS11-10
Added Pin To Net: NetName=AGND Pin=XS11-11
Added Pin To Net: NetName=NetLL17_2 Pin=XS11-12
Added Pin To Net: NetName=NetC21_2 Pin=ZQ1-1
Added Pin To Net: NetName=NetC23_1 Pin=ZQ1-2
Added Pin To Net: NetName=NetC26_2 Pin=ZQ2-1
Added Pin To Net: NetName=NetC27_2 Pin=ZQ2-2
Added Member To Class: ClassName=Sheet_NEW Member=Component C1 Capacitor
Added Member To Class: ClassName=Sheet_NEW Member=Component C2 Capacitor
Added Member To Class: ClassName=Sheet_NEW Member=Component C3 Capacitor
Added Member To Class: ClassName=Sheet_NEW Member=Component C4 Capacitor
Added Member To Class: ClassName=Sheet_NEW Member=Component C5 Capacitor Duga
Added Member To Class: ClassName=Sheet_NEW Member=Component C6 Capacitor
Added Member To Class: ClassName=Sheet_NEW Member=Component C7 Capacitor Duga
Added Member To Class: ClassName=Sheet_NEW Member=Component C8 Capacitor
Added Member To Class: ClassName=Sheet_NEW Member=Component C9 Capacitor
Added Member To Class: ClassName=Sheet_NEW Member=Component C10 Capacitor
Added Member To Class: ClassName=Sheet_NEW Member=Component C11 Capacitor
Added Member To Class: ClassName=Sheet_NEW Member=Component C12 Capacitor
Added Member To Class: ClassName=Sheet_NEW Member=Component C13 Capacitor
Added Member To Class: ClassName=Sheet_NEW Member=Component C14 Capacitor
Added Member To Class: ClassName=Sheet_NEW Member=Component C15 Capacitor
Added Member To Class: ClassName=Sheet_NEW Member=Component C16 Capacitor
Added Member To Class: ClassName=Sheet_NEW Member=Component C17 Capacitor
Added Member To Class: ClassName=Sheet_NEW Member=Component C18 Capacitor
Added Member To Class: ClassName=Sheet_NEW Member=Component C19 Capacitor
Added Member To Class: ClassName=Sheet_NEW Member=Component C20 Capacitor
Added Member To Class: ClassName=Sheet_NEW Member=Component C21 Capacitor
Added Member To Class: ClassName=Sheet_NEW Member=Component C22 Capacitor
Added Member To Class: ClassName=Sheet_NEW Member=Component C23 Capacitor
Added Member To Class: ClassName=Sheet_NEW Member=Component C24 Capacitor Duga
Added Member To Class: ClassName=Sheet_NEW Member=Component C25 Capacitor
Added Member To Class: ClassName=Sheet_NEW Member=Component C26 Capacitor
Added Member To Class: ClassName=Sheet_NEW Member=Component C27 Capacitor
Added Member To Class: ClassName=Sheet_NEW Member=Component C28 Capacitor
Added Member To Class: ClassName=Sheet_NEW Member=Component C29 Capacitor
Added Member To Class: ClassName=Sheet_NEW Member=Component C30 Capacitor
Added Member To Class: ClassName=Sheet_NEW Member=Component C31 Capacitor
Added Member To Class: ClassName=Sheet_NEW Member=Component C32 Capacitor
Added Member To Class: ClassName=Sheet_NEW Member=Component C33 Capacitor
Added Member To Class: ClassName=Sheet_NEW Member=Component C34 Capacitor
Added Member To Class: ClassName=Sheet_NEW Member=Component C35 Capacitor
Added Member To Class: ClassName=Sheet_NEW Member=Component C36 Capacitor
Added Member To Class: ClassName=Sheet_NEW Member=Component C37 Capacitor
Added Member To Class: ClassName=Sheet_NEW Member=Component C38 Capacitor
Added Member To Class: ClassName=Sheet_NEW Member=Component C39 Capacitor
Added Member To Class: ClassName=Sheet_NEW Member=Component C40 Capacitor
Added Member To Class: ClassName=Sheet_NEW Member=Component C41 Capacitor
Added Member To Class: ClassName=Sheet_NEW Member=Component C42 Capacitor
Added Member To Class: ClassName=Sheet_NEW Member=Component C43 Capacitor
Added Member To Class: ClassName=Sheet_NEW Member=Component C44 Capacitor
Added Member To Class: ClassName=Sheet_NEW Member=Component C45 Capacitor
Added Member To Class: ClassName=Sheet_NEW Member=Component C46 Capacitor
Added Member To Class: ClassName=Sheet_NEW Member=Component C47 Capacitor
Added Member To Class: ClassName=Sheet_NEW Member=Component C48 Capacitor Duga
Added Member To Class: ClassName=Sheet_NEW Member=Component C49 Capacitor
Added Member To Class: ClassName=Sheet_NEW Member=Component C50 Capacitor
Added Member To Class: ClassName=Sheet_NEW Member=Component C51 Capacitor
Added Member To Class: ClassName=Sheet_NEW Member=Component C52 Capacitor
Added Member To Class: ClassName=Sheet_NEW Member=Component C53 Capacitor
Added Member To Class: ClassName=Sheet_NEW Member=Component C54 Capacitor
Added Member To Class: ClassName=Sheet_NEW Member=Component C55 Capacitor Duga
Added Member To Class: ClassName=Sheet_NEW Member=Component C56 Capacitor
Added Member To Class: ClassName=Sheet_NEW Member=Component C57 Capacitor
Added Member To Class: ClassName=Sheet_NEW Member=Component C58 Capacitor
Added Member To Class: ClassName=Sheet_NEW Member=Component C59 Capacitor
Added Member To Class: ClassName=Sheet_NEW Member=Component C60 Capacitor
Added Member To Class: ClassName=Sheet_NEW Member=Component C61 Capacitor
Added Member To Class: ClassName=Sheet_NEW Member=Component C62 Capacitor
Added Member To Class: ClassName=Sheet_NEW Member=Component C63 Capacitor
Added Member To Class: ClassName=Sheet_NEW Member=Component D1 RN
Added Member To Class: ClassName=Sheet_NEW Member=Component D2 RN
Added Member To Class: ClassName=Sheet_NEW Member=Component D3 RN
Added Member To Class: ClassName=Sheet_NEW Member=Component D4 RN
Added Member To Class: ClassName=Sheet_NEW Member=Component D5 RN
Added Member To Class: ClassName=Sheet_NEW Member=Component D6 RN
Added Member To Class: ClassName=Sheet_NEW Member=Component D7 RN
Added Member To Class: ClassName=Sheet_NEW Member=Component D8 RN
Added Member To Class: ClassName=Sheet_NEW Member=Component D9 RN
Added Member To Class: ClassName=Sheet_NEW Member=Component D10 RN
Added Member To Class: ClassName=Sheet_NEW Member=Component D11 RN
Added Member To Class: ClassName=Sheet_NEW Member=Component D12 RN
Added Member To Class: ClassName=Sheet_NEW Member=Component D13 33pFX4
Added Member To Class: ClassName=Sheet_NEW Member=Component D14 33pFX4
Added Member To Class: ClassName=Sheet_NEW Member=Component D15 33pFX4
Added Member To Class: ClassName=Sheet_NEW Member=Component D16 33pFX4
Added Member To Class: ClassName=Sheet_NEW Member=Component D17 33pFX4
Added Member To Class: ClassName=Sheet_NEW Member=Component D18 33pFX4
Added Member To Class: ClassName=Sheet_NEW Member=Component D19 33pFX4
Added Member To Class: ClassName=Sheet_NEW Member=Component D20 33pFX4
Added Member To Class: ClassName=Sheet_NEW Member=Component D21 33pFX4
Added Member To Class: ClassName=Sheet_NEW Member=Component D22 33pFX4
Added Member To Class: ClassName=Sheet_NEW Member=Component D23 33pFX4
Added Member To Class: ClassName=Sheet_NEW Member=Component D24 33pFX4
Added Member To Class: ClassName=Sheet_NEW Member=Component D25 M51953A
Added Member To Class: ClassName=Sheet_NEW Member=Component D26 24LC32
Added Member To Class: ClassName=Sheet_NEW Member=Component D27 Inverter
Added Member To Class: ClassName=Sheet_NEW Member=Component D28 onjuncture
Added Member To Class: ClassName=Sheet_NEW Member=Component D29 RN
Added Member To Class: ClassName=Sheet_NEW Member=Component D30 MTV312M64
Added Member To Class: ClassName=Sheet_NEW Member=Component D31 RN
Added Member To Class: ClassName=Sheet_NEW Member=Component D32 RN
Added Member To Class: ClassName=Sheet_NEW Member=Component D33 RN
Added Member To Class: ClassName=Sheet_NEW Member=Component D34 24LC32
Added Member To Class: ClassName=Sheet_NEW Member=Component DD1 gmZAN1_1
Added Member To Class: ClassName=Sheet_NEW Member=Component LL1 dros
Added Member To Class: ClassName=Sheet_NEW Member=Component LL2 dros
Added Member To Class: ClassName=Sheet_NEW Member=Component LL3 dros
Added Member To Class: ClassName=Sheet_NEW Member=Component LL4 dros
Added Member To Class: ClassName=Sheet_NEW Member=Component LL5 dros
Added Member To Class: ClassName=Sheet_NEW Member=Component LL6 dros
Added Member To Class: ClassName=Sheet_NEW Member=Component LL7 dros
Added Member To Class: ClassName=Sheet_NEW Member=Component LL8 dros
Added Member To Class: ClassName=Sheet_NEW Member=Component LL9 dros
Added Member To Class: ClassName=Sheet_NEW Member=Component LL10 dros
Added Member To Class: ClassName=Sheet_NEW Member=Component LL11 dros
Added Member To Class: ClassName=Sheet_NEW Member=Component LL12 dros
Added Member To Class: ClassName=Sheet_NEW Member=Component LL13 dros
Added Member To Class: ClassName=Sheet_NEW Member=Component LL14 dros
Added Member To Class: ClassName=Sheet_NEW Member=Component LL15 dros
Added Member To Class: ClassName=Sheet_NEW Member=Component LL16 dros
Added Member To Class: ClassName=Sheet_NEW Member=Component LL17 dros
Added Member To Class: ClassName=Sheet_NEW Member=Component LL18 dros
Added Member To Class: ClassName=Sheet_NEW Member=Component R1 Resistor
Added Member To Class: ClassName=Sheet_NEW Member=Component R2 Resistor
Added Member To Class: ClassName=Sheet_NEW Member=Component R3 Resistor
Added Member To Class: ClassName=Sheet_NEW Member=Component R4 Resistor
Added Member To Class: ClassName=Sheet_NEW Member=Component R5 Resistor
Added Member To Class: ClassName=Sheet_NEW Member=Component R6 Resistor
Added Member To Class: ClassName=Sheet_NEW Member=Component R7 Resistor
Added Member To Class: ClassName=Sheet_NEW Member=Component R8 Resistor
Added Member To Class: ClassName=Sheet_NEW Member=Component R9 Resistor
Added Member To Class: ClassName=Sheet_NEW Member=Component R10 Resistor
Added Member To Class: ClassName=Sheet_NEW Member=Component R11 Resistor
Added Member To Class: ClassName=Sheet_NEW Member=Component R12 Resistor
Added Member To Class: ClassName=Sheet_NEW Member=Component R13 Resistor
Added Member To Class: ClassName=Sheet_NEW Member=Component R14 Resistor
Added Member To Class: ClassName=Sheet_NEW Member=Component R15 Resistor
Added Member To Class: ClassName=Sheet_NEW Member=Component R16 Resistor
Added Member To Class: ClassName=Sheet_NEW Member=Component R17 Resistor
Added Member To Class: ClassName=Sheet_NEW Member=Component R18 Resistor
Added Member To Class: ClassName=Sheet_NEW Member=Component R19 Resistor
Added Member To Class: ClassName=Sheet_NEW Member=Component R20 Resistor
Added Member To Class: ClassName=Sheet_NEW Member=Component R21 Resistor
Added Member To Class: ClassName=Sheet_NEW Member=Component R22 Resistor
Added Member To Class: ClassName=Sheet_NEW Member=Component R23 Resistor
Added Member To Class: ClassName=Sheet_NEW Member=Component R24 Resistor
Added Member To Class: ClassName=Sheet_NEW Member=Component R25 Resistor
Added Member To Class: ClassName=Sheet_NEW Member=Component R26 Resistor
Added Member To Class: ClassName=Sheet_NEW Member=Component R27 Resistor
Added Member To Class: ClassName=Sheet_NEW Member=Component R28 Resistor
Added Member To Class: ClassName=Sheet_NEW Member=Component R29 Resistor
Added Member To Class: ClassName=Sheet_NEW Member=Component R30 Resistor
Added Member To Class: ClassName=Sheet_NEW Member=Component R31 Resistor
Added Member To Class: ClassName=Sheet_NEW Member=Component R32 Resistor
Added Member To Class: ClassName=Sheet_NEW Member=Component R33 Resistor
Added Member To Class: ClassName=Sheet_NEW Member=Component R34 Resistor
Added Member To Class: ClassName=Sheet_NEW Member=Component R35 Resistor
Added Member To Class: ClassName=Sheet_NEW Member=Component R36 Resistor
Added Member To Class: ClassName=Sheet_NEW Member=Component R37 Resistor
Added Member To Class: ClassName=Sheet_NEW Member=Component R38 Resistor
Added Member To Class: ClassName=Sheet_NEW Member=Component R39 Resistor
Added Member To Class: ClassName=Sheet_NEW Member=Component R40 Resistor
Added Member To Class: ClassName=Sheet_NEW Member=Component R41 Resistor
Added Member To Class: ClassName=Sheet_NEW Member=Component R42 Resistor
Added Member To Class: ClassName=Sheet_NEW Member=Component R43 Resistor
Added Member To Class: ClassName=Sheet_NEW Member=Component R44 Resistor
Added Member To Class: ClassName=Sheet_NEW Member=Component R45 Resistor
Added Member To Class: ClassName=Sheet_NEW Member=Component R46 Resistor
Added Member To Class: ClassName=Sheet_NEW Member=Component R47 Resistor
Added Member To Class: ClassName=Sheet_NEW Member=Component R48 Resistor
Added Member To Class: ClassName=Sheet_NEW Member=Component R49 Resistor
Added Member To Class: ClassName=Sheet_NEW Member=Component R50 Resistor
Added Member To Class: ClassName=Sheet_NEW Member=Component R51 Resistor
Added Member To Class: ClassName=Sheet_NEW Member=Component R52 Resistor
Added Member To Class: ClassName=Sheet_NEW Member=Component R53 Resistor
Added Member To Class: ClassName=Sheet_NEW Member=Component R54 Resistor
Added Member To Class: ClassName=Sheet_NEW Member=Component R55 Resistor
Added Member To Class: ClassName=Sheet_NEW Member=Component R56 Resistor
Added Member To Class: ClassName=Sheet_NEW Member=Component R57 Resistor
Added Member To Class: ClassName=Sheet_NEW Member=Component R58 Res
Added Member To Class: ClassName=Sheet_NEW Member=Component R59 Res
Added Member To Class: ClassName=Sheet_NEW Member=Component R60 Resistor
Added Member To Class: ClassName=Sheet_NEW Member=Component VD1 2SK3018
Added Member To Class: ClassName=Sheet_NEW Member=Component VD2 Diode
Added Member To Class: ClassName=Sheet_NEW Member=Component VD3 Diode
Added Member To Class: ClassName=Sheet_NEW Member=Component VD4 Diode(shotki)
Added Member To Class: ClassName=Sheet_NEW Member=Component VD5 Diode(shotki)
Added Member To Class: ClassName=Sheet_NEW Member=Component VD6 Diode
Added Member To Class: ClassName=Sheet_NEW Member=Component VD7 Diode
Added Member To Class: ClassName=Sheet_NEW Member=Component VD8 Diode(shotki)
Added Member To Class: ClassName=Sheet_NEW Member=Component VD9 DAN17
Added Member To Class: ClassName=Sheet_NEW Member=Component VD10 DAN17
Added Member To Class: ClassName=Sheet_NEW Member=Component VD11 DAN17
Added Member To Class: ClassName=Sheet_NEW Member=Component VD12 2SK3018
Added Member To Class: ClassName=Sheet_NEW Member=Component VD13 2SK3018
Added Member To Class: ClassName=Sheet_NEW Member=Component VD14 DAN17
Added Member To Class: ClassName=Sheet_NEW Member=Component VD15 Diode(shotki)
Added Member To Class: ClassName=Sheet_NEW Member=Component VD16 2SK3018
Added Member To Class: ClassName=Sheet_NEW Member=Component VD17 2SK3018
Added Member To Class: ClassName=Sheet_NEW Member=Component VD18 Diode
Added Member To Class: ClassName=Sheet_NEW Member=Component VD19 Diode(shotki)
Added Member To Class: ClassName=Sheet_NEW Member=Component VD20 Diode
Added Member To Class: ClassName=Sheet_NEW Member=Component VT1 Transistor 2_1
Added Member To Class: ClassName=Sheet_NEW Member=Component VT2 Transistor 2_1
Added Member To Class: ClassName=Sheet_NEW Member=Component VT3 Transistor 2_1
Added Member To Class: ClassName=Sheet_NEW Member=Component VT4 Transistor 2_1
Added Member To Class: ClassName=Sheet_NEW Member=Component XP1 All pins_1
Added Member To Class: ClassName=Sheet_NEW Member=Component XP2 XP-2-I306B
Added Member To Class: ClassName=Sheet_NEW Member=Component XS1 Header 4
Added Member To Class: ClassName=Sheet_NEW Member=Component XS2 Header 45
Added Member To Class: ClassName=Sheet_NEW Member=Component XS3 Header 30
Added Member To Class: ClassName=Sheet_NEW Member=Component XS4 XS-2-I306B
Added Member To Class: ClassName=Sheet_NEW Member=Component XS5 XS-2-I306C
Added Member To Class: ClassName=Sheet_NEW Member=Component XS6 All pins_2
Added Member To Class: ClassName=Sheet_NEW Member=Component XS7 Header 8
Added Member To Class: ClassName=Sheet_NEW Member=Component XS8 Header 8_1
Added Member To Class: ClassName=Sheet_NEW Member=Component XS9 Header 12
Added Member To Class: ClassName=Sheet_NEW Member=Component XS10 Header 4
Added Member To Class: ClassName=Sheet_NEW Member=Component XS11 Header 15
Added Member To Class: ClassName=Sheet_NEW Member=Component ZQ1 Quartz
Added Member To Class: ClassName=Sheet_NEW Member=Component ZQ2 Quartz
Added Room: Name=Sheet_NEW
