Change Component Designator: Old Designator=C1 New Designator=C2
Change Component Designator: Old Designator=C2 New Designator=C12
Change Component Designator: Old Designator=C3 New Designator=C4
Change Component Designator: Old Designator=C4 New Designator=C19
Change Component Designator: Old Designator=C67 New Designator=C22
Change Component Designator: Old Designator=C68 New Designator=C8
Change Component Designator: Old Designator=C69 New Designator=C13
Change Component Designator: Old Designator=C70 New Designator=C15
Change Component Designator: Old Designator=C71 New Designator=C5
Change Component Designator: Old Designator=C72 New Designator=C6
Change Component Designator: Old Designator=C73 New Designator=C3
Change Component Designator: Old Designator=C74 New Designator=C30
Change Component Designator: Old Designator=C75 New Designator=C26
Change Component Designator: Old Designator=C76 New Designator=C18
Change Component Designator: Old Designator=C77 New Designator=C27
Change Component Designator: Old Designator=C78 New Designator=C14
Change Component Designator: Old Designator=C79 New Designator=C9
Change Component Designator: Old Designator=C80 New Designator=C10
Change Component Designator: Old Designator=C81 New Designator=C11
Change Component Designator: Old Designator=C82 New Designator=C16
Change Component Designator: Old Designator=C83 New Designator=C7
Change Component Designator: Old Designator=C84 New Designator=C20
Change Component Designator: Old Designator=C85 New Designator=C23
Change Component Designator: Old Designator=C86 New Designator=C25
Change Component Designator: Old Designator=C87 New Designator=C29
Change Component Designator: Old Designator=C88 New Designator=C17
Change Component Designator: Old Designator=C89 New Designator=C21
Change Component Designator: Old Designator=C90 New Designator=C24
Change Component Designator: Old Designator=C91 New Designator=C28
Change Component Designator: Old Designator=C92 New Designator=C1
Change Component Designator: Old Designator=D2 New Designator=D3
Change Component Designator: Old Designator=D3 New Designator=D4
Change Component Designator: Old Designator=D4 New Designator=D2
Change Component Designator: Old Designator=DD3 New Designator=DD7
Change Component Designator: Old Designator=DD4 New Designator=DD2
Change Component Designator: Old Designator=DD5 New Designator=DD4
Change Component Designator: Old Designator=DD7 New Designator=DD3
Change Component Designator: Old Designator=DD8 New Designator=DD5
Change Component Designator: Old Designator=DD9 New Designator=DD1
Change Component Designator: Old Designator=R1 New Designator=R17
Change Component Designator: Old Designator=R2 New Designator=R18
Change Component Designator: Old Designator=R3 New Designator=R19
Change Component Designator: Old Designator=R4 New Designator=R28
Change Component Designator: Old Designator=R5 New Designator=R11
Change Component Designator: Old Designator=R6 New Designator=R13
Change Component Designator: Old Designator=R7 New Designator=R12
Change Component Designator: Old Designator=R8 New Designator=R2
Change Component Designator: Old Designator=R9 New Designator=R3
Change Component Designator: Old Designator=R10 New Designator=R5
Change Component Designator: Old Designator=R11 New Designator=R26
Change Component Designator: Old Designator=R12 New Designator=R27
Change Component Designator: Old Designator=R13 New Designator=R30
Change Component Designator: Old Designator=R14 New Designator=R31
Change Component Designator: Old Designator=R45 New Designator=R6
Change Component Designator: Old Designator=R46 New Designator=R14
Change Component Designator: Old Designator=R47 New Designator=R7
Change Component Designator: Old Designator=R48 New Designator=R8
Change Component Designator: Old Designator=R49 New Designator=R9
Change Component Designator: Old Designator=R50 New Designator=R25
Change Component Designator: Old Designator=R51 New Designator=R29
Change Component Designator: Old Designator=R52 New Designator=R10
Change Component Designator: Old Designator=R53 New Designator=R24
Change Component Designator: Old Designator=R54 New Designator=R15
Change Component Designator: Old Designator=R55 New Designator=R1
Change Component Designator: Old Designator=R56 New Designator=R21
Change Component Designator: Old Designator=R57 New Designator=R16
Change Component Designator: Old Designator=R58 New Designator=R20
Change Component Designator: Old Designator=R59 New Designator=R22
Change Component Designator: Old Designator=R60 New Designator=R23
Change Component Designator: Old Designator=R61 New Designator=R4
Change Component Designator: Old Designator=VT1 New Designator=VT2
Change Component Designator: Old Designator=VT9 New Designator=VT1
Change Component Designator: Old Designator=X19 New Designator=X4
Change Component Designator: Old Designator=X20 New Designator=X1
Change Component Designator: Old Designator=X21 New Designator=X2
Change Component Designator: Old Designator=X22 New Designator=X5
Change Component Designator: Old Designator=X23 New Designator=X3
Change Component Designator: Old Designator=XS1 New Designator=XS2
Change Component Designator: Old Designator=XS2 New Designator=XS1
