Change Component Designator: Old Designator=C5 New Designator=C64
Change Component Designator: Old Designator=C6 New Designator=C67
Change Component Designator: Old Designator=C7 New Designator=C68
Change Component Designator: Old Designator=C8 New Designator=C69
Change Component Designator: Old Designator=C9 New Designator=C31
Change Component Designator: Old Designator=C10 New Designator=C33
Change Component Designator: Old Designator=C11 New Designator=C35
Change Component Designator: Old Designator=C12 New Designator=C37
Change Component Designator: Old Designator=C13 New Designator=C39
Change Component Designator: Old Designator=C14 New Designator=C41
Change Component Designator: Old Designator=C15 New Designator=C43
Change Component Designator: Old Designator=C16 New Designator=C45
Change Component Designator: Old Designator=C17 New Designator=C47
Change Component Designator: Old Designator=C18 New Designator=C49
Change Component Designator: Old Designator=C19 New Designator=C52
Change Component Designator: Old Designator=C20 New Designator=C54
Change Component Designator: Old Designator=C21 New Designator=C63
Change Component Designator: Old Designator=C22 New Designator=C66
Change Component Designator: Old Designator=C23 New Designator=C62
Change Component Designator: Old Designator=C24 New Designator=C65
Change Component Designator: Old Designator=C25 New Designator=C32
Change Component Designator: Old Designator=C26 New Designator=C34
Change Component Designator: Old Designator=C27 New Designator=C36
Change Component Designator: Old Designator=C28 New Designator=C38
Change Component Designator: Old Designator=C29 New Designator=C40
Change Component Designator: Old Designator=C30 New Designator=C42
Change Component Designator: Old Designator=C31 New Designator=C44
Change Component Designator: Old Designator=C32 New Designator=C46
Change Component Designator: Old Designator=C33 New Designator=C48
Change Component Designator: Old Designator=C34 New Designator=C50
Change Component Designator: Old Designator=C35 New Designator=C53
Change Component Designator: Old Designator=C36 New Designator=C55
Change Component Designator: Old Designator=C37 New Designator=C60
Change Component Designator: Old Designator=C38 New Designator=C61
Change Component Designator: Old Designator=C39 New Designator=C59
Change Component Designator: Old Designator=C40 New Designator=C51
Change Component Designator: Old Designator=C41 New Designator=C56
Change Component Designator: Old Designator=C42 New Designator=C57
Change Component Designator: Old Designator=C43 New Designator=C58
Change Component Designator: Old Designator=DD1 New Designator=DD8
Change Component Designator: Old Designator=L3 New Designator=L5
Change Component Designator: Old Designator=L5 New Designator=L3
Change Component Designator: Old Designator=L6 New Designator=L2
Change Component Designator: Old Designator=R15 New Designator=R36
Change Component Designator: Old Designator=R16 New Designator=R37
Change Component Designator: Old Designator=R17 New Designator=R35
Change Component Designator: Old Designator=R18 New Designator=R33
Change Component Designator: Old Designator=R19 New Designator=R34
Change Component Designator: Old Designator=R20 New Designator=R32
Change Component Designator: Old Designator=VT2 New Designator=VT4
Change Component Designator: Old Designator=X1 New Designator=X6
Change Component Designator: Old Designator=X2 New Designator=X8
Change Component Designator: Old Designator=X3 New Designator=X7
Change Component Designator: Old Designator=XS6 New Designator=XS4
Change Component Designator: Old Designator=XS7 New Designator=XS8
Change Component Designator: Old Designator=XS8 New Designator=XS6
Change Component Designator: Old Designator=XS9 New Designator=XS7
Change Component Designator: Old Designator=XS10 New Designator=XS3
Change Component Designator: Old Designator=XS11 New Designator=XS5
