Change Component Designator: Old Designator=C70 New Designator=C1
Change Component Designator: Old Designator=C71 New Designator=C2
Change Component Designator: Old Designator=C72 New Designator=C3
Change Component Designator: Old Designator=C73 New Designator=C4
Change Component Designator: Old Designator=C74 New Designator=C5
Change Component Designator: Old Designator=C75 New Designator=C6
Change Component Designator: Old Designator=C76 New Designator=C7
Change Component Designator: Old Designator=C77 New Designator=C8
Change Component Designator: Old Designator=C78 New Designator=C9
Change Component Designator: Old Designator=C79 New Designator=C10
Change Component Designator: Old Designator=C80 New Designator=C11
Change Component Designator: Old Designator=C81 New Designator=C12
Change Component Designator: Old Designator=C82 New Designator=C13
Change Component Designator: Old Designator=C83 New Designator=C14
Change Component Designator: Old Designator=C84 New Designator=C15
Change Component Designator: Old Designator=C85 New Designator=C16
Change Component Designator: Old Designator=C86 New Designator=C17
Change Component Designator: Old Designator=C87 New Designator=C18
Change Component Designator: Old Designator=C88 New Designator=C19
Change Component Designator: Old Designator=C89 New Designator=C20
Change Component Designator: Old Designator=C90 New Designator=C21
Change Component Designator: Old Designator=C91 New Designator=C22
Change Component Designator: Old Designator=C92 New Designator=C23
Change Component Designator: Old Designator=C93 New Designator=C24
Change Component Designator: Old Designator=C94 New Designator=C25
Change Component Designator: Old Designator=C95 New Designator=C26
Change Component Designator: Old Designator=C96 New Designator=C27
Change Component Designator: Old Designator=C97 New Designator=C28
Change Component Designator: Old Designator=C98 New Designator=C29
Change Component Designator: Old Designator=C99 New Designator=C30
Change Component Designator: Old Designator=C100 New Designator=C31
Change Component Designator: Old Designator=C101 New Designator=C32
Change Component Designator: Old Designator=C102 New Designator=C33
Change Component Designator: Old Designator=C103 New Designator=C34
Change Component Designator: Old Designator=C104 New Designator=C35
Change Component Designator: Old Designator=C105 New Designator=C36
Change Component Designator: Old Designator=C106 New Designator=C37
Change Component Designator: Old Designator=C107 New Designator=C38
Change Component Designator: Old Designator=C108 New Designator=C39
Change Component Designator: Old Designator=C109 New Designator=C40
Change Component Designator: Old Designator=C110 New Designator=C41
Change Component Designator: Old Designator=C111 New Designator=C42
Change Component Designator: Old Designator=C112 New Designator=C43
Change Component Designator: Old Designator=C113 New Designator=C44
Change Component Designator: Old Designator=C114 New Designator=C45
Change Component Designator: Old Designator=C115 New Designator=C46
Change Component Designator: Old Designator=C116 New Designator=C47
Change Component Designator: Old Designator=C117 New Designator=C48
Change Component Designator: Old Designator=C118 New Designator=C49
Change Component Designator: Old Designator=C119 New Designator=C50
Change Component Designator: Old Designator=C120 New Designator=C51
Change Component Designator: Old Designator=C121 New Designator=C52
Change Component Designator: Old Designator=C122 New Designator=C53
Change Component Designator: Old Designator=C123 New Designator=C54
Change Component Designator: Old Designator=C124 New Designator=C55
Change Component Designator: Old Designator=C125 New Designator=C56
Change Component Designator: Old Designator=C126 New Designator=C57
Change Component Designator: Old Designator=C127 New Designator=C58
Change Component Designator: Old Designator=C128 New Designator=C59
Change Component Designator: Old Designator=C129 New Designator=C60
Change Component Designator: Old Designator=C130 New Designator=C61
Change Component Designator: Old Designator=C131 New Designator=C62
Change Component Designator: Old Designator=C132 New Designator=C63
Change Component Designator: Old Designator=D5 New Designator=D1
Change Component Designator: Old Designator=D6 New Designator=D2
Change Component Designator: Old Designator=D7 New Designator=D3
Change Component Designator: Old Designator=D8 New Designator=D4
Change Component Designator: Old Designator=D9 New Designator=D5
Change Component Designator: Old Designator=D10 New Designator=D6
Change Component Designator: Old Designator=D11 New Designator=D7
Change Component Designator: Old Designator=D12 New Designator=D8
Change Component Designator: Old Designator=D13 New Designator=D9
Change Component Designator: Old Designator=D14 New Designator=D10
Change Component Designator: Old Designator=D15 New Designator=D11
Change Component Designator: Old Designator=D16 New Designator=D12
Change Component Designator: Old Designator=D17 New Designator=D13
Change Component Designator: Old Designator=D18 New Designator=D14
Change Component Designator: Old Designator=D19 New Designator=D15
Change Component Designator: Old Designator=D20 New Designator=D16
Change Component Designator: Old Designator=D21 New Designator=D17
Change Component Designator: Old Designator=D22 New Designator=D18
Change Component Designator: Old Designator=D23 New Designator=D19
Change Component Designator: Old Designator=D24 New Designator=D20
Change Component Designator: Old Designator=D25 New Designator=D21
Change Component Designator: Old Designator=D26 New Designator=D22
Change Component Designator: Old Designator=D27 New Designator=D23
Change Component Designator: Old Designator=D28 New Designator=D24
Change Component Designator: Old Designator=D29 New Designator=D25
Change Component Designator: Old Designator=D30 New Designator=D26
Change Component Designator: Old Designator=D31 New Designator=D27
Change Component Designator: Old Designator=D32 New Designator=D28
Change Component Designator: Old Designator=D33 New Designator=D29
Change Component Designator: Old Designator=D34 New Designator=D30
Change Component Designator: Old Designator=D35 New Designator=D31
Change Component Designator: Old Designator=D36 New Designator=D32
Change Component Designator: Old Designator=D37 New Designator=D33
Change Component Designator: Old Designator=D38 New Designator=D34
Change Component Designator: Old Designator=DD9 New Designator=DD1
Change Component Designator: Old Designator=LL? New Designator=LL1
Change Component Designator: Old Designator=LL? New Designator=LL2
Change Component Designator: Old Designator=LL? New Designator=LL3
Change Component Designator: Old Designator=LL? New Designator=LL4
Change Component Designator: Old Designator=LL? New Designator=LL5
Change Component Designator: Old Designator=LL? New Designator=LL6
Change Component Designator: Old Designator=LL? New Designator=LL7
Change Component Designator: Old Designator=LL? New Designator=LL8
Change Component Designator: Old Designator=LL? New Designator=LL9
Change Component Designator: Old Designator=LL? New Designator=LL10
Change Component Designator: Old Designator=LL? New Designator=LL11
Change Component Designator: Old Designator=LL? New Designator=LL12
Change Component Designator: Old Designator=LL? New Designator=LL13
Change Component Designator: Old Designator=LL? New Designator=LL14
Change Component Designator: Old Designator=LL? New Designator=LL15
Change Component Designator: Old Designator=LL? New Designator=LL16
Change Component Designator: Old Designator=LL? New Designator=LL17
Change Component Designator: Old Designator=LL? New Designator=LL18
Change Component Designator: Old Designator=R38 New Designator=R1
Change Component Designator: Old Designator=R39 New Designator=R2
Change Component Designator: Old Designator=R40 New Designator=R3
Change Component Designator: Old Designator=R41 New Designator=R4
Change Component Designator: Old Designator=R42 New Designator=R5
Change Component Designator: Old Designator=R43 New Designator=R6
Change Component Designator: Old Designator=R44 New Designator=R7
Change Component Designator: Old Designator=R45 New Designator=R8
Change Component Designator: Old Designator=R46 New Designator=R9
Change Component Designator: Old Designator=R47 New Designator=R10
Change Component Designator: Old Designator=R48 New Designator=R11
Change Component Designator: Old Designator=R49 New Designator=R12
Change Component Designator: Old Designator=R50 New Designator=R13
Change Component Designator: Old Designator=R51 New Designator=R14
Change Component Designator: Old Designator=R52 New Designator=R15
Change Component Designator: Old Designator=R53 New Designator=R16
Change Component Designator: Old Designator=R54 New Designator=R17
Change Component Designator: Old Designator=R55 New Designator=R18
Change Component Designator: Old Designator=R56 New Designator=R19
Change Component Designator: Old Designator=R57 New Designator=R20
Change Component Designator: Old Designator=R58 New Designator=R21
Change Component Designator: Old Designator=R59 New Designator=R22
Change Component Designator: Old Designator=R60 New Designator=R23
Change Component Designator: Old Designator=R61 New Designator=R24
Change Component Designator: Old Designator=R62 New Designator=R25
Change Component Designator: Old Designator=R63 New Designator=R26
Change Component Designator: Old Designator=R64 New Designator=R27
Change Component Designator: Old Designator=R65 New Designator=R28
Change Component Designator: Old Designator=R66 New Designator=R29
Change Component Designator: Old Designator=R67 New Designator=R30
Change Component Designator: Old Designator=R68 New Designator=R31
Change Component Designator: Old Designator=R69 New Designator=R32
Change Component Designator: Old Designator=R70 New Designator=R33
Change Component Designator: Old Designator=R71 New Designator=R34
Change Component Designator: Old Designator=R72 New Designator=R35
Change Component Designator: Old Designator=R73 New Designator=R36
Change Component Designator: Old Designator=R74 New Designator=R37
Change Component Designator: Old Designator=R75 New Designator=R38
Change Component Designator: Old Designator=R76 New Designator=R39
Change Component Designator: Old Designator=R77 New Designator=R40
Change Component Designator: Old Designator=R78 New Designator=R41
Change Component Designator: Old Designator=R79 New Designator=R42
Change Component Designator: Old Designator=R80 New Designator=R43
Change Component Designator: Old Designator=R81 New Designator=R44
Change Component Designator: Old Designator=R82 New Designator=R45
Change Component Designator: Old Designator=R83 New Designator=R46
Change Component Designator: Old Designator=R84 New Designator=R47
Change Component Designator: Old Designator=R85 New Designator=R48
Change Component Designator: Old Designator=R86 New Designator=R49
Change Component Designator: Old Designator=R87 New Designator=R50
Change Component Designator: Old Designator=R88 New Designator=R51
Change Component Designator: Old Designator=R89 New Designator=R52
Change Component Designator: Old Designator=R90 New Designator=R53
Change Component Designator: Old Designator=R91 New Designator=R54
Change Component Designator: Old Designator=R92 New Designator=R58
Change Component Designator: Old Designator=R93 New Designator=R59
Change Component Designator: Old Designator=R94 New Designator=R55
Change Component Designator: Old Designator=R95 New Designator=R56
Change Component Designator: Old Designator=R96 New Designator=R57
Change Component Designator: Old Designator=R97 New Designator=R60
Change Component Designator: Old Designator=VT5 New Designator=VT1
Change Component Designator: Old Designator=VT6 New Designator=VT2
Change Component Designator: Old Designator=VT7 New Designator=VT3
Change Component Designator: Old Designator=VT8 New Designator=VT4
Change Component Designator: Old Designator=XP2 New Designator=XP1
Change Component Designator: Old Designator=XP3 New Designator=XP2
Change Component Designator: Old Designator=XS9 New Designator=XS1
Change Component Designator: Old Designator=XS10 New Designator=XS2
Change Component Designator: Old Designator=XS11 New Designator=XS3
Change Component Designator: Old Designator=XS12 New Designator=XS4
Change Component Designator: Old Designator=XS13 New Designator=XS5
Change Component Designator: Old Designator=XS14 New Designator=XS6
Change Component Designator: Old Designator=XS15 New Designator=XS7
Change Component Designator: Old Designator=XS16 New Designator=XS8
Change Component Designator: Old Designator=XS17 New Designator=XS9
Change Component Designator: Old Designator=XS18 New Designator=XS10
Change Component Designator: Old Designator=XS19 New Designator=XS11
