Change Component Designator: Old Designator=C1 New Designator=C76
Change Component Designator: Old Designator=C3 New Designator=C83
Change Component Designator: Old Designator=C44 New Designator=C70
Change Component Designator: Old Designator=C45 New Designator=C71
Change Component Designator: Old Designator=C46 New Designator=C72
Change Component Designator: Old Designator=C47 New Designator=C74
Change Component Designator: Old Designator=C48 New Designator=C73
Change Component Designator: Old Designator=C49 New Designator=C75
Change Component Designator: Old Designator=C50 New Designator=C80
Change Component Designator: Old Designator=C51 New Designator=C81
Change Component Designator: Old Designator=C52 New Designator=C78
Change Component Designator: Old Designator=C53 New Designator=C79
Change Component Designator: Old Designator=C54 New Designator=C88
Change Component Designator: Old Designator=C55 New Designator=C89
Change Component Designator: Old Designator=C56 New Designator=C91
Change Component Designator: Old Designator=C57 New Designator=C95
Change Component Designator: Old Designator=C58 New Designator=C96
Change Component Designator: Old Designator=C59 New Designator=C97
Change Component Designator: Old Designator=C60 New Designator=C98
Change Component Designator: Old Designator=C61 New Designator=C99
Change Component Designator: Old Designator=C62 New Designator=C105
Change Component Designator: Old Designator=C63 New Designator=C106
Change Component Designator: Old Designator=C64 New Designator=C107
Change Component Designator: Old Designator=C65 New Designator=C108
Change Component Designator: Old Designator=C66 New Designator=C109
Change Component Designator: Old Designator=C68 New Designator=C86
Change Component Designator: Old Designator=C69 New Designator=C100
Change Component Designator: Old Designator=C70 New Designator=C101
Change Component Designator: Old Designator=C71 New Designator=C82
Change Component Designator: Old Designator=C72 New Designator=C84
Change Component Designator: Old Designator=C73 New Designator=C77
Change Component Designator: Old Designator=C74 New Designator=C124
Change Component Designator: Old Designator=C75 New Designator=C117
Change Component Designator: Old Designator=C76 New Designator=C103
Change Component Designator: Old Designator=C77 New Designator=C116
Change Component Designator: Old Designator=C78 New Designator=C93
Change Component Designator: Old Designator=C79 New Designator=C87
Change Component Designator: Old Designator=C80 New Designator=C90
Change Component Designator: Old Designator=C81 New Designator=C92
Change Component Designator: Old Designator=C82 New Designator=C94
Change Component Designator: Old Designator=C83 New Designator=C85
Change Component Designator: Old Designator=C84 New Designator=C104
Change Component Designator: Old Designator=C85 New Designator=C112
Change Component Designator: Old Designator=C86 New Designator=C115
Change Component Designator: Old Designator=C87 New Designator=C120
Change Component Designator: Old Designator=C88 New Designator=C102
Change Component Designator: Old Designator=C89 New Designator=C111
Change Component Designator: Old Designator=C90 New Designator=C113
Change Component Designator: Old Designator=C91 New Designator=C118
Change Component Designator: Old Designator=C93 New Designator=C110
Change Component Designator: Old Designator=C94 New Designator=C114
Change Component Designator: Old Designator=C95 New Designator=C119
Change Component Designator: Old Designator=C96 New Designator=C122
Change Component Designator: Old Designator=C97 New Designator=C121
Change Component Designator: Old Designator=C98 New Designator=C123
Change Component Designator: Old Designator=C99 New Designator=C125
Change Component Designator: Old Designator=C100 New Designator=C126
Change Component Designator: Old Designator=C101 New Designator=C127
Change Component Designator: Old Designator=C102 New Designator=C129
Change Component Designator: Old Designator=C103 New Designator=C128
Change Component Designator: Old Designator=C104 New Designator=C130
Change Component Designator: Old Designator=C105 New Designator=C131
Change Component Designator: Old Designator=C106 New Designator=C132
Change Component Designator: Old Designator=D1 New Designator=D33
Change Component Designator: Old Designator=D2 New Designator=D36
Change Component Designator: Old Designator=D3 New Designator=D37
Change Component Designator: Old Designator=D4 New Designator=D35
Change Component Designator: Old Designator=D5 New Designator=D15
Change Component Designator: Old Designator=D6 New Designator=D10
Change Component Designator: Old Designator=D7 New Designator=D5
Change Component Designator: Old Designator=D8 New Designator=D6
Change Component Designator: Old Designator=D9 New Designator=D11
Change Component Designator: Old Designator=D10 New Designator=D7
Change Component Designator: Old Designator=D11 New Designator=D8
Change Component Designator: Old Designator=D12 New Designator=D9
Change Component Designator: Old Designator=D13 New Designator=D12
Change Component Designator: Old Designator=D14 New Designator=D13
Change Component Designator: Old Designator=D15 New Designator=D16
Change Component Designator: Old Designator=D16 New Designator=D14
Change Component Designator: Old Designator=D17 New Designator=D18
Change Component Designator: Old Designator=D18 New Designator=D17
Change Component Designator: Old Designator=D23 New Designator=D25
Change Component Designator: Old Designator=D24 New Designator=D23
Change Component Designator: Old Designator=D25 New Designator=D24
Change Component Designator: Old Designator=D29 New Designator=D32
Change Component Designator: Old Designator=D30 New Designator=D34
Change Component Designator: Old Designator=D31 New Designator=D29
Change Component Designator: Old Designator=D32 New Designator=D30
Change Component Designator: Old Designator=D33 New Designator=D31
Change Component Designator: Old Designator=D34 New Designator=D38
Change Component Designator: Old Designator=DD2 New Designator=DD9
Change Component Designator: Old Designator=LL7 New Designator=LL8
Change Component Designator: Old Designator=LL8 New Designator=LL7
Change Component Designator: Old Designator=R5 New Designator=R47
Change Component Designator: Old Designator=R6 New Designator=R65
Change Component Designator: Old Designator=R7 New Designator=R58
Change Component Designator: Old Designator=R8 New Designator=R42
Change Component Designator: Old Designator=R9 New Designator=R41
Change Component Designator: Old Designator=R10 New Designator=R43
Change Component Designator: Old Designator=R11 New Designator=R75
Change Component Designator: Old Designator=R12 New Designator=R82
Change Component Designator: Old Designator=R13 New Designator=R84
Change Component Designator: Old Designator=R14 New Designator=R86
Change Component Designator: Old Designator=R21 New Designator=R38
Change Component Designator: Old Designator=R22 New Designator=R39
Change Component Designator: Old Designator=R23 New Designator=R40
Change Component Designator: Old Designator=R24 New Designator=R50
Change Component Designator: Old Designator=R25 New Designator=R51
Change Component Designator: Old Designator=R26 New Designator=R52
Change Component Designator: Old Designator=R27 New Designator=R53
Change Component Designator: Old Designator=R28 New Designator=R54
Change Component Designator: Old Designator=R29 New Designator=R55
Change Component Designator: Old Designator=R30 New Designator=R56
Change Component Designator: Old Designator=R31 New Designator=R57
Change Component Designator: Old Designator=R32 New Designator=R61
Change Component Designator: Old Designator=R33 New Designator=R62
Change Component Designator: Old Designator=R34 New Designator=R63
Change Component Designator: Old Designator=R35 New Designator=R66
Change Component Designator: Old Designator=R36 New Designator=R70
Change Component Designator: Old Designator=R37 New Designator=R72
Change Component Designator: Old Designator=R38 New Designator=R73
Change Component Designator: Old Designator=R39 New Designator=R76
Change Component Designator: Old Designator=R40 New Designator=R79
Change Component Designator: Old Designator=R41 New Designator=R80
Change Component Designator: Old Designator=R42 New Designator=R81
Change Component Designator: Old Designator=R43 New Designator=R77
Change Component Designator: Old Designator=R44 New Designator=R78
Change Component Designator: Old Designator=R45 New Designator=R44
Change Component Designator: Old Designator=R47 New Designator=R45
Change Component Designator: Old Designator=R48 New Designator=R46
Change Component Designator: Old Designator=R49 New Designator=R48
Change Component Designator: Old Designator=R50 New Designator=R74
Change Component Designator: Old Designator=R51 New Designator=R83
Change Component Designator: Old Designator=R52 New Designator=R49
Change Component Designator: Old Designator=R53 New Designator=R71
Change Component Designator: Old Designator=R54 New Designator=R60
Change Component Designator: Old Designator=R56 New Designator=R67
Change Component Designator: Old Designator=R57 New Designator=R59
Change Component Designator: Old Designator=R58 New Designator=R64
Change Component Designator: Old Designator=R59 New Designator=R68
Change Component Designator: Old Designator=R60 New Designator=R69
Change Component Designator: Old Designator=R62 New Designator=R85
Change Component Designator: Old Designator=R63 New Designator=R88
Change Component Designator: Old Designator=R64 New Designator=R87
Change Component Designator: Old Designator=R65 New Designator=R89
Change Component Designator: Old Designator=R66 New Designator=R90
Change Component Designator: Old Designator=R67 New Designator=R91
Change Component Designator: Old Designator=R68 New Designator=R92
Change Component Designator: Old Designator=R69 New Designator=R93
Change Component Designator: Old Designator=R70 New Designator=R94
Change Component Designator: Old Designator=R71 New Designator=R95
Change Component Designator: Old Designator=R72 New Designator=R96
Change Component Designator: Old Designator=R73 New Designator=R97
Change Component Designator: Old Designator=VD8 New Designator=VD9
Change Component Designator: Old Designator=VD9 New Designator=VD10
Change Component Designator: Old Designator=VD10 New Designator=VD11
Change Component Designator: Old Designator=VD11 New Designator=VD8
Change Component Designator: Old Designator=VD15 New Designator=VD16
Change Component Designator: Old Designator=VD16 New Designator=VD17
Change Component Designator: Old Designator=VD17 New Designator=VD15
Change Component Designator: Old Designator=VT1 New Designator=VT7
Change Component Designator: Old Designator=VT4 New Designator=VT5
Change Component Designator: Old Designator=VT5 New Designator=VT8
Change Component Designator: Old Designator=VT9 New Designator=VT6
Change Component Designator: Old Designator=XS0 New Designator=XS15
Change Component Designator: Old Designator=XS1 New Designator=XS17
Change Component Designator: Old Designator=XS3 New Designator=XS11
Change Component Designator: Old Designator=XS4 New Designator=XS10
Change Component Designator: Old Designator=XS5 New Designator=XS12
Change Component Designator: Old Designator=XS10 New Designator=XS16
Change Component Designator: Old Designator=XS12 New Designator=XS13
Change Component Designator: Old Designator=XS13 New Designator=XS14
Change Component Designator: Old Designator=XS14 New Designator=XS18
Change Component Designator: Old Designator=XS15 New Designator=XS19
Change Component Designator: Old Designator=XS16 New Designator=XS9
